#
# There is insufficient memory for the Java Runtime Environment to continue.
# Native memory allocation (malloc) failed to allocate 1044928 bytes. Error detail: Chunk::new
# Possible reasons:
#   The system is out of physical RAM or swap space
#   This process is running with CompressedOops enabled, and the Java Heap may be blocking the growth of the native heap
# Possible solutions:
#   Reduce memory load on the system
#   Increase physical memory or swap space
#   Check if swap backing store is full
#   Decrease Java heap size (-Xmx/-Xms)
#   Decrease number of Java threads
#   Decrease Java thread stack sizes (-Xss)
#   Set larger code cache with -XX:ReservedCodeCacheSize=
#   JVM is running with Unscaled Compressed Oops mode in which the Java heap is
#     placed in the first 4GB address space. The Java Heap base address is the
#     maximum limit for the native heap growth. Please use -XX:HeapBaseMinAddress
#     to set the Java Heap base and to place the Java Heap above 4GB virtual address.
# This output file may be truncated or incomplete.
#
#  Out of Memory Error (arena.cpp:168), pid=10296, tid=30016
#
# JRE version: OpenJDK Runtime Environment Temurin-21.0.8+9 (21.0.8+9) (build 21.0.8+9-LTS)
# Java VM: OpenJDK 64-Bit Server VM Temurin-21.0.8+9 (21.0.8+9-LTS, mixed mode, sharing, tiered, compressed oops, compressed class ptrs, parallel gc, windows-amd64)
# No core dump will be written. Minidumps are not enabled by default on client versions of Windows
#

---------------  S U M M A R Y ------------

Command Line: --add-modules=ALL-SYSTEM --add-opens=java.base/java.util=ALL-UNNAMED --add-opens=java.base/java.lang=ALL-UNNAMED --add-opens=java.base/sun.nio.fs=ALL-UNNAMED -Declipse.application=org.eclipse.jdt.ls.core.id1 -Dosgi.bundles.defaultStartLevel=4 -Declipse.product=org.eclipse.jdt.ls.core.product -Djava.import.generatesMetadataFilesAtProjectRoot=false -DDetectVMInstallationsJob.disabled=true -Dfile.encoding=utf8 -XX:+UseParallelGC -XX:GCTimeRatio=4 -XX:AdaptiveSizePolicyWeight=90 -Dsun.zip.disableMemoryMapping=true -Xmx2G -Xms100m -Xlog:disable -javaagent:c:\Users\fer\.vscode\extensions\redhat.java-1.44.0-win32-x64\lombok\lombok-1.18.39-4050.jar -XX:+HeapDumpOnOutOfMemoryError -XX:HeapDumpPath=c:\Users\fer\AppData\Roaming\Code\User\workspaceStorage\264fabb98e775877978eaacb758c2d45\redhat.java -Daether.dependencyCollector.impl=bf c:\Users\fer\.vscode\extensions\redhat.java-1.44.0-win32-x64\server\plugins\org.eclipse.equinox.launcher_1.7.0.v20250519-0528.jar -configuration c:\Users\fer\AppData\Roaming\Code\User\globalStorage\redhat.java\1.44.0\config_win -data c:\Users\fer\AppData\Roaming\Code\User\workspaceStorage\264fabb98e775877978eaacb758c2d45\redhat.java\jdt_ws --pipe=\\.\pipe\lsp-a8ded2694e9260bc83e6d2c2e833329b-sock

Host: AMD Ryzen 7 5700U with Radeon Graphics         , 16 cores, 15G,  Windows 11 , 64 bit Build 26100 (10.0.26100.4768)
Time: Mon Aug 25 03:33:45 2025 Hora oficial do Brasil elapsed time: 16.473082 seconds (0d 0h 0m 16s)

---------------  T H R E A D  ---------------

Current thread (0x000002240bb2fa30):  JavaThread "C2 CompilerThread0" daemon [_thread_in_native, id=30016, stack(0x00000040ba300000,0x00000040ba400000) (1024K)]


Current CompileTask:
C2:16473 5483       4       sun.security.ec.ECOperations::setDouble (463 bytes)

Stack: [0x00000040ba300000,0x00000040ba400000]
Native frames: (J=compiled Java code, j=interpreted, Vv=VM code, C=native code)
V  [jvm.dll+0x6d2449]
V  [jvm.dll+0x8ae341]
V  [jvm.dll+0x8b08be]
V  [jvm.dll+0x8b0fa3]
V  [jvm.dll+0x280c96]
V  [jvm.dll+0xc581d]
V  [jvm.dll+0xc5d53]
V  [jvm.dll+0x3b919c]
V  [jvm.dll+0x1e1409]
V  [jvm.dll+0x249022]
V  [jvm.dll+0x2484af]
V  [jvm.dll+0x1c89ee]
V  [jvm.dll+0x257d4d]
V  [jvm.dll+0x2562ea]
V  [jvm.dll+0x3f2d16]
V  [jvm.dll+0x857e6b]
V  [jvm.dll+0x6d0b0d]
C  [ucrtbase.dll+0x37b0]
C  [KERNEL32.DLL+0x2e8d7]
C  [ntdll.dll+0x3c34c]


---------------  P R O C E S S  ---------------

Threads class SMR info:
_java_thread_list=0x0000022418948950, length=57, elements={
0x00000223b2a5fd70, 0x000002240bb187a0, 0x00000223c94fd820, 0x000002240bb1d790,
0x000002240bb20560, 0x000002240bb1ef30, 0x000002240bb24a50, 0x000002240bb2fa30,
0x000002240bb389c0, 0x000002240bc2b0b0, 0x000002240bc6c880, 0x000002240d1e80c0,
0x0000022412313e70, 0x00000224122eaf60, 0x00000224120ef8c0, 0x0000022412224730,
0x00000224129728c0, 0x000002241281e630, 0x00000224122f7ce0, 0x00000224122faad0,
0x00000224122fa440, 0x000002241272b5d0, 0x00000224122f9720, 0x00000224122f9db0,
0x00000224122f8370, 0x00000224122f9090, 0x00000224122fb160, 0x00000224122f8a00,
0x000002241583c710, 0x000002241699b8e0, 0x000002241699b250, 0x000002241699abc0,
0x000002241699bf70, 0x000002241699c600, 0x000002241699cc90, 0x0000022416999810,
0x0000022416999ea0, 0x000002241699d320, 0x000002241699d9b0, 0x000002241699a530,
0x000002241699e6d0, 0x000002241699f3f0, 0x00000224169a07a0, 0x000002241699fa80,
0x000002241699ed60, 0x000002241699e040, 0x00000224169a0110, 0x0000022415785b60,
0x0000022413429c60, 0x00000224162ebaa0, 0x00000224134b19f0, 0x00000224169a0e30,
0x00000224161f00f0, 0x00000224161f0e10, 0x00000224174ed420, 0x00000224174e9da0,
0x00000224174ec680
}

Java Threads: ( => current thread )
  0x00000223b2a5fd70 JavaThread "main"                              [_thread_blocked, id=32376, stack(0x00000040b9900000,0x00000040b9a00000) (1024K)]
  0x000002240bb187a0 JavaThread "Reference Handler"          daemon [_thread_blocked, id=33148, stack(0x00000040b9d00000,0x00000040b9e00000) (1024K)]
  0x00000223c94fd820 JavaThread "Finalizer"                  daemon [_thread_blocked, id=30516, stack(0x00000040b9e00000,0x00000040b9f00000) (1024K)]
  0x000002240bb1d790 JavaThread "Signal Dispatcher"          daemon [_thread_blocked, id=32988, stack(0x00000040b9f00000,0x00000040ba000000) (1024K)]
  0x000002240bb20560 JavaThread "Attach Listener"            daemon [_thread_blocked, id=33188, stack(0x00000040ba000000,0x00000040ba100000) (1024K)]
  0x000002240bb1ef30 JavaThread "Service Thread"             daemon [_thread_blocked, id=6380, stack(0x00000040ba100000,0x00000040ba200000) (1024K)]
  0x000002240bb24a50 JavaThread "Monitor Deflation Thread"   daemon [_thread_blocked, id=32248, stack(0x00000040ba200000,0x00000040ba300000) (1024K)]
=>0x000002240bb2fa30 JavaThread "C2 CompilerThread0"         daemon [_thread_in_native, id=30016, stack(0x00000040ba300000,0x00000040ba400000) (1024K)]
  0x000002240bb389c0 JavaThread "C1 CompilerThread0"         daemon [_thread_blocked, id=27420, stack(0x00000040ba400000,0x00000040ba500000) (1024K)]
  0x000002240bc2b0b0 JavaThread "Common-Cleaner"             daemon [_thread_blocked, id=32200, stack(0x00000040ba500000,0x00000040ba600000) (1024K)]
  0x000002240bc6c880 JavaThread "C2 CompilerThread1"         daemon [_thread_in_native, id=30580, stack(0x00000040ba700000,0x00000040ba800000) (1024K)]
  0x000002240d1e80c0 JavaThread "Notification Thread"        daemon [_thread_blocked, id=32232, stack(0x00000040baa00000,0x00000040bab00000) (1024K)]
  0x0000022412313e70 JavaThread "Active Thread: Equinox Container: 6eaa9310-50a1-441f-b118-bb717f5ab711"        [_thread_blocked, id=31736, stack(0x00000040bb200000,0x00000040bb300000) (1024K)]
  0x00000224122eaf60 JavaThread "Refresh Thread: Equinox Container: 6eaa9310-50a1-441f-b118-bb717f5ab711" daemon [_thread_blocked, id=28604, stack(0x00000040bb400000,0x00000040bb500000) (1024K)]
  0x00000224120ef8c0 JavaThread "Framework Event Dispatcher: Equinox Container: 6eaa9310-50a1-441f-b118-bb717f5ab711" daemon [_thread_blocked, id=31772, stack(0x00000040bb500000,0x00000040bb600000) (1024K)]
  0x0000022412224730 JavaThread "Start Level: Equinox Container: 6eaa9310-50a1-441f-b118-bb717f5ab711" daemon [_thread_blocked, id=452, stack(0x00000040bb600000,0x00000040bb700000) (1024K)]
  0x00000224129728c0 JavaThread "Bundle File Closer"         daemon [_thread_blocked, id=10044, stack(0x00000040bba00000,0x00000040bbb00000) (1024K)]
  0x000002241281e630 JavaThread "SCR Component Actor"        daemon [_thread_blocked, id=10392, stack(0x00000040bb100000,0x00000040bb200000) (1024K)]
  0x00000224122f7ce0 JavaThread "Worker-JM"                         [_thread_blocked, id=10328, stack(0x00000040ba800000,0x00000040ba900000) (1024K)]
  0x00000224122faad0 JavaThread "Worker-0: Updating Maven Dependencies"        [_thread_blocked, id=3224, stack(0x00000040bbf00000,0x00000040bc000000) (1024K)]
  0x00000224122fa440 JavaThread "Worker-1: Repository registry initialization"        [_thread_in_vm, id=9528, stack(0x00000040bc000000,0x00000040bc100000) (1024K)]
  0x000002241272b5d0 JavaThread "C2 CompilerThread2"         daemon [_thread_in_native, id=31028, stack(0x00000040bc100000,0x00000040bc200000) (1024K)]
  0x00000224122f9720 JavaThread "Java indexing"              daemon [_thread_blocked, id=31504, stack(0x00000040bc200000,0x00000040bc300000) (1024K)]
  0x00000224122f9db0 JavaThread "Worker-2: Initialize After Load"        [_thread_blocked, id=25768, stack(0x00000040bc300000,0x00000040bc400000) (1024K)]
  0x00000224122f8370 JavaThread "Worker-3"                          [_thread_blocked, id=32888, stack(0x00000040bc400000,0x00000040bc500000) (1024K)]
  0x00000224122f9090 JavaThread "JNA Cleaner"                daemon [_thread_blocked, id=24432, stack(0x00000040bc500000,0x00000040bc600000) (1024K)]
  0x00000224122fb160 JavaThread "Worker-4"                          [_thread_blocked, id=32776, stack(0x00000040bc800000,0x00000040bc900000) (1024K)]
  0x00000224122f8a00 JavaThread "Worker-5"                          [_thread_blocked, id=9532, stack(0x00000040bc900000,0x00000040bca00000) (1024K)]
  0x000002241583c710 JavaThread "C2 CompilerThread3"         daemon [_thread_blocked, id=22308, stack(0x00000040bca00000,0x00000040bcb00000) (1024K)]
  0x000002241699b8e0 JavaThread "Thread-2"                   daemon [_thread_in_native, id=10304, stack(0x00000040bcb00000,0x00000040bcc00000) (1024K)]
  0x000002241699b250 JavaThread "Thread-3"                   daemon [_thread_in_native, id=20892, stack(0x00000040bcc00000,0x00000040bcd00000) (1024K)]
  0x000002241699abc0 JavaThread "Thread-4"                   daemon [_thread_in_native, id=10264, stack(0x00000040bcd00000,0x00000040bce00000) (1024K)]
  0x000002241699bf70 JavaThread "Thread-5"                   daemon [_thread_in_native, id=33364, stack(0x00000040bce00000,0x00000040bcf00000) (1024K)]
  0x000002241699c600 JavaThread "Thread-6"                   daemon [_thread_in_native, id=27500, stack(0x00000040bcf00000,0x00000040bd000000) (1024K)]
  0x000002241699cc90 JavaThread "Thread-7"                   daemon [_thread_in_native, id=33480, stack(0x00000040bd000000,0x00000040bd100000) (1024K)]
  0x0000022416999810 JavaThread "Thread-8"                   daemon [_thread_in_native, id=22076, stack(0x00000040bd100000,0x00000040bd200000) (1024K)]
  0x0000022416999ea0 JavaThread "Thread-9"                   daemon [_thread_in_native, id=30332, stack(0x00000040bd200000,0x00000040bd300000) (1024K)]
  0x000002241699d320 JavaThread "Thread-10"                  daemon [_thread_in_native, id=33080, stack(0x00000040bd300000,0x00000040bd400000) (1024K)]
  0x000002241699d9b0 JavaThread "Thread-11"                  daemon [_thread_in_native, id=25476, stack(0x00000040bd400000,0x00000040bd500000) (1024K)]
  0x000002241699a530 JavaThread "Thread-12"                  daemon [_thread_in_native, id=32884, stack(0x00000040bd500000,0x00000040bd600000) (1024K)]
  0x000002241699e6d0 JavaThread "Thread-13"                  daemon [_thread_in_native, id=9680, stack(0x00000040bd600000,0x00000040bd700000) (1024K)]
  0x000002241699f3f0 JavaThread "Thread-14"                  daemon [_thread_in_native, id=33620, stack(0x00000040bd700000,0x00000040bd800000) (1024K)]
  0x00000224169a07a0 JavaThread "Thread-15"                  daemon [_thread_in_native, id=33524, stack(0x00000040bd800000,0x00000040bd900000) (1024K)]
  0x000002241699fa80 JavaThread "Thread-16"                  daemon [_thread_in_native, id=15964, stack(0x00000040bd900000,0x00000040bda00000) (1024K)]
  0x000002241699ed60 JavaThread "Thread-17"                  daemon [_thread_in_native, id=28564, stack(0x00000040bda00000,0x00000040bdb00000) (1024K)]
  0x000002241699e040 JavaThread "Thread-18"                  daemon [_thread_in_native, id=32784, stack(0x00000040bdb00000,0x00000040bdc00000) (1024K)]
  0x00000224169a0110 JavaThread "pool-2-thread-1"                   [_thread_blocked, id=33308, stack(0x00000040bdc00000,0x00000040bdd00000) (1024K)]
  0x0000022415785b60 JavaThread "C2 CompilerThread4"         daemon [_thread_blocked, id=32976, stack(0x00000040bdd00000,0x00000040bde00000) (1024K)]
  0x0000022413429c60 JavaThread "C2 CompilerThread5"         daemon [_thread_in_native, id=2440, stack(0x00000040bde00000,0x00000040bdf00000) (1024K)]
  0x00000224162ebaa0 JavaThread "C2 CompilerThread6"         daemon [_thread_blocked, id=21104, stack(0x00000040bdf00000,0x00000040be000000) (1024K)]
  0x00000224134b19f0 JavaThread "C2 CompilerThread7"         daemon [_thread_in_native, id=33788, stack(0x00000040be000000,0x00000040be100000) (1024K)]
  0x00000224169a0e30 JavaThread "WorkspaceEventsHandler"            [_thread_blocked, id=22548, stack(0x00000040be200000,0x00000040be300000) (1024K)]
  0x00000224161f00f0 JavaThread "pool-1-thread-1"                   [_thread_blocked, id=19204, stack(0x00000040be300000,0x00000040be400000) (1024K)]
  0x00000224161f0e10 JavaThread "Keep-Alive-Timer"           daemon [_thread_blocked, id=11208, stack(0x00000040be400000,0x00000040be500000) (1024K)]
  0x00000224174ed420 JavaThread "C1 CompilerThread1"         daemon [_thread_blocked, id=9676, stack(0x00000040ba600000,0x00000040ba700000) (1024K)]
  0x00000224174e9da0 JavaThread "C1 CompilerThread2"         daemon [_thread_blocked, id=13928, stack(0x00000040bbb00000,0x00000040bbc00000) (1024K)]
  0x00000224174ec680 JavaThread "C1 CompilerThread3"         daemon [_thread_blocked, id=15528, stack(0x00000040bbc00000,0x00000040bbd00000) (1024K)]
Total: 57

Other Threads:
  0x000002240bb12af0 VMThread "VM Thread"                           [id=21164, stack(0x00000040b9c00000,0x00000040b9d00000) (1024K)]
  0x00000223c93dba00 WatcherThread "VM Periodic Task Thread"        [id=8460, stack(0x00000040b9b00000,0x00000040b9c00000) (1024K)]
  0x00000223b2a7e6a0 WorkerThread "GC Thread#0"                     [id=33008, stack(0x00000040b9a00000,0x00000040b9b00000) (1024K)]
  0x000002240d8befc0 WorkerThread "GC Thread#1"                     [id=29932, stack(0x00000040ba900000,0x00000040baa00000) (1024K)]
  0x000002240d97fee0 WorkerThread "GC Thread#2"                     [id=26760, stack(0x00000040bac00000,0x00000040bad00000) (1024K)]
  0x000002240d91afa0 WorkerThread "GC Thread#3"                     [id=13944, stack(0x00000040bad00000,0x00000040bae00000) (1024K)]
  0x000002240d91b340 WorkerThread "GC Thread#4"                     [id=31696, stack(0x00000040bae00000,0x00000040baf00000) (1024K)]
  0x000002240d91b6e0 WorkerThread "GC Thread#5"                     [id=16156, stack(0x00000040baf00000,0x00000040bb000000) (1024K)]
  0x000002240d81e9a0 WorkerThread "GC Thread#6"                     [id=23744, stack(0x00000040bb000000,0x00000040bb100000) (1024K)]
  0x000002240d78da60 WorkerThread "GC Thread#7"                     [id=32916, stack(0x00000040bb300000,0x00000040bb400000) (1024K)]
  0x0000022412163400 WorkerThread "GC Thread#8"                     [id=14600, stack(0x00000040bb700000,0x00000040bb800000) (1024K)]
  0x0000022412164620 WorkerThread "GC Thread#9"                     [id=9780, stack(0x00000040bb800000,0x00000040bb900000) (1024K)]
  0x00000224121649c0 WorkerThread "GC Thread#10"                    [id=26036, stack(0x00000040bb900000,0x00000040bba00000) (1024K)]
  0x0000022412164280 WorkerThread "GC Thread#11"                    [id=6860, stack(0x00000040bab00000,0x00000040bac00000) (1024K)]
  0x0000022412163ee0 WorkerThread "GC Thread#12"                    [id=22236, stack(0x00000040bbe00000,0x00000040bbf00000) (1024K)]
Total: 15

Threads with active compile tasks:
C2 CompilerThread0  16523 5483       4       sun.security.ec.ECOperations::setDouble (463 bytes)
C2 CompilerThread1  16523 5931       4       com.google.gson.stream.JsonReader::nextString (167 bytes)
C2 CompilerThread2  16524 5977       4       java.util.regex.Pattern::atom (422 bytes)
C2 CompilerThread5  16524 5495   !   4       org.eclipse.osgi.internal.loader.classpath.ClasspathManager::defineClass (636 bytes)
C2 CompilerThread7  16524 5893   !   4       org.eclipse.osgi.internal.loader.BundleLoader::findClass0 (491 bytes)
Total: 5

VM state: not at safepoint (normal execution)

VM Mutex/Monitor currently owned by a thread: None

Heap address: 0x0000000080000000, size: 2048 MB, Compressed Oops mode: 32-bit

CDS archive(s) mapped at: [0x00000223ca000000-0x00000223caba0000-0x00000223caba0000), size 12189696, SharedBaseAddress: 0x00000223ca000000, ArchiveRelocationMode: 1.
Compressed class space mapped at: 0x00000223cb000000-0x000002240b000000, reserved size: 1073741824
Narrow klass base: 0x00000223ca000000, Narrow klass shift: 0, Narrow klass range: 0x100000000

GC Precious Log:
 CardTable entry size: 512
 CPUs: 16 total, 16 available
 Memory: 15722M
 Large Page Support: Disabled
 NUMA Support: Disabled
 Compressed Oops: Enabled (32-bit)
 Alignments: Space 512K, Generation 512K, Heap 2M
 Heap Min Capacity: 100M
 Heap Initial Capacity: 100M
 Heap Max Capacity: 2G
 Pre-touch: Disabled
 Parallel Workers: 13

Heap:
 PSYoungGen      total 23552K, used 13964K [0x00000000d5580000, 0x00000000d6f80000, 0x0000000100000000)
  eden space 22016K, 58% used [0x00000000d5580000,0x00000000d61ff070,0x00000000d6b00000)
  from space 1536K, 76% used [0x00000000d6d80000,0x00000000d6ea4150,0x00000000d6f00000)
  to   space 512K, 0% used [0x00000000d6f00000,0x00000000d6f00000,0x00000000d6f80000)
 ParOldGen       total 68608K, used 20356K [0x0000000080000000, 0x0000000084300000, 0x00000000d5580000)
  object space 68608K, 29% used [0x0000000080000000,0x00000000813e1120,0x0000000084300000)
 Metaspace       used 43390K, committed 44480K, reserved 1114112K
  class space    used 4675K, committed 5120K, reserved 1048576K

Card table byte_map: [0x00000223b2410000,0x00000223b2820000] _byte_map_base: 0x00000223b2010000

Marking Bits: (ParMarkBitMap*) 0x00007ffaa258a340
 Begin Bits: [0x00000223c4f00000, 0x00000223c6f00000)
 End Bits:   [0x00000223c6f00000, 0x00000223c8f00000)

Polling page: 0x00000223b08a0000

Metaspace:

Usage:
  Non-class:     37.81 MB used.
      Class:      4.57 MB used.
       Both:     42.37 MB used.

Virtual space:
  Non-class space:       64.00 MB reserved,      38.44 MB ( 60%) committed,  1 nodes.
      Class space:        1.00 GB reserved,       5.00 MB ( <1%) committed,  1 nodes.
             Both:        1.06 GB reserved,      43.44 MB (  4%) committed. 

Chunk freelists:
   Non-Class:  8.92 MB
       Class:  10.86 MB
        Both:  19.78 MB

MaxMetaspaceSize: unlimited
CompressedClassSpaceSize: 1.00 GB
Initial GC threshold: 21.00 MB
Current GC threshold: 58.38 MB
CDS: on
 - commit_granule_bytes: 65536.
 - commit_granule_words: 8192.
 - virtual_space_node_default_size: 8388608.
 - enlarge_chunks_in_place: 1.
 - use_allocation_guard: 0.


Internal statistics:

num_allocs_failed_limit: 6.
num_arena_births: 738.
num_arena_deaths: 26.
num_vsnodes_births: 2.
num_vsnodes_deaths: 0.
num_space_committed: 695.
num_space_uncommitted: 0.
num_chunks_returned_to_freelist: 37.
num_chunks_taken_from_freelist: 2444.
num_chunk_merges: 6.
num_chunk_splits: 1497.
num_chunks_enlarged: 878.
num_inconsistent_stats: 0.

CodeHeap 'non-profiled nmethods': size=119168Kb used=2843Kb max_used=2843Kb free=116324Kb
 bounds [0x00000223bd7f0000, 0x00000223bdac0000, 0x00000223c4c50000]
CodeHeap 'profiled nmethods': size=119104Kb used=11508Kb max_used=11508Kb free=107595Kb
 bounds [0x00000223b5c50000, 0x00000223b6790000, 0x00000223bd0a0000]
CodeHeap 'non-nmethods': size=7488Kb used=3084Kb max_used=3171Kb free=4403Kb
 bounds [0x00000223bd0a0000, 0x00000223bd410000, 0x00000223bd7f0000]
CodeCache: size=245760Kb, used=17435Kb, max_used=17522Kb, free=228322Kb
 total_blobs=6081, nmethods=5385, adapters=599, full_count=0
Compilation: enabled, stopped_count=0, restarted_count=0

Compilation events (20 events):
Event: 12.430 Thread 0x000002241272b5d0 nmethod 5943 0x00000223bdaab810 code [0x00000223bdaab9a0, 0x00000223bdaabaa0]
Event: 12.432 Thread 0x00000224162ebaa0 nmethod 5930 0x00000223bdaabb90 code [0x00000223bdaabe80, 0x00000223bdaad300]
Event: 12.432 Thread 0x0000022415785b60 nmethod 5928 0x00000223bdaae010 code [0x00000223bdaae300, 0x00000223bdaaf7b8]
Event: 12.432 Thread 0x000002241583c710 nmethod 5927 0x00000223bdab0510 code [0x00000223bdab0820, 0x00000223bdab1d48]
Event: 12.434 Thread 0x00000224162ebaa0 5948       4       java.util.RegularEnumSet::contains (57 bytes)
Event: 12.435 Thread 0x00000224162ebaa0 nmethod 5948 0x00000223bdab2b10 code [0x00000223bdab2ca0, 0x00000223bdab2dc0]
Event: 12.435 Thread 0x000002240bdc8b00 5949       3       com.google.inject.internal.ProviderInstanceBindingImpl::<init> (23 bytes)
Event: 12.436 Thread 0x000002240bdc8b00 nmethod 5949 0x00000223b677b090 code [0x00000223b677b240, 0x00000223b677b4d8]
Event: 12.436 Thread 0x000002240bc3e7d0 5950       3       java.util.TimSort::reverseRange (32 bytes)
Event: 12.437 Thread 0x000002240bc3e7d0 nmethod 5950 0x00000223b677b610 code [0x00000223b677b7e0, 0x00000223b677bc48]
Event: 12.442 Thread 0x000002241583c710 5951       4       java.util.LinkedHashMap::afterNodeInsertion (40 bytes)
Event: 12.442 Thread 0x000002240bc3e7d0 5953       1       com.google.inject.internal.KotlinSupport$KotlinUnsupported::isNullable (2 bytes)
Event: 12.443 Thread 0x000002240bc3e7d0 nmethod 5953 0x00000223bdab3290 code [0x00000223bdab3420, 0x00000223bdab34e8]
Event: 12.443 Thread 0x000002241583c710 nmethod 5951 0x00000223bdab3590 code [0x00000223bdab3720, 0x00000223bdab37c8]
Event: 12.611 Thread 0x000002241272b5d0 5954       4       org.eclipse.core.internal.jobs.InternalJob::getState (60 bytes)
Event: 12.910 Thread 0x000002241583c710 5955   !   4       java.util.regex.Pattern::closure (276 bytes)
Event: 13.059 Thread 0x0000022415785b60 5956       4       java.util.regex.Pattern$Slice::match (79 bytes)
Event: 13.115 Thread 0x000002240bb389c0 5957   !   3       org.eclipse.core.internal.jobs.JobManager::withWriteLock (70 bytes)
Event: 13.445 Thread 0x00000224162ebaa0 5960   !   4       jdk.internal.ref.PhantomCleanable::remove (60 bytes)
Event: 13.447 Thread 0x000002240bb389c0 nmethod 5957 0x00000223b677be10 code [0x00000223b677c020, 0x00000223b677c638]

GC Heap History (20 events):
Event: 9.188 GC heap before
{Heap before GC invocations=10 (full 1):
 PSYoungGen      total 27136K, used 23040K [0x00000000d5580000, 0x00000000d7b00000, 0x0000000100000000)
  eden space 23040K, 100% used [0x00000000d5580000,0x00000000d6c00000,0x00000000d6c00000)
  from space 4096K, 0% used [0x00000000d7300000,0x00000000d7300000,0x00000000d7700000)
  to   space 7168K, 0% used [0x00000000d6c00000,0x00000000d6c00000,0x00000000d7300000)
 ParOldGen       total 68608K, used 14570K [0x0000000080000000, 0x0000000084300000, 0x00000000d5580000)
  object space 68608K, 21% used [0x0000000080000000,0x0000000080e3aae8,0x0000000084300000)
 Metaspace       used 23761K, committed 24448K, reserved 1114112K
  class space    used 2334K, committed 2624K, reserved 1048576K
}
Event: 9.189 GC heap after
{Heap after GC invocations=10 (full 1):
 PSYoungGen      total 23552K, used 788K [0x00000000d5580000, 0x00000000d7380000, 0x0000000100000000)
  eden space 22528K, 0% used [0x00000000d5580000,0x00000000d5580000,0x00000000d6b80000)
  from space 1024K, 77% used [0x00000000d6c00000,0x00000000d6cc5238,0x00000000d6d00000)
  to   space 3072K, 0% used [0x00000000d7080000,0x00000000d7080000,0x00000000d7380000)
 ParOldGen       total 68608K, used 14570K [0x0000000080000000, 0x0000000084300000, 0x00000000d5580000)
  object space 68608K, 21% used [0x0000000080000000,0x0000000080e3aae8,0x0000000084300000)
 Metaspace       used 23761K, committed 24448K, reserved 1114112K
  class space    used 2334K, committed 2624K, reserved 1048576K
}
Event: 9.300 GC heap before
{Heap before GC invocations=11 (full 1):
 PSYoungGen      total 23552K, used 23313K [0x00000000d5580000, 0x00000000d7380000, 0x0000000100000000)
  eden space 22528K, 99% used [0x00000000d5580000,0x00000000d6b7f4f8,0x00000000d6b80000)
  from space 1024K, 77% used [0x00000000d6c00000,0x00000000d6cc5238,0x00000000d6d00000)
  to   space 3072K, 0% used [0x00000000d7080000,0x00000000d7080000,0x00000000d7380000)
 ParOldGen       total 68608K, used 14570K [0x0000000080000000, 0x0000000084300000, 0x00000000d5580000)
  object space 68608K, 21% used [0x0000000080000000,0x0000000080e3aae8,0x0000000084300000)
 Metaspace       used 25276K, committed 25984K, reserved 1114112K
  class space    used 2443K, committed 2752K, reserved 1048576K
}
Event: 9.302 GC heap after
{Heap after GC invocations=11 (full 1):
 PSYoungGen      total 24576K, used 2184K [0x00000000d5580000, 0x00000000d7300000, 0x0000000100000000)
  eden space 22016K, 0% used [0x00000000d5580000,0x00000000d5580000,0x00000000d6b00000)
  from space 2560K, 85% used [0x00000000d7080000,0x00000000d72a22b0,0x00000000d7300000)
  to   space 2560K, 0% used [0x00000000d6e00000,0x00000000d6e00000,0x00000000d7080000)
 ParOldGen       total 68608K, used 14578K [0x0000000080000000, 0x0000000084300000, 0x00000000d5580000)
  object space 68608K, 21% used [0x0000000080000000,0x0000000080e3cae8,0x0000000084300000)
 Metaspace       used 25276K, committed 25984K, reserved 1114112K
  class space    used 2443K, committed 2752K, reserved 1048576K
}
Event: 9.930 GC heap before
{Heap before GC invocations=12 (full 1):
 PSYoungGen      total 24576K, used 24200K [0x00000000d5580000, 0x00000000d7300000, 0x0000000100000000)
  eden space 22016K, 100% used [0x00000000d5580000,0x00000000d6b00000,0x00000000d6b00000)
  from space 2560K, 85% used [0x00000000d7080000,0x00000000d72a22b0,0x00000000d7300000)
  to   space 2560K, 0% used [0x00000000d6e00000,0x00000000d6e00000,0x00000000d7080000)
 ParOldGen       total 68608K, used 14578K [0x0000000080000000, 0x0000000084300000, 0x00000000d5580000)
  object space 68608K, 21% used [0x0000000080000000,0x0000000080e3cae8,0x0000000084300000)
 Metaspace       used 28579K, committed 29440K, reserved 1114112K
  class space    used 2777K, committed 3136K, reserved 1048576K
}
Event: 9.936 GC heap after
{Heap after GC invocations=12 (full 1):
 PSYoungGen      total 24064K, used 1760K [0x00000000d5580000, 0x00000000d7100000, 0x0000000100000000)
  eden space 22016K, 0% used [0x00000000d5580000,0x00000000d5580000,0x00000000d6b00000)
  from space 2048K, 85% used [0x00000000d6e00000,0x00000000d6fb8188,0x00000000d7000000)
  to   space 1024K, 0% used [0x00000000d7000000,0x00000000d7000000,0x00000000d7100000)
 ParOldGen       total 68608K, used 16601K [0x0000000080000000, 0x0000000084300000, 0x00000000d5580000)
  object space 68608K, 24% used [0x0000000080000000,0x00000000810365e0,0x0000000084300000)
 Metaspace       used 28579K, committed 29440K, reserved 1114112K
  class space    used 2777K, committed 3136K, reserved 1048576K
}
Event: 10.480 GC heap before
{Heap before GC invocations=13 (full 1):
 PSYoungGen      total 24064K, used 23776K [0x00000000d5580000, 0x00000000d7100000, 0x0000000100000000)
  eden space 22016K, 100% used [0x00000000d5580000,0x00000000d6b00000,0x00000000d6b00000)
  from space 2048K, 85% used [0x00000000d6e00000,0x00000000d6fb8188,0x00000000d7000000)
  to   space 1024K, 0% used [0x00000000d7000000,0x00000000d7000000,0x00000000d7100000)
 ParOldGen       total 68608K, used 16601K [0x0000000080000000, 0x0000000084300000, 0x00000000d5580000)
  object space 68608K, 24% used [0x0000000080000000,0x00000000810365e0,0x0000000084300000)
 Metaspace       used 31673K, committed 32704K, reserved 1114112K
  class space    used 3182K, committed 3584K, reserved 1048576K
}
Event: 10.490 GC heap after
{Heap after GC invocations=13 (full 1):
 PSYoungGen      total 23040K, used 1009K [0x00000000d5580000, 0x00000000d7100000, 0x0000000100000000)
  eden space 22016K, 0% used [0x00000000d5580000,0x00000000d5580000,0x00000000d6b00000)
  from space 1024K, 98% used [0x00000000d7000000,0x00000000d70fc6e8,0x00000000d7100000)
  to   space 3072K, 0% used [0x00000000d6b00000,0x00000000d6b00000,0x00000000d6e00000)
 ParOldGen       total 68608K, used 18462K [0x0000000080000000, 0x0000000084300000, 0x00000000d5580000)
  object space 68608K, 26% used [0x0000000080000000,0x0000000081207ac0,0x0000000084300000)
 Metaspace       used 31673K, committed 32704K, reserved 1114112K
  class space    used 3182K, committed 3584K, reserved 1048576K
}
Event: 10.773 GC heap before
{Heap before GC invocations=14 (full 1):
 PSYoungGen      total 23040K, used 23025K [0x00000000d5580000, 0x00000000d7100000, 0x0000000100000000)
  eden space 22016K, 100% used [0x00000000d5580000,0x00000000d6b00000,0x00000000d6b00000)
  from space 1024K, 98% used [0x00000000d7000000,0x00000000d70fc6e8,0x00000000d7100000)
  to   space 3072K, 0% used [0x00000000d6b00000,0x00000000d6b00000,0x00000000d6e00000)
 ParOldGen       total 68608K, used 18462K [0x0000000080000000, 0x0000000084300000, 0x00000000d5580000)
  object space 68608K, 26% used [0x0000000080000000,0x0000000081207ac0,0x0000000084300000)
 Metaspace       used 34271K, committed 35392K, reserved 1114112K
  class space    used 3493K, committed 3968K, reserved 1048576K
}
Event: 10.776 GC heap after
{Heap after GC invocations=14 (full 1):
 PSYoungGen      total 25088K, used 3040K [0x00000000d5580000, 0x00000000d7500000, 0x0000000100000000)
  eden space 22016K, 0% used [0x00000000d5580000,0x00000000d5580000,0x00000000d6b00000)
  from space 3072K, 98% used [0x00000000d6b00000,0x00000000d6df8310,0x00000000d6e00000)
  to   space 5120K, 0% used [0x00000000d7000000,0x00000000d7000000,0x00000000d7500000)
 ParOldGen       total 68608K, used 20146K [0x0000000080000000, 0x0000000084300000, 0x00000000d5580000)
  object space 68608K, 29% used [0x0000000080000000,0x00000000813acba0,0x0000000084300000)
 Metaspace       used 34271K, committed 35392K, reserved 1114112K
  class space    used 3493K, committed 3968K, reserved 1048576K
}
Event: 10.864 GC heap before
{Heap before GC invocations=15 (full 1):
 PSYoungGen      total 25088K, used 8762K [0x00000000d5580000, 0x00000000d7500000, 0x0000000100000000)
  eden space 22016K, 25% used [0x00000000d5580000,0x00000000d5b16620,0x00000000d6b00000)
  from space 3072K, 98% used [0x00000000d6b00000,0x00000000d6df8310,0x00000000d6e00000)
  to   space 5120K, 0% used [0x00000000d7000000,0x00000000d7000000,0x00000000d7500000)
 ParOldGen       total 68608K, used 20146K [0x0000000080000000, 0x0000000084300000, 0x00000000d5580000)
  object space 68608K, 29% used [0x0000000080000000,0x00000000813acba0,0x0000000084300000)
 Metaspace       used 34781K, committed 35840K, reserved 1114112K
  class space    used 3561K, committed 4032K, reserved 1048576K
}
Event: 10.873 GC heap after
{Heap after GC invocations=15 (full 1):
 PSYoungGen      total 23040K, used 800K [0x00000000d5580000, 0x00000000d7100000, 0x0000000100000000)
  eden space 22016K, 0% used [0x00000000d5580000,0x00000000d5580000,0x00000000d6b00000)
  from space 1024K, 78% used [0x00000000d7000000,0x00000000d70c8020,0x00000000d7100000)
  to   space 2560K, 0% used [0x00000000d6c00000,0x00000000d6c00000,0x00000000d6e80000)
 ParOldGen       total 68608K, used 21622K [0x0000000080000000, 0x0000000084300000, 0x00000000d5580000)
  object space 68608K, 31% used [0x0000000080000000,0x000000008151dbc0,0x0000000084300000)
 Metaspace       used 34781K, committed 35840K, reserved 1114112K
  class space    used 3561K, committed 4032K, reserved 1048576K
}
Event: 10.873 GC heap before
{Heap before GC invocations=16 (full 2):
 PSYoungGen      total 23040K, used 800K [0x00000000d5580000, 0x00000000d7100000, 0x0000000100000000)
  eden space 22016K, 0% used [0x00000000d5580000,0x00000000d5580000,0x00000000d6b00000)
  from space 1024K, 78% used [0x00000000d7000000,0x00000000d70c8020,0x00000000d7100000)
  to   space 2560K, 0% used [0x00000000d6c00000,0x00000000d6c00000,0x00000000d6e80000)
 ParOldGen       total 68608K, used 21622K [0x0000000080000000, 0x0000000084300000, 0x00000000d5580000)
  object space 68608K, 31% used [0x0000000080000000,0x000000008151dbc0,0x0000000084300000)
 Metaspace       used 34781K, committed 35840K, reserved 1114112K
  class space    used 3561K, committed 4032K, reserved 1048576K
}
Event: 10.939 GC heap after
{Heap after GC invocations=16 (full 2):
 PSYoungGen      total 23040K, used 0K [0x00000000d5580000, 0x00000000d7100000, 0x0000000100000000)
  eden space 22016K, 0% used [0x00000000d5580000,0x00000000d5580000,0x00000000d6b00000)
  from space 1024K, 0% used [0x00000000d7000000,0x00000000d7000000,0x00000000d7100000)
  to   space 2560K, 0% used [0x00000000d6c00000,0x00000000d6c00000,0x00000000d6e80000)
 ParOldGen       total 68608K, used 18885K [0x0000000080000000, 0x0000000084300000, 0x00000000d5580000)
  object space 68608K, 27% used [0x0000000080000000,0x00000000812715c8,0x0000000084300000)
 Metaspace       used 34771K, committed 35840K, reserved 1114112K
  class space    used 3558K, committed 4032K, reserved 1048576K
}
Event: 11.360 GC heap before
{Heap before GC invocations=17 (full 2):
 PSYoungGen      total 23040K, used 22016K [0x00000000d5580000, 0x00000000d7100000, 0x0000000100000000)
  eden space 22016K, 100% used [0x00000000d5580000,0x00000000d6b00000,0x00000000d6b00000)
  from space 1024K, 0% used [0x00000000d7000000,0x00000000d7000000,0x00000000d7100000)
  to   space 2560K, 0% used [0x00000000d6c00000,0x00000000d6c00000,0x00000000d6e80000)
 ParOldGen       total 68608K, used 18885K [0x0000000080000000, 0x0000000084300000, 0x00000000d5580000)
  object space 68608K, 27% used [0x0000000080000000,0x00000000812715c8,0x0000000084300000)
 Metaspace       used 37245K, committed 38272K, reserved 1114112K
  class space    used 3868K, committed 4288K, reserved 1048576K
}
Event: 11.362 GC heap after
{Heap after GC invocations=17 (full 2):
 PSYoungGen      total 24576K, used 960K [0x00000000d5580000, 0x00000000d7080000, 0x0000000100000000)
  eden space 22016K, 0% used [0x00000000d5580000,0x00000000d5580000,0x00000000d6b00000)
  from space 2560K, 37% used [0x00000000d6c00000,0x00000000d6cf0000,0x00000000d6e80000)
  to   space 1536K, 0% used [0x00000000d6f00000,0x00000000d6f00000,0x00000000d7080000)
 ParOldGen       total 68608K, used 18893K [0x0000000080000000, 0x0000000084300000, 0x00000000d5580000)
  object space 68608K, 27% used [0x0000000080000000,0x00000000812735c8,0x0000000084300000)
 Metaspace       used 37245K, committed 38272K, reserved 1114112K
  class space    used 3868K, committed 4288K, reserved 1048576K
}
Event: 11.824 GC heap before
{Heap before GC invocations=18 (full 2):
 PSYoungGen      total 24576K, used 22976K [0x00000000d5580000, 0x00000000d7080000, 0x0000000100000000)
  eden space 22016K, 100% used [0x00000000d5580000,0x00000000d6b00000,0x00000000d6b00000)
  from space 2560K, 37% used [0x00000000d6c00000,0x00000000d6cf0000,0x00000000d6e80000)
  to   space 1536K, 0% used [0x00000000d6f00000,0x00000000d6f00000,0x00000000d7080000)
 ParOldGen       total 68608K, used 18893K [0x0000000080000000, 0x0000000084300000, 0x00000000d5580000)
  object space 68608K, 27% used [0x0000000080000000,0x00000000812735c8,0x0000000084300000)
 Metaspace       used 40074K, committed 41216K, reserved 1114112K
  class space    used 4246K, committed 4736K, reserved 1048576K
}
Event: 11.827 GC heap after
{Heap after GC invocations=18 (full 2):
 PSYoungGen      total 23552K, used 1113K [0x00000000d5580000, 0x00000000d7080000, 0x0000000100000000)
  eden space 22016K, 0% used [0x00000000d5580000,0x00000000d5580000,0x00000000d6b00000)
  from space 1536K, 72% used [0x00000000d6f00000,0x00000000d7016470,0x00000000d7080000)
  to   space 1536K, 0% used [0x00000000d6d80000,0x00000000d6d80000,0x00000000d6f00000)
 ParOldGen       total 68608K, used 19593K [0x0000000080000000, 0x0000000084300000, 0x00000000d5580000)
  object space 68608K, 28% used [0x0000000080000000,0x00000000813225d8,0x0000000084300000)
 Metaspace       used 40074K, committed 41216K, reserved 1114112K
  class space    used 4246K, committed 4736K, reserved 1048576K
}
Event: 12.280 GC heap before
{Heap before GC invocations=19 (full 2):
 PSYoungGen      total 23552K, used 23129K [0x00000000d5580000, 0x00000000d7080000, 0x0000000100000000)
  eden space 22016K, 100% used [0x00000000d5580000,0x00000000d6b00000,0x00000000d6b00000)
  from space 1536K, 72% used [0x00000000d6f00000,0x00000000d7016470,0x00000000d7080000)
  to   space 1536K, 0% used [0x00000000d6d80000,0x00000000d6d80000,0x00000000d6f00000)
 ParOldGen       total 68608K, used 19593K [0x0000000080000000, 0x0000000084300000, 0x00000000d5580000)
  object space 68608K, 28% used [0x0000000080000000,0x00000000813225d8,0x0000000084300000)
 Metaspace       used 42251K, committed 43392K, reserved 1114112K
  class space    used 4528K, committed 4992K, reserved 1048576K
}
Event: 12.282 GC heap after
{Heap after GC invocations=19 (full 2):
 PSYoungGen      total 23552K, used 1168K [0x00000000d5580000, 0x00000000d6f80000, 0x0000000100000000)
  eden space 22016K, 0% used [0x00000000d5580000,0x00000000d5580000,0x00000000d6b00000)
  from space 1536K, 76% used [0x00000000d6d80000,0x00000000d6ea4150,0x00000000d6f00000)
  to   space 512K, 0% used [0x00000000d6f00000,0x00000000d6f00000,0x00000000d6f80000)
 ParOldGen       total 68608K, used 20356K [0x0000000080000000, 0x0000000084300000, 0x00000000d5580000)
  object space 68608K, 29% used [0x0000000080000000,0x00000000813e1120,0x0000000084300000)
 Metaspace       used 42251K, committed 43392K, reserved 1114112K
  class space    used 4528K, committed 4992K, reserved 1048576K
}

Dll operation events (14 events):
Event: 0.021 Loaded shared library c:\Users\fer\.vscode\extensions\redhat.java-1.44.0-win32-x64\jre\21.0.8-win32-x86_64\bin\java.dll
Event: 0.109 Loaded shared library c:\Users\fer\.vscode\extensions\redhat.java-1.44.0-win32-x64\jre\21.0.8-win32-x86_64\bin\zip.dll
Event: 0.142 Loaded shared library C:\Users\fer\.vscode\extensions\redhat.java-1.44.0-win32-x64\jre\21.0.8-win32-x86_64\bin\instrument.dll
Event: 0.148 Loaded shared library C:\Users\fer\.vscode\extensions\redhat.java-1.44.0-win32-x64\jre\21.0.8-win32-x86_64\bin\net.dll
Event: 0.151 Loaded shared library C:\Users\fer\.vscode\extensions\redhat.java-1.44.0-win32-x64\jre\21.0.8-win32-x86_64\bin\nio.dll
Event: 0.163 Loaded shared library C:\Users\fer\.vscode\extensions\redhat.java-1.44.0-win32-x64\jre\21.0.8-win32-x86_64\bin\zip.dll
Event: 0.194 Loaded shared library C:\Users\fer\.vscode\extensions\redhat.java-1.44.0-win32-x64\jre\21.0.8-win32-x86_64\bin\jimage.dll
Event: 0.341 Loaded shared library c:\Users\fer\.vscode\extensions\redhat.java-1.44.0-win32-x64\jre\21.0.8-win32-x86_64\bin\verify.dll
Event: 4.924 Loaded shared library C:\Users\fer\AppData\Roaming\Code\User\globalStorage\redhat.java\1.44.0\config_win\org.eclipse.equinox.launcher\org.eclipse.equinox.launcher.win32.win32.x86_64_1.2.1400.v20250730-1736\eclipse_11913.dll
Event: 7.862 Loaded shared library C:\Users\fer\.vscode\extensions\redhat.java-1.44.0-win32-x64\jre\21.0.8-win32-x86_64\bin\management.dll
Event: 7.866 Loaded shared library C:\Users\fer\.vscode\extensions\redhat.java-1.44.0-win32-x64\jre\21.0.8-win32-x86_64\bin\management_ext.dll
Event: 10.213 Loaded shared library C:\Users\fer\AppData\Local\Temp\jna-101267\jna11431136932031337324.dll
Event: 11.111 Loaded shared library C:\Users\fer\.vscode\extensions\redhat.java-1.44.0-win32-x64\jre\21.0.8-win32-x86_64\bin\sunmscapi.dll
Event: 11.421 Loaded shared library C:\Users\fer\.vscode\extensions\redhat.java-1.44.0-win32-x64\jre\21.0.8-win32-x86_64\bin\extnet.dll

Deoptimization events (20 events):
Event: 12.304 Thread 0x00000224122f8370 DEOPT PACKING pc=0x00000223b644c853 sp=0x00000040bc4fec30
Event: 12.304 Thread 0x00000224122f8370 DEOPT UNPACKING pc=0x00000223bd0f4242 sp=0x00000040bc4fe0e0 mode 0
Event: 12.305 Thread 0x00000224122f8370 DEOPT PACKING pc=0x00000223b644c853 sp=0x00000040bc4fec30
Event: 12.305 Thread 0x00000224122f8370 DEOPT UNPACKING pc=0x00000223bd0f4242 sp=0x00000040bc4fe0e0 mode 0
Event: 12.306 Thread 0x00000224122f8370 DEOPT PACKING pc=0x00000223b644c853 sp=0x00000040bc4fec30
Event: 12.306 Thread 0x00000224122f8370 DEOPT UNPACKING pc=0x00000223bd0f4242 sp=0x00000040bc4fe0e0 mode 0
Event: 12.314 Thread 0x00000224122f8370 DEOPT PACKING pc=0x00000223b6750d3e sp=0x00000040bc4fdc00
Event: 12.314 Thread 0x00000224122f8370 DEOPT UNPACKING pc=0x00000223bd0f4242 sp=0x00000040bc4fd0f0 mode 0
Event: 12.314 Thread 0x00000224122f8370 DEOPT PACKING pc=0x00000223b6750d3e sp=0x00000040bc4fdc00
Event: 12.314 Thread 0x00000224122f8370 DEOPT UNPACKING pc=0x00000223bd0f4242 sp=0x00000040bc4fd0f0 mode 0
Event: 12.316 Thread 0x00000224122f8370 DEOPT PACKING pc=0x00000223b6750d3e sp=0x00000040bc4fdc50
Event: 12.316 Thread 0x00000224122f8370 DEOPT UNPACKING pc=0x00000223bd0f4242 sp=0x00000040bc4fd140 mode 0
Event: 12.344 Thread 0x00000224122f8370 Uncommon trap: trap_request=0xffffff45 fr.pc=0x00000223bda7f588 relative=0x0000000000000ba8
Event: 12.344 Thread 0x00000224122f8370 Uncommon trap: reason=unstable_if action=reinterpret pc=0x00000223bda7f588 method=java.util.regex.Pattern.atom()Ljava/util/regex/Pattern$Node; @ 14 c2
Event: 12.344 Thread 0x00000224122f8370 DEOPT PACKING pc=0x00000223bda7f588 sp=0x00000040bc4fe0a0
Event: 12.344 Thread 0x00000224122f8370 DEOPT UNPACKING pc=0x00000223bd0f3aa2 sp=0x00000040bc4fe028 mode 2
Event: 12.370 Thread 0x00000224122fa440 Uncommon trap: trap_request=0xffffffdc fr.pc=0x00000223bdaa0988 relative=0x0000000000000248
Event: 12.370 Thread 0x00000224122fa440 Uncommon trap: reason=class_check action=make_not_entrant pc=0x00000223bdaa0988 method=java.util.ArrayList.toArray([Ljava/lang/Object;)[Ljava/lang/Object; @ 21 c2
Event: 12.370 Thread 0x00000224122fa440 DEOPT PACKING pc=0x00000223bdaa0988 sp=0x00000040bc0fe540
Event: 12.370 Thread 0x00000224122fa440 DEOPT UNPACKING pc=0x00000223bd0f3aa2 sp=0x00000040bc0fe510 mode 2

Classes loaded (20 events):
Event: 12.269 Loading class sun/net/www/http/KeepAliveStreamCleaner
Event: 12.269 Loading class sun/net/www/http/KeepAliveStreamCleaner done
Event: 12.271 Loading class sun/net/www/http/KeepAliveStreamCleaner$1
Event: 12.271 Loading class sun/net/www/http/KeepAliveStreamCleaner$1 done
Event: 12.271 Loading class sun/net/www/http/KeepAliveStreamCleaner$2
Event: 12.271 Loading class sun/net/www/http/KeepAliveStreamCleaner$2 done
Event: 12.271 Loading class sun/net/www/protocol/http/HttpURLConnection$HttpInputStream
Event: 12.272 Loading class sun/net/www/protocol/http/HttpURLConnection$HttpInputStream done
Event: 12.329 Loading class sun/net/www/http/KeepAliveCache$1
Event: 12.329 Loading class sun/net/www/http/KeepAliveCache$1 done
Event: 12.330 Loading class sun/net/www/http/KeepAliveCache$ClientVector
Event: 12.330 Loading class sun/net/www/http/KeepAliveCache$ClientVector done
Event: 12.335 Loading class sun/net/www/http/KeepAliveEntry
Event: 12.335 Loading class sun/net/www/http/KeepAliveEntry done
Event: 12.339 Loading class java/io/UncheckedIOException
Event: 12.339 Loading class java/io/UncheckedIOException done
Event: 12.368 Loading class sun/reflect/generics/scope/ConstructorScope
Event: 12.368 Loading class sun/reflect/generics/scope/ConstructorScope done
Event: 12.368 Loading class sun/reflect/generics/tree/VoidDescriptor
Event: 12.369 Loading class sun/reflect/generics/tree/VoidDescriptor done

Classes unloaded (13 events):
Event: 9.004 Thread 0x000002240bb12af0 Unloading class 0x00000223cb1ac800 'java/lang/invoke/LambdaForm$MH+0x00000223cb1ac800'
Event: 9.004 Thread 0x000002240bb12af0 Unloading class 0x00000223cb1ac400 'java/lang/invoke/LambdaForm$MH+0x00000223cb1ac400'
Event: 9.004 Thread 0x000002240bb12af0 Unloading class 0x00000223cb1ac000 'java/lang/invoke/LambdaForm$MH+0x00000223cb1ac000'
Event: 9.004 Thread 0x000002240bb12af0 Unloading class 0x00000223cb1abc00 'java/lang/invoke/LambdaForm$MH+0x00000223cb1abc00'
Event: 9.004 Thread 0x000002240bb12af0 Unloading class 0x00000223cb1ab800 'java/lang/invoke/LambdaForm$BMH+0x00000223cb1ab800'
Event: 9.004 Thread 0x000002240bb12af0 Unloading class 0x00000223cb1ab400 'java/lang/invoke/LambdaForm$DMH+0x00000223cb1ab400'
Event: 9.004 Thread 0x000002240bb12af0 Unloading class 0x00000223cb1aa000 'java/lang/invoke/LambdaForm$DMH+0x00000223cb1aa000'
Event: 10.882 Thread 0x000002240bb12af0 Unloading class 0x00000223cb309400 'java/lang/invoke/LambdaForm$MH+0x00000223cb309400'
Event: 10.882 Thread 0x000002240bb12af0 Unloading class 0x00000223cb308c00 'java/lang/invoke/LambdaForm$MH+0x00000223cb308c00'
Event: 10.882 Thread 0x000002240bb12af0 Unloading class 0x00000223cb308800 'java/lang/invoke/LambdaForm$MH+0x00000223cb308800'
Event: 10.882 Thread 0x000002240bb12af0 Unloading class 0x00000223cb308000 'java/lang/invoke/LambdaForm$MH+0x00000223cb308000'
Event: 10.882 Thread 0x000002240bb12af0 Unloading class 0x00000223cb305400 'java/lang/invoke/LambdaForm$DMH+0x00000223cb305400'
Event: 10.882 Thread 0x000002240bb12af0 Unloading class 0x00000223cb304c00 'java/lang/invoke/LambdaForm$MH+0x00000223cb304c00'

Classes redefined (0 events):
No events

Internal exceptions (20 events):
Event: 9.940 Thread 0x00000224122faad0 Implicit null exception at 0x00000223bd9d06f6 to 0x00000223bd9d0a18
Event: 9.943 Thread 0x00000224122faad0 Exception <a 'java/lang/NoSuchMethodError'{0x00000000d5627cc8}: 'int java.lang.invoke.Invokers$Holder.linkToTargetMethod(java.lang.Object, java.lang.Object, java.lang.Object)'> (0x00000000d5627cc8) 
thrown [s\src\hotspot\share\interpreter\linkResolver.cpp, line 773]
Event: 10.003 Thread 0x00000224122fa440 Exception <a 'java/lang/NoSuchMethodError'{0x00000000d5840490}: 'java.lang.Object java.lang.invoke.DirectMethodHandle$Holder.invokeSpecialIFC(java.lang.Object, java.lang.Object, java.lang.Object, java.lang.Object)'> (0x00000000d5840490) 
thrown [s\src\hotspot\share\interpreter\linkResolver.cpp, line 773]
Event: 10.300 Thread 0x0000022412224730 Exception <a 'java/lang/UnsatisfiedLinkError'{0x00000000d60fcab8}: Não foi possível encontrar o procedimento especificado.
> (0x00000000d60fcab8) 
thrown [s\src\hotspot\share\prims\jni.cpp, line 539]
Event: 10.309 Thread 0x0000022412224730 Exception <a 'java/io/FileNotFoundException'{0x00000000d61249c8}> (0x00000000d61249c8) 
thrown [s\src\hotspot\share\prims\jni.cpp, line 520]
Event: 10.364 Thread 0x0000022412224730 Exception <a 'java/lang/NoSuchMethodError'{0x00000000d63dbe88}: 'void java.lang.invoke.DirectMethodHandle$Holder.invokeSpecial(java.lang.Object, java.lang.Object, java.lang.Object, int)'> (0x00000000d63dbe88) 
thrown [s\src\hotspot\share\interpreter\linkResolver.cpp, line 773]
Event: 10.364 Thread 0x0000022412224730 Exception <a 'java/lang/NoSuchMethodError'{0x00000000d63df568}: 'void java.lang.invoke.DelegatingMethodHandle$Holder.reinvoke_L(java.lang.Object, java.lang.Object, int)'> (0x00000000d63df568) 
thrown [s\src\hotspot\share\interpreter\linkResolver.cpp, line 773]
Event: 10.365 Thread 0x0000022412224730 Exception <a 'java/lang/NoSuchMethodError'{0x00000000d63e5fa0}: 'int java.lang.invoke.Invokers$Holder.invokeExact_MT(java.lang.Object, java.lang.Object, java.lang.Object)'> (0x00000000d63e5fa0) 
thrown [s\src\hotspot\share\interpreter\linkResolver.cpp, line 773]
Event: 10.373 Thread 0x0000022412224730 Exception <a 'java/lang/UnsatisfiedLinkError'{0x00000000d63f4780}: Não foi possível encontrar o procedimento especificado.
> (0x00000000d63f4780) 
thrown [s\src\hotspot\share\prims\jni.cpp, line 539]
Event: 10.384 Thread 0x0000022412224730 Exception <a 'java/lang/NoSuchMethodError'{0x00000000d64014c0}: 'void java.lang.invoke.Invokers$Holder.invokeExact_MT(java.lang.Object, java.lang.Object, int, java.lang.Object)'> (0x00000000d64014c0) 
thrown [s\src\hotspot\share\interpreter\linkResolver.cpp, line 773]
Event: 10.524 Thread 0x00000223b2a5fd70 Exception <a 'java/io/FileNotFoundException'{0x00000000d58893e0}> (0x00000000d58893e0) 
thrown [s\src\hotspot\share\prims\jni.cpp, line 520]
Event: 10.532 Thread 0x00000224122f8370 Exception <a 'sun/nio/fs/WindowsException'{0x00000000d59ee0c0}> (0x00000000d59ee0c0) 
thrown [s\src\hotspot\share\prims\jni.cpp, line 520]
Event: 10.587 Thread 0x00000223b2a5fd70 Exception <a 'java/lang/NoSuchMethodError'{0x00000000d5f2a208}: 'java.lang.Object java.lang.invoke.DirectMethodHandle$Holder.invokeStatic(java.lang.Object, long, java.lang.Object)'> (0x00000000d5f2a208) 
thrown [s\src\hotspot\share\interpreter\linkResolver.cpp, line 773]
Event: 10.589 Thread 0x00000223b2a5fd70 Exception <a 'java/lang/NoSuchMethodError'{0x00000000d5f2d8a0}: 'java.lang.Object java.lang.invoke.DirectMethodHandle$Holder.invokeStaticInit(java.lang.Object, long, java.lang.Object)'> (0x00000000d5f2d8a0) 
thrown [s\src\hotspot\share\interpreter\linkResolver.cpp, line 773]
Event: 10.597 Thread 0x00000223b2a5fd70 Exception <a 'java/lang/NoSuchMethodError'{0x00000000d5f3c590}: 'java.lang.Object java.lang.invoke.DirectMethodHandle$Holder.newInvokeSpecial(java.lang.Object, long)'> (0x00000000d5f3c590) 
thrown [s\src\hotspot\share\interpreter\linkResolver.cpp, line 773]
Event: 10.828 Thread 0x00000224122fa440 Exception <a 'java/lang/NoClassDefFoundError'{0x00000000d5845b08}: javax/enterprise/inject/Typed> (0x00000000d5845b08) 
thrown [s\src\hotspot\share\classfile\systemDictionary.cpp, line 301]
Event: 11.611 Thread 0x00000223b2a5fd70 Exception <a 'java/lang/NoSuchMethodError'{0x00000000d608b088}: 'void java.lang.invoke.DirectMethodHandle$Holder.invokeSpecial(java.lang.Object, java.lang.Object, java.lang.Object, java.lang.Object, java.lang.Object, java.lang.Object)'> (0x00000000d608b088) 
thrown [s\src\hotspot\share\interpreter\linkResolver.cpp, line 773]
Event: 11.614 Thread 0x00000223b2a5fd70 Exception <a 'java/lang/IncompatibleClassChangeError'{0x00000000d6093208}: Found class java.lang.Object, but interface was expected> (0x00000000d6093208) 
thrown [s\src\hotspot\share\interpreter\linkResolver.cpp, line 840]
Event: 11.615 Thread 0x00000223b2a5fd70 Exception <a 'java/lang/IncompatibleClassChangeError'{0x00000000d6094f60}: Found class java.lang.Object, but interface was expected> (0x00000000d6094f60) 
thrown [s\src\hotspot\share\interpreter\linkResolver.cpp, line 840]
Event: 12.361 Thread 0x00000224122f8370 Exception <a 'java/lang/NoSuchMethodError'{0x00000000d5b8ef60}: 'void java.lang.invoke.DirectMethodHandle$Holder.invokeStaticInit(java.lang.Object, java.lang.Object, java.lang.Object, java.lang.Object)'> (0x00000000d5b8ef60) 
thrown [s\src\hotspot\share\interpreter\linkResolver.cpp, line 773]

ZGC Phase Switch (0 events):
No events

VM Operations (20 events):
Event: 11.522 Executing VM operation: HandshakeAllThreads (Deoptimize)
Event: 11.523 Executing VM operation: HandshakeAllThreads (Deoptimize) done
Event: 11.824 Executing VM operation: ParallelGCFailedAllocation (Allocation Failure)
Event: 11.827 Executing VM operation: ParallelGCFailedAllocation (Allocation Failure) done
Event: 12.129 Executing VM operation: HandshakeAllThreads (Deoptimize)
Event: 12.129 Executing VM operation: HandshakeAllThreads (Deoptimize) done
Event: 12.271 Executing VM operation: HandshakeAllThreads (Deoptimize)
Event: 12.271 Executing VM operation: HandshakeAllThreads (Deoptimize) done
Event: 12.276 Executing VM operation: HandshakeAllThreads (Deoptimize)
Event: 12.276 Executing VM operation: HandshakeAllThreads (Deoptimize) done
Event: 12.280 Executing VM operation: ParallelGCFailedAllocation (Allocation Failure)
Event: 12.282 Executing VM operation: ParallelGCFailedAllocation (Allocation Failure) done
Event: 12.333 Executing VM operation: HandshakeAllThreads (Deoptimize)
Event: 12.334 Executing VM operation: HandshakeAllThreads (Deoptimize) done
Event: 12.338 Executing VM operation: HandshakeAllThreads (Deoptimize)
Event: 12.338 Executing VM operation: HandshakeAllThreads (Deoptimize) done
Event: 13.339 Executing VM operation: Cleanup
Event: 13.339 Executing VM operation: Cleanup done
Event: 14.340 Executing VM operation: Cleanup
Event: 14.340 Executing VM operation: Cleanup done

Memory protections (0 events):
No events

Nmethod flushes (20 events):
Event: 10.905 Thread 0x000002240bb12af0 flushing  nmethod 0x00000223b635cd90
Event: 10.905 Thread 0x000002240bb12af0 flushing  nmethod 0x00000223b635e110
Event: 10.905 Thread 0x000002240bb12af0 flushing  nmethod 0x00000223b635f190
Event: 10.905 Thread 0x000002240bb12af0 flushing  nmethod 0x00000223b635fa90
Event: 10.905 Thread 0x000002240bb12af0 flushing  nmethod 0x00000223b6360c90
Event: 10.905 Thread 0x000002240bb12af0 flushing  nmethod 0x00000223b6361490
Event: 10.905 Thread 0x000002240bb12af0 flushing  nmethod 0x00000223b6361c10
Event: 10.905 Thread 0x000002240bb12af0 flushing  nmethod 0x00000223b6363190
Event: 10.905 Thread 0x000002240bb12af0 flushing  nmethod 0x00000223b6363690
Event: 10.905 Thread 0x000002240bb12af0 flushing  nmethod 0x00000223b6363f90
Event: 10.905 Thread 0x000002240bb12af0 flushing  nmethod 0x00000223b6364810
Event: 10.905 Thread 0x000002240bb12af0 flushing  nmethod 0x00000223b6365390
Event: 10.905 Thread 0x000002240bb12af0 flushing  nmethod 0x00000223b6366e10
Event: 10.905 Thread 0x000002240bb12af0 flushing  nmethod 0x00000223b6367790
Event: 10.905 Thread 0x000002240bb12af0 flushing  nmethod 0x00000223b6368890
Event: 10.905 Thread 0x000002240bb12af0 flushing  nmethod 0x00000223b63b0710
Event: 10.905 Thread 0x000002240bb12af0 flushing  nmethod 0x00000223b63b6a90
Event: 10.905 Thread 0x000002240bb12af0 flushing  nmethod 0x00000223b63d6e90
Event: 10.905 Thread 0x000002240bb12af0 flushing  nmethod 0x00000223b6424990
Event: 10.905 Thread 0x000002240bb12af0 flushing  nmethod 0x00000223b6486590

Events (20 events):
Event: 10.614 Thread 0x00000223b2a5fd70 Thread added: 0x000002241699e6d0
Event: 10.614 Thread 0x00000223b2a5fd70 Thread added: 0x000002241699f3f0
Event: 10.614 Thread 0x00000223b2a5fd70 Thread added: 0x00000224169a07a0
Event: 10.614 Thread 0x00000223b2a5fd70 Thread added: 0x000002241699fa80
Event: 10.614 Thread 0x00000223b2a5fd70 Thread added: 0x000002241699ed60
Event: 10.614 Thread 0x00000223b2a5fd70 Thread added: 0x000002241699e040
Event: 10.671 Thread 0x00000223b2a5fd70 Thread added: 0x00000224169a0110
Event: 10.798 Thread 0x000002240bdc8b00 Thread added: 0x0000022415785b60
Event: 10.855 Thread 0x000002240bc3e7d0 Thread added: 0x0000022413429c60
Event: 10.855 Thread 0x000002240bc3e7d0 Thread added: 0x00000224162ebaa0
Event: 10.973 Thread 0x000002240bc3e7d0 Thread added: 0x00000224134b19f0
Event: 11.708 Thread 0x00000223b2a5fd70 Thread added: 0x00000224169a0e30
Event: 11.709 Thread 0x00000223b2a5fd70 Thread added: 0x00000224161f00f0
Event: 12.224 Thread 0x00000224122f8370 Thread added: 0x00000224161ee020
Event: 12.225 Thread 0x00000224161ee020 Thread exited: 0x00000224161ee020
Event: 12.330 Thread 0x00000224122f8370 Thread added: 0x00000224161f0e10
Event: 13.059 Thread 0x000002240bc3e7d0 Thread exited: 0x000002240bc3e7d0
Event: 13.059 Thread 0x000002240bdc8b00 Thread exited: 0x000002240bdc8b00
Event: 13.059 Thread 0x00000224124b2370 Thread exited: 0x00000224124b2370
Event: 13.846 Thread 0x00000224125c50b0 Thread exited: 0x00000224125c50b0


Dynamic libraries:
0x00007ff639940000 - 0x00007ff63994e000 	c:\Users\fer\.vscode\extensions\redhat.java-1.44.0-win32-x64\jre\21.0.8-win32-x86_64\bin\java.exe
0x00007ffb05de0000 - 0x00007ffb06047000 	C:\WINDOWS\SYSTEM32\ntdll.dll
0x00007ffb04aa0000 - 0x00007ffb04b69000 	C:\WINDOWS\System32\KERNEL32.DLL
0x00007ffb03440000 - 0x00007ffb03830000 	C:\WINDOWS\System32\KERNELBASE.dll
0x00007ffb03a20000 - 0x00007ffb03b6b000 	C:\WINDOWS\System32\ucrtbase.dll
0x00007ffadc900000 - 0x00007ffadc91e000 	c:\Users\fer\.vscode\extensions\redhat.java-1.44.0-win32-x64\jre\21.0.8-win32-x86_64\bin\VCRUNTIME140.dll
0x00007ffade290000 - 0x00007ffade2a8000 	c:\Users\fer\.vscode\extensions\redhat.java-1.44.0-win32-x64\jre\21.0.8-win32-x86_64\bin\jli.dll
0x00007ffb03f50000 - 0x00007ffb04115000 	C:\WINDOWS\System32\USER32.dll
0x00007ffaecc30000 - 0x00007ffaececa000 	C:\WINDOWS\WinSxS\amd64_microsoft.windows.common-controls_6595b64144ccf1df_6.0.26100.4768_none_3e0c112ce331287c\COMCTL32.dll
0x00007ffb02fc0000 - 0x00007ffb02fe7000 	C:\WINDOWS\System32\win32u.dll
0x00007ffb04bf0000 - 0x00007ffb04c99000 	C:\WINDOWS\System32\msvcrt.dll
0x00007ffb05d00000 - 0x00007ffb05d2b000 	C:\WINDOWS\System32\GDI32.dll
0x00007ffb038e0000 - 0x00007ffb03a18000 	C:\WINDOWS\System32\gdi32full.dll
0x00007ffb02f10000 - 0x00007ffb02fb3000 	C:\WINDOWS\System32\msvcp_win.dll
0x00007ffb05a70000 - 0x00007ffb05a9f000 	C:\WINDOWS\System32\IMM32.DLL
0x00007ffafc660000 - 0x00007ffafc66c000 	c:\Users\fer\.vscode\extensions\redhat.java-1.44.0-win32-x64\jre\21.0.8-win32-x86_64\bin\vcruntime140_1.dll
0x00007ffac8480000 - 0x00007ffac850d000 	c:\Users\fer\.vscode\extensions\redhat.java-1.44.0-win32-x64\jre\21.0.8-win32-x86_64\bin\msvcp140.dll
0x00007ffaa18d0000 - 0x00007ffaa2667000 	c:\Users\fer\.vscode\extensions\redhat.java-1.44.0-win32-x64\jre\21.0.8-win32-x86_64\bin\server\jvm.dll
0x00007ffb049e0000 - 0x00007ffb04a94000 	C:\WINDOWS\System32\ADVAPI32.dll
0x00007ffb05c50000 - 0x00007ffb05cf6000 	C:\WINDOWS\System32\sechost.dll
0x00007ffb043c0000 - 0x00007ffb044d8000 	C:\WINDOWS\System32\RPCRT4.dll
0x00007ffb04340000 - 0x00007ffb043b4000 	C:\WINDOWS\System32\WS2_32.dll
0x00007ffb02d70000 - 0x00007ffb02dce000 	C:\WINDOWS\SYSTEM32\POWRPROF.dll
0x00007ffaf9b20000 - 0x00007ffaf9b55000 	C:\WINDOWS\SYSTEM32\WINMM.dll
0x00007ffafb590000 - 0x00007ffafb59b000 	C:\WINDOWS\SYSTEM32\VERSION.dll
0x00007ffb02d50000 - 0x00007ffb02d64000 	C:\WINDOWS\SYSTEM32\UMPDC.dll
0x00007ffb01bf0000 - 0x00007ffb01c0b000 	C:\WINDOWS\SYSTEM32\kernel.appcore.dll
0x00007ffae8780000 - 0x00007ffae878a000 	c:\Users\fer\.vscode\extensions\redhat.java-1.44.0-win32-x64\jre\21.0.8-win32-x86_64\bin\jimage.dll
0x00007ffaf9760000 - 0x00007ffaf99a1000 	C:\WINDOWS\SYSTEM32\DBGHELP.DLL
0x00007ffb044e0000 - 0x00007ffb04865000 	C:\WINDOWS\System32\combase.dll
0x00007ffb048f0000 - 0x00007ffb049d0000 	C:\WINDOWS\System32\OLEAUT32.dll
0x00007ffaecbe0000 - 0x00007ffaecc23000 	C:\WINDOWS\SYSTEM32\dbgcore.DLL
0x00007ffb03840000 - 0x00007ffb038d9000 	C:\WINDOWS\System32\bcryptPrimitives.dll
0x00007ffae0780000 - 0x00007ffae078f000 	c:\Users\fer\.vscode\extensions\redhat.java-1.44.0-win32-x64\jre\21.0.8-win32-x86_64\bin\instrument.dll
0x00007ffad8020000 - 0x00007ffad803f000 	c:\Users\fer\.vscode\extensions\redhat.java-1.44.0-win32-x64\jre\21.0.8-win32-x86_64\bin\java.dll
0x00007ffb04ca0000 - 0x00007ffb053ed000 	C:\WINDOWS\System32\SHELL32.dll
0x00007ffb032c0000 - 0x00007ffb03433000 	C:\WINDOWS\System32\wintypes.dll
0x00007ffb00b30000 - 0x00007ffb0138f000 	C:\WINDOWS\SYSTEM32\windows.storage.dll
0x00007ffb03b70000 - 0x00007ffb03c65000 	C:\WINDOWS\System32\SHCORE.dll
0x00007ffb05d30000 - 0x00007ffb05d9a000 	C:\WINDOWS\System32\shlwapi.dll
0x00007ffb02e30000 - 0x00007ffb02e59000 	C:\WINDOWS\SYSTEM32\profapi.dll
0x00007ffad4e40000 - 0x00007ffad4e58000 	c:\Users\fer\.vscode\extensions\redhat.java-1.44.0-win32-x64\jre\21.0.8-win32-x86_64\bin\zip.dll
0x00007ffadf6e0000 - 0x00007ffadf6f0000 	C:\Users\fer\.vscode\extensions\redhat.java-1.44.0-win32-x64\jre\21.0.8-win32-x86_64\bin\net.dll
0x00007ffafb8c0000 - 0x00007ffafb9de000 	C:\WINDOWS\SYSTEM32\WINHTTP.dll
0x00007ffb02220000 - 0x00007ffb0228b000 	C:\WINDOWS\system32\mswsock.dll
0x00007ffad2ce0000 - 0x00007ffad2cf6000 	C:\Users\fer\.vscode\extensions\redhat.java-1.44.0-win32-x64\jre\21.0.8-win32-x86_64\bin\nio.dll
0x00007ffadf300000 - 0x00007ffadf310000 	c:\Users\fer\.vscode\extensions\redhat.java-1.44.0-win32-x64\jre\21.0.8-win32-x86_64\bin\verify.dll
0x00007ffac7b80000 - 0x00007ffac7bc5000 	C:\Users\fer\AppData\Roaming\Code\User\globalStorage\redhat.java\1.44.0\config_win\org.eclipse.equinox.launcher\org.eclipse.equinox.launcher.win32.win32.x86_64_1.2.1400.v20250730-1736\eclipse_11913.dll
0x00007ffb03d90000 - 0x00007ffb03f30000 	C:\WINDOWS\System32\ole32.dll
0x00007ffadf1e0000 - 0x00007ffadf1ea000 	C:\Users\fer\.vscode\extensions\redhat.java-1.44.0-win32-x64\jre\21.0.8-win32-x86_64\bin\management.dll
0x00007ffade920000 - 0x00007ffade92b000 	C:\Users\fer\.vscode\extensions\redhat.java-1.44.0-win32-x64\jre\21.0.8-win32-x86_64\bin\management_ext.dll
0x00007ffb03cf0000 - 0x00007ffb03cf8000 	C:\WINDOWS\System32\PSAPI.DLL
0x00007ffb024e0000 - 0x00007ffb024fb000 	C:\WINDOWS\SYSTEM32\CRYPTSP.dll
0x00007ffb01c10000 - 0x00007ffb01c4b000 	C:\WINDOWS\system32\rsaenh.dll
0x00007ffb022c0000 - 0x00007ffb022eb000 	C:\WINDOWS\SYSTEM32\USERENV.dll
0x00007ffb02e00000 - 0x00007ffb02e26000 	C:\WINDOWS\SYSTEM32\bcrypt.dll
0x00007ffb02500000 - 0x00007ffb0250c000 	C:\WINDOWS\SYSTEM32\CRYPTBASE.dll
0x00007ffb016f0000 - 0x00007ffb01723000 	C:\WINDOWS\SYSTEM32\IPHLPAPI.DLL
0x00007ffb03f40000 - 0x00007ffb03f4a000 	C:\WINDOWS\System32\NSI.dll
0x00007ffacbe50000 - 0x00007ffacbe99000 	C:\Users\fer\AppData\Local\Temp\jna-101267\jna11431136932031337324.dll
0x00007ffafb610000 - 0x00007ffafb62f000 	C:\WINDOWS\SYSTEM32\dhcpcsvc6.DLL
0x00007ffafb560000 - 0x00007ffafb585000 	C:\WINDOWS\SYSTEM32\dhcpcsvc.DLL
0x00007ffade650000 - 0x00007ffade65e000 	C:\Users\fer\.vscode\extensions\redhat.java-1.44.0-win32-x64\jre\21.0.8-win32-x86_64\bin\sunmscapi.dll
0x00007ffb030b0000 - 0x00007ffb03227000 	C:\WINDOWS\System32\CRYPT32.dll
0x00007ffb02700000 - 0x00007ffb02730000 	C:\WINDOWS\SYSTEM32\ncrypt.dll
0x00007ffb026b0000 - 0x00007ffb026ef000 	C:\WINDOWS\SYSTEM32\NTASN1.dll
0x00007ffb01790000 - 0x00007ffb018b6000 	C:\WINDOWS\SYSTEM32\DNSAPI.dll
0x00007ffafba30000 - 0x00007ffafba3b000 	C:\Windows\System32\rasadhlp.dll
0x00007ffaf9440000 - 0x00007ffaf94c6000 	C:\WINDOWS\System32\fwpuclnt.dll
0x00007ffade060000 - 0x00007ffade069000 	C:\Users\fer\.vscode\extensions\redhat.java-1.44.0-win32-x64\jre\21.0.8-win32-x86_64\bin\extnet.dll

JVMTI agents:
c:\Users\fer\.vscode\extensions\redhat.java-1.44.0-win32-x64\lombok\lombok-1.18.39-4050.jar path:c:\Users\fer\.vscode\extensions\redhat.java-1.44.0-win32-x64\jre\21.0.8-win32-x86_64\bin\instrument.dll, loaded, initialized, instrumentlib options:none

dbghelp: loaded successfully - version: 4.0.5 - missing functions: none
symbol engine: initialized successfully - sym options: 0x614 - pdb path: .;c:\Users\fer\.vscode\extensions\redhat.java-1.44.0-win32-x64\jre\21.0.8-win32-x86_64\bin;C:\WINDOWS\SYSTEM32;C:\WINDOWS\WinSxS\amd64_microsoft.windows.common-controls_6595b64144ccf1df_6.0.26100.4768_none_3e0c112ce331287c;c:\Users\fer\.vscode\extensions\redhat.java-1.44.0-win32-x64\jre\21.0.8-win32-x86_64\bin\server;C:\Users\fer\AppData\Roaming\Code\User\globalStorage\redhat.java\1.44.0\config_win\org.eclipse.equinox.launcher\org.eclipse.equinox.launcher.win32.win32.x86_64_1.2.1400.v20250730-1736;C:\Users\fer\AppData\Local\Temp\jna-101267

VM Arguments:
jvm_args: --add-modules=ALL-SYSTEM --add-opens=java.base/java.util=ALL-UNNAMED --add-opens=java.base/java.lang=ALL-UNNAMED --add-opens=java.base/sun.nio.fs=ALL-UNNAMED -Declipse.application=org.eclipse.jdt.ls.core.id1 -Dosgi.bundles.defaultStartLevel=4 -Declipse.product=org.eclipse.jdt.ls.core.product -Djava.import.generatesMetadataFilesAtProjectRoot=false -DDetectVMInstallationsJob.disabled=true -Dfile.encoding=utf8 -XX:+UseParallelGC -XX:GCTimeRatio=4 -XX:AdaptiveSizePolicyWeight=90 -Dsun.zip.disableMemoryMapping=true -Xmx2G -Xms100m -Xlog:disable -javaagent:c:\Users\fer\.vscode\extensions\redhat.java-1.44.0-win32-x64\lombok\lombok-1.18.39-4050.jar -XX:+HeapDumpOnOutOfMemoryError -XX:HeapDumpPath=c:\Users\fer\AppData\Roaming\Code\User\workspaceStorage\264fabb98e775877978eaacb758c2d45\redhat.java -Daether.dependencyCollector.impl=bf 
java_command: c:\Users\fer\.vscode\extensions\redhat.java-1.44.0-win32-x64\server\plugins\org.eclipse.equinox.launcher_1.7.0.v20250519-0528.jar -configuration c:\Users\fer\AppData\Roaming\Code\User\globalStorage\redhat.java\1.44.0\config_win -data c:\Users\fer\AppData\Roaming\Code\User\workspaceStorage\264fabb98e775877978eaacb758c2d45\redhat.java\jdt_ws --pipe=\\.\pipe\lsp-a8ded2694e9260bc83e6d2c2e833329b-sock
java_class_path (initial): c:\Users\fer\.vscode\extensions\redhat.java-1.44.0-win32-x64\server\plugins\org.eclipse.equinox.launcher_1.7.0.v20250519-0528.jar
Launcher Type: SUN_STANDARD

[Global flags]
    uintx AdaptiveSizePolicyWeight                 = 90                                        {product} {command line}
     intx CICompilerCount                          = 12                                        {product} {ergonomic}
    uintx GCTimeRatio                              = 4                                         {product} {command line}
     bool HeapDumpOnOutOfMemoryError               = true                                   {manageable} {command line}
    ccstr HeapDumpPath                             = c:\Users\fer\AppData\Roaming\Code\User\workspaceStorage\264fabb98e775877978eaacb758c2d45\redhat.java         {manageable} {command line}
   size_t InitialHeapSize                          = 104857600                                 {product} {command line}
   size_t MaxHeapSize                              = 2147483648                                {product} {command line}
   size_t MaxNewSize                               = 715653120                                 {product} {ergonomic}
   size_t MinHeapDeltaBytes                        = 524288                                    {product} {ergonomic}
   size_t MinHeapSize                              = 104857600                                 {product} {command line}
   size_t NewSize                                  = 34603008                                  {product} {ergonomic}
    uintx NonNMethodCodeHeapSize                   = 7602480                                {pd product} {ergonomic}
    uintx NonProfiledCodeHeapSize                  = 122027880                              {pd product} {ergonomic}
   size_t OldSize                                  = 70254592                                  {product} {ergonomic}
    uintx ProfiledCodeHeapSize                     = 122027880                              {pd product} {ergonomic}
    uintx ReservedCodeCacheSize                    = 251658240                              {pd product} {ergonomic}
     bool SegmentedCodeCache                       = true                                      {product} {ergonomic}
   size_t SoftMaxHeapSize                          = 2147483648                             {manageable} {ergonomic}
     bool UseCompressedOops                        = true                           {product lp64_product} {ergonomic}
     bool UseLargePagesIndividualAllocation        = false                                  {pd product} {ergonomic}
     bool UseParallelGC                            = true                                      {product} {command line}

Logging:
Log output configuration:
 #0: stdout all=off uptime,level,tags foldmultilines=false
 #1: stderr all=off uptime,level,tags foldmultilines=false

Environment Variables:
JAVA_HOME=C:\Program Files\Java\jdk-17
PATH=C:\Program Files\Common Files\Oracle\Java\javapath;C:\Program Files (x86)\Common Files\Oracle\Java\java8path;C:\Program Files (x86)\Common Files\Oracle\Java\javapath;C:\WINDOWS\system32;C:\WINDOWS;C:\WINDOWS\System32\Wbem;C:\WINDOWS\System32\WindowsPowerShell\v1.0\;C:\WINDOWS\System32\OpenSSH\;C:\Program Files\MongoDB\Server\8.0\bin;C:\php;C:\Program Files\Git\cmd;C:\Program Files\dotnet\;C:\ProgramData\ComposerSetup\bin;C:\Program Files\Amazon\AWSCLIV2\;C:\Program Files\Microsoft SQL Server\150\Tools\Binn\;C:\Program Files\Go\bin;C:\Program Files\nodejs\;C:\Program Files\Apache\Maven\\bin;C:\ffmpeg\bin;C:\Users\fer\AppData\Local\Programs\Python\Launcher\;C:\Users\fer\AppData\Local\Microsoft\WindowsApps;C:\Users\fer\AppData\Local\Programs\Microsoft VS Code\bin;C:\Users\fer\AppData\Local\Programs\mongosh\;C:\Program Files\JetBrains\IntelliJ IDEA 2024.3\bin;;C:\Users\fer\AppData\Roaming\Composer\vendor\bin;C:\Program Files\JetBrains\WebStorm 2024.3.2.1\bin;;C:\Program Files\Java\jdk-17\bin;C:\Program Files\ant\bin;C:\Users\fer\AppData\Local\Google\Cloud SDK\google-cloud-sdk\bin;C:\Users\fer\go\bin;C:\Users\fer\AppData\Roaming\npm
USERNAME=fer
OS=Windows_NT
PROCESSOR_IDENTIFIER=AMD64 Family 23 Model 104 Stepping 1, AuthenticAMD
TMP=C:\Users\fer\AppData\Local\Temp
TEMP=C:\Users\fer\AppData\Local\Temp




Periodic native trim disabled

---------------  S Y S T E M  ---------------

OS:
 Windows 11 , 64 bit Build 26100 (10.0.26100.4768)
OS uptime: 0 days 15:54 hours

CPU: total 16 (initial active 16) (16 cores per cpu, 2 threads per core) family 23 model 104 stepping 1 microcode 0x8608102, cx8, cmov, fxsr, ht, mmx, 3dnowpref, sse, sse2, sse3, ssse3, sse4a, sse4.1, sse4.2, popcnt, lzcnt, tsc, tscinvbit, avx, avx2, aes, clmul, bmi1, bmi2, adx, sha, fma, vzeroupper, clflush, clflushopt, rdtscp, rdpid, f16c
Processor Information for the first 16 processors :
  Max Mhz: 1801, Current Mhz: 1801, Mhz Limit: 1801

Memory: 4k page, system-wide physical 15722M (3747M free)
TotalPageFile size 64874M (AvailPageFile size 62M)
current process WorkingSet (physical memory assigned to process): 241M, peak: 260M
current process commit charge ("private bytes"): 377M, peak: 393M

vm_info: OpenJDK 64-Bit Server VM (21.0.8+9-LTS) for windows-amd64 JRE (21.0.8+9-LTS), built on 2025-07-15T00:00:00Z by "admin" with MS VC++ 17.7 (VS2022)

END.
