#
# There is insufficient memory for the Java Runtime Environment to continue.
# Native memory allocation (malloc) failed to allocate 1114896 bytes. Error detail: Chunk::new
# Possible reasons:
#   The system is out of physical RAM or swap space
#   This process is running with CompressedOops enabled, and the Java Heap may be blocking the growth of the native heap
# Possible solutions:
#   Reduce memory load on the system
#   Increase physical memory or swap space
#   Check if swap backing store is full
#   Decrease Java heap size (-Xmx/-Xms)
#   Decrease number of Java threads
#   Decrease Java thread stack sizes (-Xss)
#   Set larger code cache with -XX:ReservedCodeCacheSize=
#   JVM is running with Unscaled Compressed Oops mode in which the Java heap is
#     placed in the first 4GB address space. The Java Heap base address is the
#     maximum limit for the native heap growth. Please use -XX:HeapBaseMinAddress
#     to set the Java Heap base and to place the Java Heap above 4GB virtual address.
# This output file may be truncated or incomplete.
#
#  Out of Memory Error (arena.cpp:168), pid=14600, tid=29556
#
# JRE version: OpenJDK Runtime Environment Temurin-21.0.8+9 (21.0.8+9) (build 21.0.8+9-LTS)
# Java VM: OpenJDK 64-Bit Server VM Temurin-21.0.8+9 (21.0.8+9-LTS, mixed mode, sharing, tiered, compressed oops, compressed class ptrs, parallel gc, windows-amd64)
# No core dump will be written. Minidumps are not enabled by default on client versions of Windows
#

---------------  S U M M A R Y ------------

Command Line: --add-modules=ALL-SYSTEM --add-opens=java.base/java.util=ALL-UNNAMED --add-opens=java.base/java.lang=ALL-UNNAMED --add-opens=java.base/sun.nio.fs=ALL-UNNAMED -Declipse.application=org.eclipse.jdt.ls.core.id1 -Dosgi.bundles.defaultStartLevel=4 -Declipse.product=org.eclipse.jdt.ls.core.product -Djava.import.generatesMetadataFilesAtProjectRoot=false -DDetectVMInstallationsJob.disabled=true -Dfile.encoding=utf8 -XX:+UseParallelGC -XX:GCTimeRatio=4 -XX:AdaptiveSizePolicyWeight=90 -Dsun.zip.disableMemoryMapping=true -Xmx2G -Xms100m -Xlog:disable -javaagent:c:\Users\fer\.vscode\extensions\redhat.java-1.44.0-win32-x64\lombok\lombok-1.18.39-4050.jar -XX:+HeapDumpOnOutOfMemoryError -XX:HeapDumpPath=c:\Users\fer\AppData\Roaming\Code\User\workspaceStorage\264fabb98e775877978eaacb758c2d45\redhat.java -Daether.dependencyCollector.impl=bf c:\Users\fer\.vscode\extensions\redhat.java-1.44.0-win32-x64\server\plugins\org.eclipse.equinox.launcher_1.7.0.v20250519-0528.jar -configuration c:\Users\fer\AppData\Roaming\Code\User\globalStorage\redhat.java\1.44.0\config_win -data c:\Users\fer\AppData\Roaming\Code\User\workspaceStorage\264fabb98e775877978eaacb758c2d45\redhat.java\jdt_ws --pipe=\\.\pipe\lsp-5e9b6e991c5c872970ae181f72035de4-sock

Host: AMD Ryzen 7 5700U with Radeon Graphics         , 16 cores, 15G,  Windows 11 , 64 bit Build 26100 (10.0.26100.4768)
Time: Mon Aug 25 03:34:33 2025 Hora oficial do Brasil elapsed time: 4.177588 seconds (0d 0h 0m 4s)

---------------  T H R E A D  ---------------

Current thread (0x0000026115c35250):  JavaThread "C2 CompilerThread0" daemon [_thread_in_native, id=29556, stack(0x000000885ee00000,0x000000885ef00000) (1024K)]


Current CompileTask:
C2:4177 3620       4       java.lang.invoke.MethodType::makeImpl (109 bytes)

Stack: [0x000000885ee00000,0x000000885ef00000]
Native frames: (J=compiled Java code, j=interpreted, Vv=VM code, C=native code)
V  [jvm.dll+0x6d2449]
V  [jvm.dll+0x8ae341]
V  [jvm.dll+0x8b08be]
V  [jvm.dll+0x8b0fa3]
V  [jvm.dll+0x280c96]
V  [jvm.dll+0xc581d]
V  [jvm.dll+0xc5d53]
V  [jvm.dll+0x3b9162]
V  [jvm.dll+0x1e1409]
V  [jvm.dll+0x249022]
V  [jvm.dll+0x2484af]
V  [jvm.dll+0x1c89ee]
V  [jvm.dll+0x257d4d]
V  [jvm.dll+0x2562ea]
V  [jvm.dll+0x3f2d16]
V  [jvm.dll+0x857e6b]
V  [jvm.dll+0x6d0b0d]
C  [ucrtbase.dll+0x37b0]
C  [KERNEL32.DLL+0x2e8d7]
C  [ntdll.dll+0x3c34c]


---------------  P R O C E S S  ---------------

Threads class SMR info:
_java_thread_list=0x000002611c74cc20, length=27, elements={
0x00000260baad1320, 0x00000260d34ae7a0, 0x0000026115c28c60, 0x0000026115c2c7a0,
0x0000026115c2db50, 0x0000026115c2e1e0, 0x0000026115c2e870, 0x0000026115c35250,
0x0000026115ca78e0, 0x0000026115c2ce30, 0x0000026115d3ecc0, 0x0000026115d3d180,
0x0000026115d3d850, 0x0000026115c2ef00, 0x0000026115c2c110, 0x0000026115c2ba80,
0x0000026115c2d4c0, 0x000002611c2220d0, 0x000002611c2241a0, 0x000002611c2213b0,
0x000002611c221a40, 0x000002611c223480, 0x000002611c222760, 0x000002611c220d20,
0x000002611c223b10, 0x0000026115d3f390, 0x000002611c225be0
}

Java Threads: ( => current thread )
  0x00000260baad1320 JavaThread "main"                              [_thread_blocked, id=5836, stack(0x000000885e400000,0x000000885e500000) (1024K)]
  0x00000260d34ae7a0 JavaThread "Reference Handler"          daemon [_thread_blocked, id=7056, stack(0x000000885e800000,0x000000885e900000) (1024K)]
  0x0000026115c28c60 JavaThread "Finalizer"                  daemon [_thread_blocked, id=10324, stack(0x000000885e900000,0x000000885ea00000) (1024K)]
  0x0000026115c2c7a0 JavaThread "Signal Dispatcher"          daemon [_thread_blocked, id=33508, stack(0x000000885ea00000,0x000000885eb00000) (1024K)]
  0x0000026115c2db50 JavaThread "Attach Listener"            daemon [_thread_blocked, id=31308, stack(0x000000885eb00000,0x000000885ec00000) (1024K)]
  0x0000026115c2e1e0 JavaThread "Service Thread"             daemon [_thread_blocked, id=10556, stack(0x000000885ec00000,0x000000885ed00000) (1024K)]
  0x0000026115c2e870 JavaThread "Monitor Deflation Thread"   daemon [_thread_blocked, id=33740, stack(0x000000885ed00000,0x000000885ee00000) (1024K)]
=>0x0000026115c35250 JavaThread "C2 CompilerThread0"         daemon [_thread_in_native, id=29556, stack(0x000000885ee00000,0x000000885ef00000) (1024K)]
  0x0000026115ca78e0 JavaThread "C1 CompilerThread0"         daemon [_thread_blocked, id=33060, stack(0x000000885ef00000,0x000000885f000000) (1024K)]
  0x0000026115c2ce30 JavaThread "Common-Cleaner"             daemon [_thread_blocked, id=15708, stack(0x000000885f000000,0x000000885f100000) (1024K)]
  0x0000026115d3ecc0 JavaThread "C1 CompilerThread1"         daemon [_thread_in_vm, id=32540, stack(0x000000885f100000,0x000000885f200000) (1024K)]
  0x0000026115d3d180 JavaThread "C1 CompilerThread2"         daemon [_thread_blocked, id=5492, stack(0x000000885f200000,0x000000885f300000) (1024K)]
  0x0000026115d3d850 JavaThread "C1 CompilerThread3"         daemon [_thread_blocked, id=32400, stack(0x000000885f400000,0x000000885f500000) (1024K)]
  0x0000026115c2ef00 JavaThread "Notification Thread"        daemon [_thread_blocked, id=23248, stack(0x000000885f500000,0x000000885f600000) (1024K)]
  0x0000026115c2c110 JavaThread "Active Thread: Equinox Container: e98cc664-0c56-4179-bc99-630c1e5915c3"        [_thread_blocked, id=32688, stack(0x000000885fe00000,0x000000885ff00000) (1024K)]
  0x0000026115c2ba80 JavaThread "Refresh Thread: Equinox Container: e98cc664-0c56-4179-bc99-630c1e5915c3" daemon [_thread_blocked, id=18440, stack(0x0000008860000000,0x0000008860100000) (1024K)]
  0x0000026115c2d4c0 JavaThread "Framework Event Dispatcher: Equinox Container: e98cc664-0c56-4179-bc99-630c1e5915c3" daemon [_thread_blocked, id=22608, stack(0x0000008860100000,0x0000008860200000) (1024K)]
  0x000002611c2220d0 JavaThread "Start Level: Equinox Container: e98cc664-0c56-4179-bc99-630c1e5915c3" daemon [_thread_in_vm, id=29320, stack(0x0000008860200000,0x0000008860300000) (1024K)]
  0x000002611c2241a0 JavaThread "Bundle File Closer"         daemon [_thread_blocked, id=25616, stack(0x0000008860600000,0x0000008860700000) (1024K)]
  0x000002611c2213b0 JavaThread "SCR Component Actor"        daemon [_thread_blocked, id=12688, stack(0x0000008860700000,0x0000008860800000) (1024K)]
  0x000002611c221a40 JavaThread "SCR Component Registry"     daemon [_thread_blocked, id=33632, stack(0x0000008860800000,0x0000008860900000) (1024K)]
  0x000002611c223480 JavaThread "Worker-JM"                         [_thread_blocked, id=2100, stack(0x0000008860a00000,0x0000008860b00000) (1024K)]
  0x000002611c222760 JavaThread "JNA Cleaner"                daemon [_thread_blocked, id=460, stack(0x000000885f300000,0x000000885f400000) (1024K)]
  0x000002611c220d20 JavaThread "Worker-0: Checking project encoding"        [_thread_blocked, id=7208, stack(0x000000885fd00000,0x000000885fe00000) (1024K)]
  0x000002611c223b10 JavaThread "Worker-1: Refreshing workspace"        [_thread_blocked, id=22208, stack(0x0000008860b00000,0x0000008860c00000) (1024K)]
  0x0000026115d3f390 JavaThread "C2 CompilerThread1"         daemon [_thread_blocked, id=10888, stack(0x0000008860c00000,0x0000008860d00000) (1024K)]
  0x000002611c225be0 JavaThread "Worker-2"                          [_thread_blocked, id=27924, stack(0x0000008860d00000,0x0000008860e00000) (1024K)]
Total: 27

Other Threads:
  0x00000260ba92ebd0 VMThread "VM Thread"                           [id=32864, stack(0x000000885e700000,0x000000885e800000) (1024K)]
  0x00000260d338ca10 WatcherThread "VM Periodic Task Thread"        [id=15588, stack(0x000000885e600000,0x000000885e700000) (1024K)]
  0x00000260baaef520 WorkerThread "GC Thread#0"                     [id=33524, stack(0x000000885e500000,0x000000885e600000) (1024K)]
  0x0000026117adb9c0 WorkerThread "GC Thread#1"                     [id=22932, stack(0x000000885f700000,0x000000885f800000) (1024K)]
  0x0000026117adbd60 WorkerThread "GC Thread#2"                     [id=28032, stack(0x000000885f800000,0x000000885f900000) (1024K)]
  0x0000026117892400 WorkerThread "GC Thread#3"                     [id=32844, stack(0x000000885f900000,0x000000885fa00000) (1024K)]
  0x00000261178927a0 WorkerThread "GC Thread#4"                     [id=9772, stack(0x000000885fa00000,0x000000885fb00000) (1024K)]
  0x0000026117892b40 WorkerThread "GC Thread#5"                     [id=20036, stack(0x000000885fb00000,0x000000885fc00000) (1024K)]
  0x0000026117892ee0 WorkerThread "GC Thread#6"                     [id=19072, stack(0x000000885fc00000,0x000000885fd00000) (1024K)]
  0x000002611c284af0 WorkerThread "GC Thread#7"                     [id=27212, stack(0x000000885ff00000,0x0000008860000000) (1024K)]
  0x000002611c6373f0 WorkerThread "GC Thread#8"                     [id=21460, stack(0x0000008860300000,0x0000008860400000) (1024K)]
  0x000002611c5a53a0 WorkerThread "GC Thread#9"                     [id=31804, stack(0x0000008860400000,0x0000008860500000) (1024K)]
  0x000002611c5a5000 WorkerThread "GC Thread#10"                    [id=28612, stack(0x0000008860500000,0x0000008860600000) (1024K)]
  0x000002611c5a5ae0 WorkerThread "GC Thread#11"                    [id=29364, stack(0x0000008860900000,0x0000008860a00000) (1024K)]
  0x000002611c5a65c0 WorkerThread "GC Thread#12"                    [id=30836, stack(0x000000885f600000,0x000000885f700000) (1024K)]
Total: 15

Threads with active compile tasks:
C2 CompilerThread0  4213 3620       4       java.lang.invoke.MethodType::makeImpl (109 bytes)
Total: 1

VM state: not at safepoint (normal execution)

VM Mutex/Monitor currently owned by a thread: None

Heap address: 0x0000000080000000, size: 2048 MB, Compressed Oops mode: 32-bit

CDS archive(s) mapped at: [0x00000260d4000000-0x00000260d4ba0000-0x00000260d4ba0000), size 12189696, SharedBaseAddress: 0x00000260d4000000, ArchiveRelocationMode: 1.
Compressed class space mapped at: 0x00000260d5000000-0x0000026115000000, reserved size: 1073741824
Narrow klass base: 0x00000260d4000000, Narrow klass shift: 0, Narrow klass range: 0x100000000

GC Precious Log:
 CardTable entry size: 512
 CPUs: 16 total, 16 available
 Memory: 15722M
 Large Page Support: Disabled
 NUMA Support: Disabled
 Compressed Oops: Enabled (32-bit)
 Alignments: Space 512K, Generation 512K, Heap 2M
 Heap Min Capacity: 100M
 Heap Initial Capacity: 100M
 Heap Max Capacity: 2G
 Pre-touch: Disabled
 Parallel Workers: 13

Heap:
 PSYoungGen      total 30208K, used 9926K [0x00000000d5580000, 0x00000000d7980000, 0x0000000100000000)
  eden space 24576K, 18% used [0x00000000d5580000,0x00000000d59d9760,0x00000000d6d80000)
  from space 5632K, 97% used [0x00000000d7400000,0x00000000d79580e8,0x00000000d7980000)
  to   space 6144K, 0% used [0x00000000d6d80000,0x00000000d6d80000,0x00000000d7380000)
 ParOldGen       total 68608K, used 7966K [0x0000000080000000, 0x0000000084300000, 0x00000000d5580000)
  object space 68608K, 11% used [0x0000000080000000,0x00000000807c7918,0x0000000084300000)
 Metaspace       used 18764K, committed 19392K, reserved 1114112K
  class space    used 1934K, committed 2176K, reserved 1048576K

Card table byte_map: [0x00000260ce7c0000,0x00000260cebd0000] _byte_map_base: 0x00000260ce3c0000

Marking Bits: (ParMarkBitMap*) 0x00007ffaa258a340
 Begin Bits: [0x00000260cee80000, 0x00000260d0e80000)
 End Bits:   [0x00000260d0e80000, 0x00000260d2e80000)

Polling page: 0x00000260bab90000

Metaspace:

Usage:
  Non-class:     16.44 MB used.
      Class:      1.89 MB used.
       Both:     18.32 MB used.

Virtual space:
  Non-class space:       64.00 MB reserved,      16.81 MB ( 26%) committed,  1 nodes.
      Class space:        1.00 GB reserved,       2.12 MB ( <1%) committed,  1 nodes.
             Both:        1.06 GB reserved,      18.94 MB (  2%) committed. 

Chunk freelists:
   Non-Class:  14.38 MB
       Class:  13.81 MB
        Both:  28.19 MB

MaxMetaspaceSize: unlimited
CompressedClassSpaceSize: 1.00 GB
Initial GC threshold: 21.00 MB
Current GC threshold: 21.00 MB
CDS: on
 - commit_granule_bytes: 65536.
 - commit_granule_words: 8192.
 - virtual_space_node_default_size: 8388608.
 - enlarge_chunks_in_place: 1.
 - use_allocation_guard: 0.


Internal statistics:

num_allocs_failed_limit: 0.
num_arena_births: 560.
num_arena_deaths: 0.
num_vsnodes_births: 2.
num_vsnodes_deaths: 0.
num_space_committed: 303.
num_space_uncommitted: 0.
num_chunks_returned_to_freelist: 0.
num_chunks_taken_from_freelist: 1254.
num_chunk_merges: 0.
num_chunk_splits: 801.
num_chunks_enlarged: 526.
num_inconsistent_stats: 0.

CodeHeap 'non-profiled nmethods': size=119168Kb used=1608Kb max_used=1608Kb free=117559Kb
 bounds [0x00000260c7170000, 0x00000260c73e0000, 0x00000260ce5d0000]
CodeHeap 'profiled nmethods': size=119104Kb used=8466Kb max_used=8466Kb free=110637Kb
 bounds [0x00000260bf5d0000, 0x00000260bfe20000, 0x00000260c6a20000]
CodeHeap 'non-nmethods': size=7488Kb used=2967Kb max_used=2983Kb free=4520Kb
 bounds [0x00000260c6a20000, 0x00000260c6d10000, 0x00000260c7170000]
CodeCache: size=245760Kb, used=13041Kb, max_used=13057Kb, free=232716Kb
 total_blobs=4575, nmethods=4016, adapters=462, full_count=0
Compilation: enabled, stopped_count=0, restarted_count=0

Compilation events (20 events):
Event: 4.115 Thread 0x0000026115d3d180 nmethod 3961 0x00000260bfded410 code [0x00000260bfded760, 0x00000260bfdee758]
Event: 4.117 Thread 0x0000026115d3d180 3962       3       java.net.URI::isOpaque (13 bytes)
Event: 4.117 Thread 0x0000026115d3d180 nmethod 3962 0x00000260bfdeed90 code [0x00000260bfdeef20, 0x00000260bfdef080]
Event: 4.118 Thread 0x0000026115ca78e0 3964       1       org.apache.aries.spifly.weaver.TCCLSetterVisitor::access$800 (5 bytes)
Event: 4.118 Thread 0x0000026115ca78e0 nmethod 3964 0x00000260c72fbc10 code [0x00000260c72fbda0, 0x00000260c72fbe50]
Event: 4.119 Thread 0x0000026115d3f390 nmethod 3932 0x00000260c72fbf10 code [0x00000260c72fc100, 0x00000260c72fcab0]
Event: 4.119 Thread 0x0000026115d3f390 3934       4       org.objectweb.asm.ClassReader::readUTF8 (23 bytes)
Event: 4.120 Thread 0x0000026115ca78e0 3965       3       org.objectweb.asm.MethodWriter::putFrame (549 bytes)
Event: 4.120 Thread 0x0000026115d3ecc0 3966       3       org.objectweb.asm.ClassReader::readConst (276 bytes)
Event: 4.121 Thread 0x0000026115d3d850 3967       3       java.util.zip.Inflater$InflaterZStreamRef::clean (10 bytes)
Event: 4.121 Thread 0x0000026115d3d180 3968  s    3       java.util.zip.Inflater$InflaterZStreamRef::run (21 bytes)
Event: 4.121 Thread 0x0000026115d3d180 nmethod 3968 0x00000260bfdef110 code [0x00000260bfdef2c0, 0x00000260bfdef500]
Event: 4.121 Thread 0x0000026115d3d850 nmethod 3967 0x00000260bfdef610 code [0x00000260bfdef800, 0x00000260bfdefc00]
Event: 4.121 Thread 0x0000026115ca78e0 nmethod 3965 0x00000260bfdefd90 code [0x00000260bfdf0220, 0x00000260bfdf1c20]
Event: 4.122 Thread 0x0000026115d3f390 nmethod 3934 0x00000260c72fd010 code [0x00000260c72fd1c0, 0x00000260c72fd498]
Event: 4.122 Thread 0x0000026115d3f390 3933       4       org.objectweb.asm.ByteVector::putShort (52 bytes)
Event: 4.122 Thread 0x0000026115d3ecc0 nmethod 3966 0x00000260bfdf2890 code [0x00000260bfdf2d20, 0x00000260bfdf4850]
Event: 4.123 Thread 0x0000026115d3f390 nmethod 3933 0x00000260c72fd710 code [0x00000260c72fd8c0, 0x00000260c72fda80]
Event: 4.123 Thread 0x0000026115d3f390 3963       4       org.objectweb.asm.tree.InsnList::add (62 bytes)
Event: 4.123 Thread 0x0000026115d3f390 nmethod 3963 0x00000260c72fdc10 code [0x00000260c72fdda0, 0x00000260c72fdeb8]

GC Heap History (12 events):
Event: 1.077 GC heap before
{Heap before GC invocations=1 (full 0):
 PSYoungGen      total 29696K, used 25600K [0x00000000d5580000, 0x00000000d7680000, 0x0000000100000000)
  eden space 25600K, 100% used [0x00000000d5580000,0x00000000d6e80000,0x00000000d6e80000)
  from space 4096K, 0% used [0x00000000d7280000,0x00000000d7280000,0x00000000d7680000)
  to   space 4096K, 0% used [0x00000000d6e80000,0x00000000d6e80000,0x00000000d7280000)
 ParOldGen       total 68608K, used 0K [0x0000000080000000, 0x0000000084300000, 0x00000000d5580000)
  object space 68608K, 0% used [0x0000000080000000,0x0000000080000000,0x0000000084300000)
 Metaspace       used 4137K, committed 4416K, reserved 1114112K
  class space    used 451K, committed 576K, reserved 1048576K
}
Event: 1.085 GC heap after
{Heap after GC invocations=1 (full 0):
 PSYoungGen      total 29696K, used 3656K [0x00000000d5580000, 0x00000000d7680000, 0x0000000100000000)
  eden space 25600K, 0% used [0x00000000d5580000,0x00000000d5580000,0x00000000d6e80000)
  from space 4096K, 89% used [0x00000000d6e80000,0x00000000d7212248,0x00000000d7280000)
  to   space 4096K, 0% used [0x00000000d7280000,0x00000000d7280000,0x00000000d7680000)
 ParOldGen       total 68608K, used 16K [0x0000000080000000, 0x0000000084300000, 0x00000000d5580000)
  object space 68608K, 0% used [0x0000000080000000,0x0000000080004000,0x0000000084300000)
 Metaspace       used 4137K, committed 4416K, reserved 1114112K
  class space    used 451K, committed 576K, reserved 1048576K
}
Event: 1.821 GC heap before
{Heap before GC invocations=2 (full 0):
 PSYoungGen      total 29696K, used 29256K [0x00000000d5580000, 0x00000000d7680000, 0x0000000100000000)
  eden space 25600K, 100% used [0x00000000d5580000,0x00000000d6e80000,0x00000000d6e80000)
  from space 4096K, 89% used [0x00000000d6e80000,0x00000000d7212248,0x00000000d7280000)
  to   space 4096K, 0% used [0x00000000d7280000,0x00000000d7280000,0x00000000d7680000)
 ParOldGen       total 68608K, used 16K [0x0000000080000000, 0x0000000084300000, 0x00000000d5580000)
  object space 68608K, 0% used [0x0000000080000000,0x0000000080004000,0x0000000084300000)
 Metaspace       used 7851K, committed 8128K, reserved 1114112K
  class space    used 809K, committed 960K, reserved 1048576K
}
Event: 1.837 GC heap after
{Heap after GC invocations=2 (full 0):
 PSYoungGen      total 29696K, used 4069K [0x00000000d5580000, 0x00000000d7680000, 0x0000000100000000)
  eden space 25600K, 0% used [0x00000000d5580000,0x00000000d5580000,0x00000000d6e80000)
  from space 4096K, 99% used [0x00000000d7280000,0x00000000d7679540,0x00000000d7680000)
  to   space 4096K, 0% used [0x00000000d6e80000,0x00000000d6e80000,0x00000000d7280000)
 ParOldGen       total 68608K, used 1641K [0x0000000080000000, 0x0000000084300000, 0x00000000d5580000)
  object space 68608K, 2% used [0x0000000080000000,0x000000008019a6a8,0x0000000084300000)
 Metaspace       used 7851K, committed 8128K, reserved 1114112K
  class space    used 809K, committed 960K, reserved 1048576K
}
Event: 2.312 GC heap before
{Heap before GC invocations=3 (full 0):
 PSYoungGen      total 29696K, used 29669K [0x00000000d5580000, 0x00000000d7680000, 0x0000000100000000)
  eden space 25600K, 100% used [0x00000000d5580000,0x00000000d6e80000,0x00000000d6e80000)
  from space 4096K, 99% used [0x00000000d7280000,0x00000000d7679540,0x00000000d7680000)
  to   space 4096K, 0% used [0x00000000d6e80000,0x00000000d6e80000,0x00000000d7280000)
 ParOldGen       total 68608K, used 1641K [0x0000000080000000, 0x0000000084300000, 0x00000000d5580000)
  object space 68608K, 2% used [0x0000000080000000,0x000000008019a6a8,0x0000000084300000)
 Metaspace       used 9353K, committed 9728K, reserved 1114112K
  class space    used 994K, committed 1152K, reserved 1048576K
}
Event: 2.324 GC heap after
{Heap after GC invocations=3 (full 0):
 PSYoungGen      total 29696K, used 4069K [0x00000000d5580000, 0x00000000d7680000, 0x0000000100000000)
  eden space 25600K, 0% used [0x00000000d5580000,0x00000000d5580000,0x00000000d6e80000)
  from space 4096K, 99% used [0x00000000d6e80000,0x00000000d72797a0,0x00000000d7280000)
  to   space 4096K, 0% used [0x00000000d7280000,0x00000000d7280000,0x00000000d7680000)
 ParOldGen       total 68608K, used 4124K [0x0000000080000000, 0x0000000084300000, 0x00000000d5580000)
  object space 68608K, 6% used [0x0000000080000000,0x0000000080407298,0x0000000084300000)
 Metaspace       used 9353K, committed 9728K, reserved 1114112K
  class space    used 994K, committed 1152K, reserved 1048576K
}
Event: 2.933 GC heap before
{Heap before GC invocations=4 (full 0):
 PSYoungGen      total 29696K, used 29669K [0x00000000d5580000, 0x00000000d7680000, 0x0000000100000000)
  eden space 25600K, 100% used [0x00000000d5580000,0x00000000d6e80000,0x00000000d6e80000)
  from space 4096K, 99% used [0x00000000d6e80000,0x00000000d72797a0,0x00000000d7280000)
  to   space 4096K, 0% used [0x00000000d7280000,0x00000000d7280000,0x00000000d7680000)
 ParOldGen       total 68608K, used 4124K [0x0000000080000000, 0x0000000084300000, 0x00000000d5580000)
  object space 68608K, 6% used [0x0000000080000000,0x0000000080407298,0x0000000084300000)
 Metaspace       used 11852K, committed 12224K, reserved 1114112K
  class space    used 1252K, committed 1408K, reserved 1048576K
}
Event: 2.947 GC heap after
{Heap after GC invocations=4 (full 0):
 PSYoungGen      total 29696K, used 4078K [0x00000000d5580000, 0x00000000d7680000, 0x0000000100000000)
  eden space 25600K, 0% used [0x00000000d5580000,0x00000000d5580000,0x00000000d6e80000)
  from space 4096K, 99% used [0x00000000d7280000,0x00000000d767bb20,0x00000000d7680000)
  to   space 4096K, 0% used [0x00000000d6e80000,0x00000000d6e80000,0x00000000d7280000)
 ParOldGen       total 68608K, used 6144K [0x0000000080000000, 0x0000000084300000, 0x00000000d5580000)
  object space 68608K, 8% used [0x0000000080000000,0x00000000806002f8,0x0000000084300000)
 Metaspace       used 11852K, committed 12224K, reserved 1114112K
  class space    used 1252K, committed 1408K, reserved 1048576K
}
Event: 3.498 GC heap before
{Heap before GC invocations=5 (full 0):
 PSYoungGen      total 29696K, used 29678K [0x00000000d5580000, 0x00000000d7680000, 0x0000000100000000)
  eden space 25600K, 100% used [0x00000000d5580000,0x00000000d6e80000,0x00000000d6e80000)
  from space 4096K, 99% used [0x00000000d7280000,0x00000000d767bb20,0x00000000d7680000)
  to   space 4096K, 0% used [0x00000000d6e80000,0x00000000d6e80000,0x00000000d7280000)
 ParOldGen       total 68608K, used 6144K [0x0000000080000000, 0x0000000084300000, 0x00000000d5580000)
  object space 68608K, 8% used [0x0000000080000000,0x00000000806002f8,0x0000000084300000)
 Metaspace       used 14989K, committed 15552K, reserved 1114112K
  class space    used 1526K, committed 1792K, reserved 1048576K
}
Event: 3.512 GC heap after
{Heap after GC invocations=5 (full 0):
 PSYoungGen      total 29184K, used 4070K [0x00000000d5580000, 0x00000000d7a00000, 0x0000000100000000)
  eden space 25088K, 0% used [0x00000000d5580000,0x00000000d5580000,0x00000000d6e00000)
  from space 4096K, 99% used [0x00000000d6e80000,0x00000000d72798b8,0x00000000d7280000)
  to   space 6144K, 0% used [0x00000000d7400000,0x00000000d7400000,0x00000000d7a00000)
 ParOldGen       total 68608K, used 7958K [0x0000000080000000, 0x0000000084300000, 0x00000000d5580000)
  object space 68608K, 11% used [0x0000000080000000,0x00000000807c5918,0x0000000084300000)
 Metaspace       used 14989K, committed 15552K, reserved 1114112K
  class space    used 1526K, committed 1792K, reserved 1048576K
}
Event: 4.076 GC heap before
{Heap before GC invocations=6 (full 0):
 PSYoungGen      total 29184K, used 29158K [0x00000000d5580000, 0x00000000d7a00000, 0x0000000100000000)
  eden space 25088K, 100% used [0x00000000d5580000,0x00000000d6e00000,0x00000000d6e00000)
  from space 4096K, 99% used [0x00000000d6e80000,0x00000000d72798b8,0x00000000d7280000)
  to   space 6144K, 0% used [0x00000000d7400000,0x00000000d7400000,0x00000000d7a00000)
 ParOldGen       total 68608K, used 7958K [0x0000000080000000, 0x0000000084300000, 0x00000000d5580000)
  object space 68608K, 11% used [0x0000000080000000,0x00000000807c5918,0x0000000084300000)
 Metaspace       used 18384K, committed 19072K, reserved 1114112K
  class space    used 1895K, committed 2176K, reserved 1048576K
}
Event: 4.085 GC heap after
{Heap after GC invocations=6 (full 0):
 PSYoungGen      total 30208K, used 5472K [0x00000000d5580000, 0x00000000d7980000, 0x0000000100000000)
  eden space 24576K, 0% used [0x00000000d5580000,0x00000000d5580000,0x00000000d6d80000)
  from space 5632K, 97% used [0x00000000d7400000,0x00000000d79580e8,0x00000000d7980000)
  to   space 6144K, 0% used [0x00000000d6d80000,0x00000000d6d80000,0x00000000d7380000)
 ParOldGen       total 68608K, used 7966K [0x0000000080000000, 0x0000000084300000, 0x00000000d5580000)
  object space 68608K, 11% used [0x0000000080000000,0x00000000807c7918,0x0000000084300000)
 Metaspace       used 18384K, committed 19072K, reserved 1114112K
  class space    used 1895K, committed 2176K, reserved 1048576K
}

Dll operation events (10 events):
Event: 0.011 Loaded shared library c:\Users\fer\.vscode\extensions\redhat.java-1.44.0-win32-x64\jre\21.0.8-win32-x86_64\bin\java.dll
Event: 0.217 Loaded shared library c:\Users\fer\.vscode\extensions\redhat.java-1.44.0-win32-x64\jre\21.0.8-win32-x86_64\bin\zip.dll
Event: 0.277 Loaded shared library C:\Users\fer\.vscode\extensions\redhat.java-1.44.0-win32-x64\jre\21.0.8-win32-x86_64\bin\instrument.dll
Event: 0.283 Loaded shared library C:\Users\fer\.vscode\extensions\redhat.java-1.44.0-win32-x64\jre\21.0.8-win32-x86_64\bin\net.dll
Event: 0.287 Loaded shared library C:\Users\fer\.vscode\extensions\redhat.java-1.44.0-win32-x64\jre\21.0.8-win32-x86_64\bin\nio.dll
Event: 0.301 Loaded shared library C:\Users\fer\.vscode\extensions\redhat.java-1.44.0-win32-x64\jre\21.0.8-win32-x86_64\bin\zip.dll
Event: 0.350 Loaded shared library C:\Users\fer\.vscode\extensions\redhat.java-1.44.0-win32-x64\jre\21.0.8-win32-x86_64\bin\jimage.dll
Event: 0.526 Loaded shared library c:\Users\fer\.vscode\extensions\redhat.java-1.44.0-win32-x64\jre\21.0.8-win32-x86_64\bin\verify.dll
Event: 1.969 Loaded shared library C:\Users\fer\AppData\Roaming\Code\User\globalStorage\redhat.java\1.44.0\config_win\org.eclipse.equinox.launcher\org.eclipse.equinox.launcher.win32.win32.x86_64_1.2.1400.v20250730-1736\eclipse_11913.dll
Event: 3.857 Loaded shared library C:\Users\fer\AppData\Local\Temp\jna-101267\jna12861589054988235203.dll

Deoptimization events (20 events):
Event: 4.038 Thread 0x000002611c2220d0 Uncommon trap: trap_request=0xffffffde fr.pc=0x00000260c72f6dc4 relative=0x0000000000000124
Event: 4.038 Thread 0x000002611c2220d0 Uncommon trap: reason=class_check action=maybe_recompile pc=0x00000260c72f6dc4 method=jdk.internal.misc.Unsafe.allocateUninitializedArray(Ljava/lang/Class;I)Ljava/lang/Object; @ 51 c2
Event: 4.038 Thread 0x000002611c2220d0 DEOPT PACKING pc=0x00000260c72f6dc4 sp=0x00000088602f18d0
Event: 4.038 Thread 0x000002611c2220d0 DEOPT UNPACKING pc=0x00000260c6a73aa2 sp=0x00000088602f1848 mode 2
Event: 4.043 Thread 0x000002611c2220d0 Uncommon trap: trap_request=0xffffffde fr.pc=0x00000260c72f6dc4 relative=0x0000000000000124
Event: 4.043 Thread 0x000002611c2220d0 Uncommon trap: reason=class_check action=maybe_recompile pc=0x00000260c72f6dc4 method=jdk.internal.misc.Unsafe.allocateUninitializedArray(Ljava/lang/Class;I)Ljava/lang/Object; @ 51 c2
Event: 4.043 Thread 0x000002611c2220d0 DEOPT PACKING pc=0x00000260c72f6dc4 sp=0x00000088602f1760
Event: 4.043 Thread 0x000002611c2220d0 DEOPT UNPACKING pc=0x00000260c6a73aa2 sp=0x00000088602f16d8 mode 2
Event: 4.043 Thread 0x000002611c2220d0 Uncommon trap: trap_request=0xffffffde fr.pc=0x00000260c72f6dc4 relative=0x0000000000000124
Event: 4.043 Thread 0x000002611c2220d0 Uncommon trap: reason=class_check action=maybe_recompile pc=0x00000260c72f6dc4 method=jdk.internal.misc.Unsafe.allocateUninitializedArray(Ljava/lang/Class;I)Ljava/lang/Object; @ 51 c2
Event: 4.043 Thread 0x000002611c2220d0 DEOPT PACKING pc=0x00000260c72f6dc4 sp=0x00000088602f13f0
Event: 4.044 Thread 0x000002611c2220d0 DEOPT UNPACKING pc=0x00000260c6a73aa2 sp=0x00000088602f1368 mode 2
Event: 4.063 Thread 0x000002611c2220d0 Uncommon trap: trap_request=0xffffff45 fr.pc=0x00000260c72bb744 relative=0x00000000000000a4
Event: 4.063 Thread 0x000002611c2220d0 Uncommon trap: reason=unstable_if action=reinterpret pc=0x00000260c72bb744 method=java.lang.ref.ReferenceQueue.poll()Ljava/lang/ref/Reference; @ 4 c2
Event: 4.063 Thread 0x000002611c2220d0 DEOPT PACKING pc=0x00000260c72bb744 sp=0x00000088602f3890
Event: 4.063 Thread 0x000002611c2220d0 DEOPT UNPACKING pc=0x00000260c6a73aa2 sp=0x00000088602f3778 mode 2
Event: 4.063 Thread 0x000002611c2220d0 Uncommon trap: trap_request=0xffffff45 fr.pc=0x00000260c729b210 relative=0x0000000000000070
Event: 4.063 Thread 0x000002611c2220d0 Uncommon trap: reason=unstable_if action=reinterpret pc=0x00000260c729b210 method=java.lang.ref.ReferenceQueue.poll()Ljava/lang/ref/Reference; @ 4 c2
Event: 4.063 Thread 0x000002611c2220d0 DEOPT PACKING pc=0x00000260c729b210 sp=0x00000088602f37d0
Event: 4.063 Thread 0x000002611c2220d0 DEOPT UNPACKING pc=0x00000260c6a73aa2 sp=0x00000088602f3760 mode 2

Classes loaded (20 events):
Event: 3.911 Loading class java/util/stream/SortedOps$SizedRefSortingSink
Event: 3.911 Loading class java/util/stream/SortedOps$SizedRefSortingSink done
Event: 3.913 Loading class java/io/DataOutputStream
Event: 3.913 Loading class java/io/DataOutputStream done
Event: 3.934 Loading class java/util/concurrent/atomic/Striped64$1
Event: 3.934 Loading class java/util/concurrent/atomic/Striped64$1 done
Event: 3.973 Loading class java/util/BitSet
Event: 3.974 Loading class java/util/BitSet done
Event: 3.978 Loading class sun/net/www/protocol/jrt/JavaRuntimeURLConnection
Event: 3.978 Loading class sun/net/www/protocol/jrt/JavaRuntimeURLConnection done
Event: 3.979 Loading class sun/net/www/protocol/jrt/JavaRuntimeURLConnection$1
Event: 3.979 Loading class sun/net/www/protocol/jrt/JavaRuntimeURLConnection$1 done
Event: 4.005 Loading class java/util/function/UnaryOperator
Event: 4.005 Loading class java/util/function/UnaryOperator done
Event: 4.006 Loading class java/util/ServiceConfigurationError
Event: 4.007 Loading class java/util/ServiceConfigurationError done
Event: 4.014 Loading class java/lang/InheritableThreadLocal
Event: 4.014 Loading class java/lang/InheritableThreadLocal done
Event: 4.059 Loading class java/security/AccessControlException
Event: 4.059 Loading class java/security/AccessControlException done

Classes unloaded (0 events):
No events

Classes redefined (0 events):
No events

Internal exceptions (20 events):
Event: 3.657 Thread 0x000002611c2220d0 Exception <a 'java/lang/NoSuchMethodError'{0x00000000d5c7c560}: 'java.lang.Object java.lang.invoke.DirectMethodHandle$Holder.invokeStaticInit(java.lang.Object, int)'> (0x00000000d5c7c560) 
thrown [s\src\hotspot\share\interpreter\linkResolver.cpp, line 773]
Event: 3.703 Thread 0x000002611c2220d0 Exception <a 'java/lang/NoSuchMethodError'{0x00000000d5efbf50}: 'java.lang.Object java.lang.invoke.DirectMethodHandle$Holder.invokeStaticInit(java.lang.Object, int, int, int, int)'> (0x00000000d5efbf50) 
thrown [s\src\hotspot\share\interpreter\linkResolver.cpp, line 773]
Event: 3.745 Thread 0x000002611c2220d0 Exception <a 'java/lang/NoSuchMethodError'{0x00000000d6051bf8}: 'java.lang.Object java.lang.invoke.DirectMethodHandle$Holder.invokeStaticInit(java.lang.Object, java.lang.Object, int, int, int, int)'> (0x00000000d6051bf8) 
thrown [s\src\hotspot\share\interpreter\linkResolver.cpp, line 773]
Event: 3.873 Thread 0x000002611c2220d0 Exception <a 'java/lang/NoSuchMethodError'{0x00000000d6165158}: 'void java.lang.invoke.DirectMethodHandle$Holder.invokeSpecial(java.lang.Object, java.lang.Object, java.lang.Object, int)'> (0x00000000d6165158) 
thrown [s\src\hotspot\share\interpreter\linkResolver.cpp, line 773]
Event: 3.873 Thread 0x000002611c2220d0 Exception <a 'java/lang/NoSuchMethodError'{0x00000000d6168ae8}: 'void java.lang.invoke.DelegatingMethodHandle$Holder.reinvoke_L(java.lang.Object, java.lang.Object, int)'> (0x00000000d6168ae8) 
thrown [s\src\hotspot\share\interpreter\linkResolver.cpp, line 773]
Event: 3.874 Thread 0x000002611c2220d0 Exception <a 'java/lang/NoSuchMethodError'{0x00000000d616f7d0}: 'int java.lang.invoke.Invokers$Holder.invokeExact_MT(java.lang.Object, java.lang.Object, java.lang.Object)'> (0x00000000d616f7d0) 
thrown [s\src\hotspot\share\interpreter\linkResolver.cpp, line 773]
Event: 3.887 Thread 0x000002611c2220d0 Exception <a 'java/lang/NoSuchMethodError'{0x00000000d62889b8}: 'void java.lang.invoke.Invokers$Holder.invokeExact_MT(java.lang.Object, java.lang.Object, int, java.lang.Object)'> (0x00000000d62889b8) 
thrown [s\src\hotspot\share\interpreter\linkResolver.cpp, line 773]
Event: 3.901 Thread 0x000002611c2220d0 Exception <a 'java/lang/NoSuchMethodError'{0x00000000d638f320}: 'java.lang.Object java.lang.invoke.DirectMethodHandle$Holder.invokeSpecial(java.lang.Object, java.lang.Object, java.lang.Object, long, java.lang.Object)'> (0x00000000d638f320) 
thrown [s\src\hotspot\share\interpreter\linkResolver.cpp, line 773]
Event: 3.901 Thread 0x000002611c2220d0 Exception <a 'java/lang/NoSuchMethodError'{0x00000000d6396b68}: 'java.lang.Object java.lang.invoke.DirectMethodHandle$Holder.newInvokeSpecial(java.lang.Object, java.lang.Object, java.lang.Object, long)'> (0x00000000d6396b68) 
thrown [s\src\hotspot\share\interpreter\linkResolver.cpp, line 773]
Event: 3.902 Thread 0x000002611c2220d0 Exception <a 'java/lang/NoSuchMethodError'{0x00000000d639af58}: 'java.lang.Object java.lang.invoke.DirectMethodHandle$Holder.invokeSpecial(java.lang.Object, java.lang.Object, java.lang.Object, java.lang.Object, long)'> (0x00000000d639af58) 
thrown [s\src\hotspot\share\interpreter\linkResolver.cpp, line 773]
Event: 3.902 Thread 0x000002611c2220d0 Exception <a 'java/lang/NoSuchMethodError'{0x00000000d639eb78}: 'java.lang.Object java.lang.invoke.Invokers$Holder.linkToTargetMethod(java.lang.Object, java.lang.Object, long, java.lang.Object)'> (0x00000000d639eb78) 
thrown [s\src\hotspot\share\interpreter\linkResolver.cpp, line 773]
Event: 3.909 Thread 0x000002611c2220d0 Exception <a 'java/lang/NoSuchMethodError'{0x00000000d63ffff0}: 'int java.lang.invoke.DirectMethodHandle$Holder.invokeStaticInit(java.lang.Object, java.lang.Object, java.lang.Object)'> (0x00000000d63ffff0) 
thrown [s\src\hotspot\share\interpreter\linkResolver.cpp, line 773]
Event: 3.918 Thread 0x000002611c2220d0 Exception <a 'java/lang/IncompatibleClassChangeError'{0x00000000d64b7278}: Found class java.lang.Object, but interface was expected> (0x00000000d64b7278) 
thrown [s\src\hotspot\share\interpreter\linkResolver.cpp, line 840]
Event: 3.921 Thread 0x000002611c2220d0 Exception <a 'java/lang/NoSuchMethodError'{0x00000000d64c6cb0}: 'java.lang.Object java.lang.invoke.DirectMethodHandle$Holder.invokeSpecial(java.lang.Object, java.lang.Object, java.lang.Object, int, java.lang.Object, java.lang.Object)'> (0x00000000d64c6cb0) 
thrown [s\src\hotspot\share\interpreter\linkResolver.cpp, line 773]
Event: 3.922 Thread 0x000002611c2220d0 Exception <a 'java/lang/NoSuchMethodError'{0x00000000d64ce740}: 'java.lang.Object java.lang.invoke.DirectMethodHandle$Holder.newInvokeSpecial(java.lang.Object, java.lang.Object, java.lang.Object, int, java.lang.Object)'> (0x00000000d64ce740) 
thrown [s\src\hotspot\share\interpreter\linkResolver.cpp, line 773]
Event: 3.923 Thread 0x000002611c2220d0 Exception <a 'java/lang/NoSuchMethodError'{0x00000000d64d2700}: 'java.lang.Object java.lang.invoke.DirectMethodHandle$Holder.invokeSpecial(java.lang.Object, java.lang.Object, java.lang.Object, java.lang.Object, int, java.lang.Object)'> (0x00000000d64d2700) 
thrown [s\src\hotspot\share\interpreter\linkResolver.cpp, line 773]
Event: 3.923 Thread 0x000002611c2220d0 Exception <a 'java/lang/NoSuchMethodError'{0x00000000d64d6240}: 'java.lang.Object java.lang.invoke.Invokers$Holder.linkToTargetMethod(java.lang.Object, java.lang.Object, int, java.lang.Object, java.lang.Object)'> (0x00000000d64d6240) 
thrown [s\src\hotspot\share\interpreter\linkResolver.cpp, line 773]
Event: 3.924 Thread 0x000002611c220d20 Exception <a 'java/lang/NoSuchMethodError'{0x00000000d6406d70}: 'java.lang.Object java.lang.invoke.DirectMethodHandle$Holder.invokeSpecial(java.lang.Object, java.lang.Object, int, java.lang.Object, java.lang.Object)'> (0x00000000d6406d70) 
thrown [s\src\hotspot\share\interpreter\linkResolver.cpp, line 773]
Event: 3.937 Thread 0x000002611c2220d0 Exception <a 'java/lang/NoSuchMethodError'{0x00000000d65d8af8}: 'void java.lang.invoke.DirectMethodHandle$Holder.invokeSpecial(java.lang.Object, java.lang.Object, java.lang.Object, java.lang.Object, java.lang.Object)'> (0x00000000d65d8af8) 
thrown [s\src\hotspot\share\interpreter\linkResolver.cpp, line 773]
Event: 4.062 Thread 0x000002611c2220d0 Exception <a 'java/lang/NoSuchMethodError'{0x00000000d6d777d0}: 'java.lang.Object java.lang.invoke.DirectMethodHandle$Holder.invokeInterface(java.lang.Object, java.lang.Object, java.lang.Object)'> (0x00000000d6d777d0) 
thrown [s\src\hotspot\share\interpreter\linkResolver.cpp, line 773]

ZGC Phase Switch (0 events):
No events

VM Operations (20 events):
Event: 3.498 Executing VM operation: ParallelGCFailedAllocation (Allocation Failure)
Event: 3.512 Executing VM operation: ParallelGCFailedAllocation (Allocation Failure) done
Event: 3.557 Executing VM operation: HandshakeAllThreads (Deoptimize)
Event: 3.557 Executing VM operation: HandshakeAllThreads (Deoptimize) done
Event: 3.678 Executing VM operation: HandshakeAllThreads (Deoptimize)
Event: 3.678 Executing VM operation: HandshakeAllThreads (Deoptimize) done
Event: 3.719 Executing VM operation: HandshakeAllThreads (Deoptimize)
Event: 3.719 Executing VM operation: HandshakeAllThreads (Deoptimize) done
Event: 3.864 Executing VM operation: HandshakeAllThreads (Deoptimize)
Event: 3.864 Executing VM operation: HandshakeAllThreads (Deoptimize) done
Event: 3.979 Executing VM operation: HandshakeAllThreads (Deoptimize)
Event: 3.979 Executing VM operation: HandshakeAllThreads (Deoptimize) done
Event: 4.017 Executing VM operation: HandshakeAllThreads (Deoptimize)
Event: 4.018 Executing VM operation: HandshakeAllThreads (Deoptimize) done
Event: 4.023 Executing VM operation: HandshakeAllThreads (Deoptimize)
Event: 4.023 Executing VM operation: HandshakeAllThreads (Deoptimize) done
Event: 4.069 Executing VM operation: ICBufferFull
Event: 4.069 Executing VM operation: ICBufferFull done
Event: 4.076 Executing VM operation: ParallelGCFailedAllocation (Allocation Failure)
Event: 4.085 Executing VM operation: ParallelGCFailedAllocation (Allocation Failure) done

Memory protections (0 events):
No events

Nmethod flushes (0 events):
No events

Events (20 events):
Event: 0.228 Thread 0x0000026115c35250 Thread added: 0x0000026115d3f390
Event: 0.365 Thread 0x0000026115d3ecc0 Thread added: 0x0000026115d3d850
Event: 0.649 Thread 0x00000260baad1320 Thread added: 0x0000026115c2ef00
Event: 0.753 Thread 0x0000026115d3d180 Thread added: 0x0000026115d3c3e0
Event: 1.323 Thread 0x0000026115d3c3e0 Thread added: 0x0000026115d3fa60
Event: 1.663 Thread 0x00000260baad1320 Thread added: 0x0000026115c2c110
Event: 1.964 Thread 0x00000260baad1320 Thread added: 0x0000026115c2ba80
Event: 1.987 Thread 0x0000026115c2ba80 Thread added: 0x0000026115c2d4c0
Event: 1.989 Thread 0x00000260baad1320 Thread added: 0x000002611c2220d0
Event: 2.501 Thread 0x000002611c2220d0 Thread added: 0x000002611c2241a0
Event: 2.818 Thread 0x000002611c2220d0 Thread added: 0x000002611c2213b0
Event: 2.893 Thread 0x000002611c2220d0 Thread added: 0x000002611c221a40
Event: 3.341 Thread 0x000002611c2220d0 Thread added: 0x000002611c223480
Event: 3.361 Thread 0x0000026115d3fa60 Thread exited: 0x0000026115d3fa60
Event: 3.385 Thread 0x0000026115d3c3e0 Thread exited: 0x0000026115d3c3e0
Event: 3.857 Thread 0x0000026115d3f390 Thread exited: 0x0000026115d3f390
Event: 3.878 Thread 0x000002611c2220d0 Thread added: 0x000002611c222760
Event: 3.905 Thread 0x000002611c2220d0 Thread added: 0x000002611c220d20
Event: 3.924 Thread 0x000002611c2220d0 Thread added: 0x000002611c223b10
Event: 3.980 Thread 0x0000026115ca78e0 Thread added: 0x0000026115d3f390


Dynamic libraries:
0x00007ff639940000 - 0x00007ff63994e000 	c:\Users\fer\.vscode\extensions\redhat.java-1.44.0-win32-x64\jre\21.0.8-win32-x86_64\bin\java.exe
0x00007ffb05de0000 - 0x00007ffb06047000 	C:\WINDOWS\SYSTEM32\ntdll.dll
0x00007ffb04aa0000 - 0x00007ffb04b69000 	C:\WINDOWS\System32\KERNEL32.DLL
0x00007ffb03440000 - 0x00007ffb03830000 	C:\WINDOWS\System32\KERNELBASE.dll
0x00007ffb03a20000 - 0x00007ffb03b6b000 	C:\WINDOWS\System32\ucrtbase.dll
0x00007ffade290000 - 0x00007ffade2ae000 	c:\Users\fer\.vscode\extensions\redhat.java-1.44.0-win32-x64\jre\21.0.8-win32-x86_64\bin\VCRUNTIME140.dll
0x00007ffadc900000 - 0x00007ffadc918000 	c:\Users\fer\.vscode\extensions\redhat.java-1.44.0-win32-x64\jre\21.0.8-win32-x86_64\bin\jli.dll
0x00007ffb03f50000 - 0x00007ffb04115000 	C:\WINDOWS\System32\USER32.dll
0x00007ffaecc30000 - 0x00007ffaececa000 	C:\WINDOWS\WinSxS\amd64_microsoft.windows.common-controls_6595b64144ccf1df_6.0.26100.4768_none_3e0c112ce331287c\COMCTL32.dll
0x00007ffb02fc0000 - 0x00007ffb02fe7000 	C:\WINDOWS\System32\win32u.dll
0x00007ffb04bf0000 - 0x00007ffb04c99000 	C:\WINDOWS\System32\msvcrt.dll
0x00007ffb05d00000 - 0x00007ffb05d2b000 	C:\WINDOWS\System32\GDI32.dll
0x00007ffb038e0000 - 0x00007ffb03a18000 	C:\WINDOWS\System32\gdi32full.dll
0x00007ffb02f10000 - 0x00007ffb02fb3000 	C:\WINDOWS\System32\msvcp_win.dll
0x00007ffb05a70000 - 0x00007ffb05a9f000 	C:\WINDOWS\System32\IMM32.DLL
0x00007ffafc660000 - 0x00007ffafc66c000 	c:\Users\fer\.vscode\extensions\redhat.java-1.44.0-win32-x64\jre\21.0.8-win32-x86_64\bin\vcruntime140_1.dll
0x00007ffad1000000 - 0x00007ffad108d000 	c:\Users\fer\.vscode\extensions\redhat.java-1.44.0-win32-x64\jre\21.0.8-win32-x86_64\bin\msvcp140.dll
0x00007ffaa18d0000 - 0x00007ffaa2667000 	c:\Users\fer\.vscode\extensions\redhat.java-1.44.0-win32-x64\jre\21.0.8-win32-x86_64\bin\server\jvm.dll
0x00007ffb049e0000 - 0x00007ffb04a94000 	C:\WINDOWS\System32\ADVAPI32.dll
0x00007ffb05c50000 - 0x00007ffb05cf6000 	C:\WINDOWS\System32\sechost.dll
0x00007ffb043c0000 - 0x00007ffb044d8000 	C:\WINDOWS\System32\RPCRT4.dll
0x00007ffb04340000 - 0x00007ffb043b4000 	C:\WINDOWS\System32\WS2_32.dll
0x00007ffaf9b20000 - 0x00007ffaf9b55000 	C:\WINDOWS\SYSTEM32\WINMM.dll
0x00007ffafb590000 - 0x00007ffafb59b000 	C:\WINDOWS\SYSTEM32\VERSION.dll
0x00007ffb02d70000 - 0x00007ffb02dce000 	C:\WINDOWS\SYSTEM32\POWRPROF.dll
0x00007ffb02d50000 - 0x00007ffb02d64000 	C:\WINDOWS\SYSTEM32\UMPDC.dll
0x00007ffb01bf0000 - 0x00007ffb01c0b000 	C:\WINDOWS\SYSTEM32\kernel.appcore.dll
0x00007ffae8db0000 - 0x00007ffae8dba000 	c:\Users\fer\.vscode\extensions\redhat.java-1.44.0-win32-x64\jre\21.0.8-win32-x86_64\bin\jimage.dll
0x00007ffaf9760000 - 0x00007ffaf99a1000 	C:\WINDOWS\SYSTEM32\DBGHELP.DLL
0x00007ffb044e0000 - 0x00007ffb04865000 	C:\WINDOWS\System32\combase.dll
0x00007ffb048f0000 - 0x00007ffb049d0000 	C:\WINDOWS\System32\OLEAUT32.dll
0x00007ffaecbe0000 - 0x00007ffaecc23000 	C:\WINDOWS\SYSTEM32\dbgcore.DLL
0x00007ffb03840000 - 0x00007ffb038d9000 	C:\WINDOWS\System32\bcryptPrimitives.dll
0x00007ffae8780000 - 0x00007ffae878f000 	c:\Users\fer\.vscode\extensions\redhat.java-1.44.0-win32-x64\jre\21.0.8-win32-x86_64\bin\instrument.dll
0x00007ffad4e40000 - 0x00007ffad4e5f000 	c:\Users\fer\.vscode\extensions\redhat.java-1.44.0-win32-x64\jre\21.0.8-win32-x86_64\bin\java.dll
0x00007ffb04ca0000 - 0x00007ffb053ed000 	C:\WINDOWS\System32\SHELL32.dll
0x00007ffb032c0000 - 0x00007ffb03433000 	C:\WINDOWS\System32\wintypes.dll
0x00007ffb00b30000 - 0x00007ffb0138f000 	C:\WINDOWS\SYSTEM32\windows.storage.dll
0x00007ffb03b70000 - 0x00007ffb03c65000 	C:\WINDOWS\System32\SHCORE.dll
0x00007ffb05d30000 - 0x00007ffb05d9a000 	C:\WINDOWS\System32\shlwapi.dll
0x00007ffb02e30000 - 0x00007ffb02e59000 	C:\WINDOWS\SYSTEM32\profapi.dll
0x00007ffad8020000 - 0x00007ffad8038000 	c:\Users\fer\.vscode\extensions\redhat.java-1.44.0-win32-x64\jre\21.0.8-win32-x86_64\bin\zip.dll
0x00007ffae0780000 - 0x00007ffae0790000 	C:\Users\fer\.vscode\extensions\redhat.java-1.44.0-win32-x64\jre\21.0.8-win32-x86_64\bin\net.dll
0x00007ffafb8c0000 - 0x00007ffafb9de000 	C:\WINDOWS\SYSTEM32\WINHTTP.dll
0x00007ffb02220000 - 0x00007ffb0228b000 	C:\WINDOWS\system32\mswsock.dll
0x00007ffad0640000 - 0x00007ffad0656000 	C:\Users\fer\.vscode\extensions\redhat.java-1.44.0-win32-x64\jre\21.0.8-win32-x86_64\bin\nio.dll
0x00007ffadf6e0000 - 0x00007ffadf6f0000 	c:\Users\fer\.vscode\extensions\redhat.java-1.44.0-win32-x64\jre\21.0.8-win32-x86_64\bin\verify.dll
0x00007ffacbe50000 - 0x00007ffacbe95000 	C:\Users\fer\AppData\Roaming\Code\User\globalStorage\redhat.java\1.44.0\config_win\org.eclipse.equinox.launcher\org.eclipse.equinox.launcher.win32.win32.x86_64_1.2.1400.v20250730-1736\eclipse_11913.dll
0x00007ffb03d90000 - 0x00007ffb03f30000 	C:\WINDOWS\System32\ole32.dll
0x00007ffb024e0000 - 0x00007ffb024fb000 	C:\WINDOWS\SYSTEM32\CRYPTSP.dll
0x00007ffb01c10000 - 0x00007ffb01c4b000 	C:\WINDOWS\system32\rsaenh.dll
0x00007ffb022c0000 - 0x00007ffb022eb000 	C:\WINDOWS\SYSTEM32\USERENV.dll
0x00007ffb02e00000 - 0x00007ffb02e26000 	C:\WINDOWS\SYSTEM32\bcrypt.dll
0x00007ffb02500000 - 0x00007ffb0250c000 	C:\WINDOWS\SYSTEM32\CRYPTBASE.dll
0x00007ffb016f0000 - 0x00007ffb01723000 	C:\WINDOWS\SYSTEM32\IPHLPAPI.DLL
0x00007ffb03f40000 - 0x00007ffb03f4a000 	C:\WINDOWS\System32\NSI.dll
0x00007ffac84c0000 - 0x00007ffac8509000 	C:\Users\fer\AppData\Local\Temp\jna-101267\jna12861589054988235203.dll
0x00007ffb03cf0000 - 0x00007ffb03cf8000 	C:\WINDOWS\System32\PSAPI.DLL

JVMTI agents:
c:\Users\fer\.vscode\extensions\redhat.java-1.44.0-win32-x64\lombok\lombok-1.18.39-4050.jar path:c:\Users\fer\.vscode\extensions\redhat.java-1.44.0-win32-x64\jre\21.0.8-win32-x86_64\bin\instrument.dll, loaded, initialized, instrumentlib options:none

dbghelp: loaded successfully - version: 4.0.5 - missing functions: none
symbol engine: initialized successfully - sym options: 0x614 - pdb path: .;c:\Users\fer\.vscode\extensions\redhat.java-1.44.0-win32-x64\jre\21.0.8-win32-x86_64\bin;C:\WINDOWS\SYSTEM32;C:\WINDOWS\WinSxS\amd64_microsoft.windows.common-controls_6595b64144ccf1df_6.0.26100.4768_none_3e0c112ce331287c;c:\Users\fer\.vscode\extensions\redhat.java-1.44.0-win32-x64\jre\21.0.8-win32-x86_64\bin\server;C:\Users\fer\AppData\Roaming\Code\User\globalStorage\redhat.java\1.44.0\config_win\org.eclipse.equinox.launcher\org.eclipse.equinox.launcher.win32.win32.x86_64_1.2.1400.v20250730-1736;C:\Users\fer\AppData\Local\Temp\jna-101267

VM Arguments:
jvm_args: --add-modules=ALL-SYSTEM --add-opens=java.base/java.util=ALL-UNNAMED --add-opens=java.base/java.lang=ALL-UNNAMED --add-opens=java.base/sun.nio.fs=ALL-UNNAMED -Declipse.application=org.eclipse.jdt.ls.core.id1 -Dosgi.bundles.defaultStartLevel=4 -Declipse.product=org.eclipse.jdt.ls.core.product -Djava.import.generatesMetadataFilesAtProjectRoot=false -DDetectVMInstallationsJob.disabled=true -Dfile.encoding=utf8 -XX:+UseParallelGC -XX:GCTimeRatio=4 -XX:AdaptiveSizePolicyWeight=90 -Dsun.zip.disableMemoryMapping=true -Xmx2G -Xms100m -Xlog:disable -javaagent:c:\Users\fer\.vscode\extensions\redhat.java-1.44.0-win32-x64\lombok\lombok-1.18.39-4050.jar -XX:+HeapDumpOnOutOfMemoryError -XX:HeapDumpPath=c:\Users\fer\AppData\Roaming\Code\User\workspaceStorage\264fabb98e775877978eaacb758c2d45\redhat.java -Daether.dependencyCollector.impl=bf 
java_command: c:\Users\fer\.vscode\extensions\redhat.java-1.44.0-win32-x64\server\plugins\org.eclipse.equinox.launcher_1.7.0.v20250519-0528.jar -configuration c:\Users\fer\AppData\Roaming\Code\User\globalStorage\redhat.java\1.44.0\config_win -data c:\Users\fer\AppData\Roaming\Code\User\workspaceStorage\264fabb98e775877978eaacb758c2d45\redhat.java\jdt_ws --pipe=\\.\pipe\lsp-5e9b6e991c5c872970ae181f72035de4-sock
java_class_path (initial): c:\Users\fer\.vscode\extensions\redhat.java-1.44.0-win32-x64\server\plugins\org.eclipse.equinox.launcher_1.7.0.v20250519-0528.jar
Launcher Type: SUN_STANDARD

[Global flags]
    uintx AdaptiveSizePolicyWeight                 = 90                                        {product} {command line}
     intx CICompilerCount                          = 12                                        {product} {ergonomic}
    uintx GCTimeRatio                              = 4                                         {product} {command line}
     bool HeapDumpOnOutOfMemoryError               = true                                   {manageable} {command line}
    ccstr HeapDumpPath                             = c:\Users\fer\AppData\Roaming\Code\User\workspaceStorage\264fabb98e775877978eaacb758c2d45\redhat.java         {manageable} {command line}
   size_t InitialHeapSize                          = 104857600                                 {product} {command line}
   size_t MaxHeapSize                              = 2147483648                                {product} {command line}
   size_t MaxNewSize                               = 715653120                                 {product} {ergonomic}
   size_t MinHeapDeltaBytes                        = 524288                                    {product} {ergonomic}
   size_t MinHeapSize                              = 104857600                                 {product} {command line}
   size_t NewSize                                  = 34603008                                  {product} {ergonomic}
    uintx NonNMethodCodeHeapSize                   = 7602480                                {pd product} {ergonomic}
    uintx NonProfiledCodeHeapSize                  = 122027880                              {pd product} {ergonomic}
   size_t OldSize                                  = 70254592                                  {product} {ergonomic}
    uintx ProfiledCodeHeapSize                     = 122027880                              {pd product} {ergonomic}
    uintx ReservedCodeCacheSize                    = 251658240                              {pd product} {ergonomic}
     bool SegmentedCodeCache                       = true                                      {product} {ergonomic}
   size_t SoftMaxHeapSize                          = 2147483648                             {manageable} {ergonomic}
     bool UseCompressedOops                        = true                           {product lp64_product} {ergonomic}
     bool UseLargePagesIndividualAllocation        = false                                  {pd product} {ergonomic}
     bool UseParallelGC                            = true                                      {product} {command line}

Logging:
Log output configuration:
 #0: stdout all=off uptime,level,tags foldmultilines=false
 #1: stderr all=off uptime,level,tags foldmultilines=false

Environment Variables:
JAVA_HOME=C:\Program Files\Java\jdk-17
PATH=C:\Program Files\Common Files\Oracle\Java\javapath;C:\Program Files (x86)\Common Files\Oracle\Java\java8path;C:\Program Files (x86)\Common Files\Oracle\Java\javapath;C:\WINDOWS\system32;C:\WINDOWS;C:\WINDOWS\System32\Wbem;C:\WINDOWS\System32\WindowsPowerShell\v1.0\;C:\WINDOWS\System32\OpenSSH\;C:\Program Files\MongoDB\Server\8.0\bin;C:\php;C:\Program Files\Git\cmd;C:\Program Files\dotnet\;C:\ProgramData\ComposerSetup\bin;C:\Program Files\Amazon\AWSCLIV2\;C:\Program Files\Microsoft SQL Server\150\Tools\Binn\;C:\Program Files\Go\bin;C:\Program Files\nodejs\;C:\Program Files\Apache\Maven\\bin;C:\ffmpeg\bin;C:\Users\fer\AppData\Local\Programs\Python\Launcher\;C:\Users\fer\AppData\Local\Microsoft\WindowsApps;C:\Users\fer\AppData\Local\Programs\Microsoft VS Code\bin;C:\Users\fer\AppData\Local\Programs\mongosh\;C:\Program Files\JetBrains\IntelliJ IDEA 2024.3\bin;;C:\Users\fer\AppData\Roaming\Composer\vendor\bin;C:\Program Files\JetBrains\WebStorm 2024.3.2.1\bin;;C:\Program Files\Java\jdk-17\bin;C:\Program Files\ant\bin;C:\Users\fer\AppData\Local\Google\Cloud SDK\google-cloud-sdk\bin;C:\Users\fer\go\bin;C:\Users\fer\AppData\Roaming\npm
USERNAME=fer
OS=Windows_NT
PROCESSOR_IDENTIFIER=AMD64 Family 23 Model 104 Stepping 1, AuthenticAMD
TMP=C:\Users\fer\AppData\Local\Temp
TEMP=C:\Users\fer\AppData\Local\Temp




Periodic native trim disabled

---------------  S Y S T E M  ---------------

OS:
 Windows 11 , 64 bit Build 26100 (10.0.26100.4768)
OS uptime: 0 days 15:55 hours

CPU: total 16 (initial active 16) (16 cores per cpu, 2 threads per core) family 23 model 104 stepping 1 microcode 0x8608102, cx8, cmov, fxsr, ht, mmx, 3dnowpref, sse, sse2, sse3, ssse3, sse4a, sse4.1, sse4.2, popcnt, lzcnt, tsc, tscinvbit, avx, avx2, aes, clmul, bmi1, bmi2, adx, sha, fma, vzeroupper, clflush, clflushopt, rdtscp, rdpid, f16c
Processor Information for the first 16 processors :
  Max Mhz: 1801, Current Mhz: 1801, Mhz Limit: 1801

Memory: 4k page, system-wide physical 15722M (4143M free)
TotalPageFile size 64874M (AvailPageFile size 2M)
current process WorkingSet (physical memory assigned to process): 148M, peak: 148M
current process commit charge ("private bytes"): 298M, peak: 300M

vm_info: OpenJDK 64-Bit Server VM (21.0.8+9-LTS) for windows-amd64 JRE (21.0.8+9-LTS), built on 2025-07-15T00:00:00Z by "admin" with MS VC++ 17.7 (VS2022)

END.
