#
# There is insufficient memory for the Java Runtime Environment to continue.
# Native memory allocation (malloc) failed to allocate 32744 bytes. Error detail: Chunk::new
# Possible reasons:
#   The system is out of physical RAM or swap space
#   This process is running with CompressedOops enabled, and the Java Heap may be blocking the growth of the native heap
# Possible solutions:
#   Reduce memory load on the system
#   Increase physical memory or swap space
#   Check if swap backing store is full
#   Decrease Java heap size (-Xmx/-Xms)
#   Decrease number of Java threads
#   Decrease Java thread stack sizes (-Xss)
#   Set larger code cache with -XX:ReservedCodeCacheSize=
#   JVM is running with Unscaled Compressed Oops mode in which the Java heap is
#     placed in the first 4GB address space. The Java Heap base address is the
#     maximum limit for the native heap growth. Please use -XX:HeapBaseMinAddress
#     to set the Java Heap base and to place the Java Heap above 4GB virtual address.
# This output file may be truncated or incomplete.
#
#  Out of Memory Error (arena.cpp:168), pid=30752, tid=26032
#
# JRE version: OpenJDK Runtime Environment Temurin-21.0.8+9 (21.0.8+9) (build 21.0.8+9-LTS)
# Java VM: OpenJDK 64-Bit Server VM Temurin-21.0.8+9 (21.0.8+9-LTS, mixed mode, sharing, tiered, compressed oops, compressed class ptrs, parallel gc, windows-amd64)
# No core dump will be written. Minidumps are not enabled by default on client versions of Windows
#

---------------  S U M M A R Y ------------

Command Line: --add-modules=ALL-SYSTEM --add-opens=java.base/java.util=ALL-UNNAMED --add-opens=java.base/java.lang=ALL-UNNAMED --add-opens=java.base/sun.nio.fs=ALL-UNNAMED -Declipse.application=org.eclipse.jdt.ls.core.id1 -Dosgi.bundles.defaultStartLevel=4 -Declipse.product=org.eclipse.jdt.ls.core.product -Djava.import.generatesMetadataFilesAtProjectRoot=false -DDetectVMInstallationsJob.disabled=true -Dfile.encoding=utf8 -XX:+UseParallelGC -XX:GCTimeRatio=4 -XX:AdaptiveSizePolicyWeight=90 -Dsun.zip.disableMemoryMapping=true -Xmx2G -Xms100m -Xlog:disable -javaagent:c:\Users\fer\.vscode\extensions\redhat.java-1.44.0-win32-x64\lombok\lombok-1.18.39-4050.jar -XX:+HeapDumpOnOutOfMemoryError -XX:HeapDumpPath=c:\Users\fer\AppData\Roaming\Code\User\workspaceStorage\264fabb98e775877978eaacb758c2d45\redhat.java -Daether.dependencyCollector.impl=bf c:\Users\fer\.vscode\extensions\redhat.java-1.44.0-win32-x64\server\plugins\org.eclipse.equinox.launcher_1.7.0.v20250519-0528.jar -configuration c:\Users\fer\AppData\Roaming\Code\User\globalStorage\redhat.java\1.44.0\config_win -data c:\Users\fer\AppData\Roaming\Code\User\workspaceStorage\264fabb98e775877978eaacb758c2d45\redhat.java\jdt_ws --pipe=\\.\pipe\lsp-d94ea162401c5321a96a4239ef330948-sock

Host: AMD Ryzen 7 5700U with Radeon Graphics         , 16 cores, 15G,  Windows 11 , 64 bit Build 26100 (10.0.26100.4768)
Time: Mon Aug 25 03:34:54 2025 Hora oficial do Brasil elapsed time: 25.593327 seconds (0d 0h 0m 25s)

---------------  T H R E A D  ---------------

Current thread (0x0000023958e82160):  JavaThread "C2 CompilerThread2" daemon [_thread_in_native, id=26032, stack(0x00000047a3d00000,0x00000047a3e00000) (1024K)]


Current CompileTask:
C2:25593 9874       4       org.eclipse.jdt.internal.compiler.parser.Parser::consumeRule (7748 bytes)

Stack: [0x00000047a3d00000,0x00000047a3e00000]
Native frames: (J=compiled Java code, j=interpreted, Vv=VM code, C=native code)
V  [jvm.dll+0x6d2449]
V  [jvm.dll+0x8ae341]
V  [jvm.dll+0x8b08be]
V  [jvm.dll+0x8b0fa3]
V  [jvm.dll+0x280c96]
V  [jvm.dll+0xc581d]
V  [jvm.dll+0xc5d53]
V  [jvm.dll+0x6fdd5c]
V  [jvm.dll+0x1e14d6]
V  [jvm.dll+0x249022]
V  [jvm.dll+0x2484af]
V  [jvm.dll+0x1c89ee]
V  [jvm.dll+0x257d4d]
V  [jvm.dll+0x2562ea]
V  [jvm.dll+0x3f2d16]
V  [jvm.dll+0x857e6b]
V  [jvm.dll+0x6d0b0d]
C  [ucrtbase.dll+0x37b0]
C  [KERNEL32.DLL+0x2e8d7]
C  [ntdll.dll+0x3c34c]


---------------  P R O C E S S  ---------------

Threads class SMR info:
_java_thread_list=0x0000023967485580, length=100, elements={
0x0000023978d3cf80, 0x0000023978de35a0, 0x000002397c7dda00, 0x0000023978deab80,
0x0000023978deb8a0, 0x0000023978dea4f0, 0x0000023978deb210, 0x000002397dbb4fd0,
0x000002397dbbef30, 0x0000023978de8420, 0x000002397dcbb170, 0x000002397dcbe790,
0x0000023978de8ab0, 0x0000023978de9140, 0x0000023978de9e60, 0x0000023978de97d0,
0x00000239582d6fa0, 0x00000239582d6910, 0x00000239582d7630, 0x00000239582d4840,
0x00000239582d41b0, 0x00000239582d7cc0, 0x00000239582d6280, 0x00000239582d8350,
0x00000239583603f0, 0x0000023958e82160, 0x00000239582d9d90, 0x0000023959ec9010,
0x00000239582db7d0, 0x00000239582db140, 0x00000239582da420, 0x00000239582d89e0,
0x00000239582daab0, 0x00000239582d9700, 0x00000239582d9070, 0x000002395a75aeb0,
0x000002395a75cf80, 0x000002395a75c8f0, 0x000002395a75a820, 0x000002395a75e330,
0x000002395a75d610, 0x000002395a75dca0, 0x000002395a75e9c0, 0x000002395a75b540,
0x000002395a75f050, 0x000002395a75bbd0, 0x000002395a75f6e0, 0x000002395a75c260,
0x000002395a7617b0, 0x000002395a761120, 0x000002395a760400, 0x000002395a761e40,
0x000002395a760a90, 0x00000239637d14d0, 0x00000239637ce050, 0x00000239637ce6e0,
0x00000239637d0e40, 0x00000239637d2880, 0x00000239637d1b60, 0x00000239637d2f10,
0x00000239637d07b0, 0x00000239637d21f0, 0x00000239637cfa90, 0x00000239637d35a0,
0x00000239637d0120, 0x00000239637d4fe0, 0x00000239637d4950, 0x00000239637d3c30,
0x00000239637d5670, 0x00000239637d42c0, 0x00000239582d5560, 0x000002396a599f90,
0x000002396a59a620, 0x000002396a599270, 0x000002396a59c060, 0x000002396a59acb0,
0x000002396a59b340, 0x000002396a59b9d0, 0x000002396a599900, 0x000002396a59d410,
0x000002396a59e7c0, 0x000002396a59c6f0, 0x000002396a59e130, 0x000002396a59ee50,
0x000002396a59f4e0, 0x000002396a59fb70, 0x000002396a5a0200, 0x000002396a5a0890,
0x000002396af904d0, 0x000002396af8d6e0, 0x000002396af8fe40, 0x000002396af8f7b0,
0x000002396af8dd70, 0x000002396af8ea90, 0x000002396af8e400, 0x000002396af8f120,
0x0000023958e82ee0, 0x0000023958e84920, 0x000002397fa122e0, 0x000002397fa13750
}

Java Threads: ( => current thread )
  0x0000023978d3cf80 JavaThread "main"                              [_thread_blocked, id=31736, stack(0x00000047a1300000,0x00000047a1400000) (1024K)]
  0x0000023978de35a0 JavaThread "Reference Handler"          daemon [_thread_blocked, id=31696, stack(0x00000047a1700000,0x00000047a1800000) (1024K)]
  0x000002397c7dda00 JavaThread "Finalizer"                  daemon [_thread_blocked, id=32232, stack(0x00000047a1800000,0x00000047a1900000) (1024K)]
  0x0000023978deab80 JavaThread "Signal Dispatcher"          daemon [_thread_blocked, id=31504, stack(0x00000047a1900000,0x00000047a1a00000) (1024K)]
  0x0000023978deb8a0 JavaThread "Attach Listener"            daemon [_thread_blocked, id=8056, stack(0x00000047a1a00000,0x00000047a1b00000) (1024K)]
  0x0000023978dea4f0 JavaThread "Service Thread"             daemon [_thread_blocked, id=32448, stack(0x00000047a1b00000,0x00000047a1c00000) (1024K)]
  0x0000023978deb210 JavaThread "Monitor Deflation Thread"   daemon [_thread_blocked, id=32488, stack(0x00000047a1c00000,0x00000047a1d00000) (1024K)]
  0x000002397dbb4fd0 JavaThread "C2 CompilerThread0"         daemon [_thread_in_native, id=28172, stack(0x00000047a1d00000,0x00000047a1e00000) (1024K)]
  0x000002397dbbef30 JavaThread "C1 CompilerThread0"         daemon [_thread_blocked, id=14988, stack(0x00000047a1e00000,0x00000047a1f00000) (1024K)]
  0x0000023978de8420 JavaThread "Common-Cleaner"             daemon [_thread_blocked, id=28564, stack(0x00000047a1f00000,0x00000047a2000000) (1024K)]
  0x000002397dcbb170 JavaThread "C1 CompilerThread1"         daemon [_thread_blocked, id=32532, stack(0x00000047a2000000,0x00000047a2100000) (1024K)]
  0x000002397dcbe790 JavaThread "C1 CompilerThread2"         daemon [_thread_blocked, id=31584, stack(0x00000047a2100000,0x00000047a2200000) (1024K)]
  0x0000023978de8ab0 JavaThread "Notification Thread"        daemon [_thread_blocked, id=10364, stack(0x00000047a2200000,0x00000047a2300000) (1024K)]
  0x0000023978de9140 JavaThread "Active Thread: Equinox Container: 18aa2ca4-0429-42f4-a9fd-8bacb66d97fb"        [_thread_blocked, id=15596, stack(0x00000047a2d00000,0x00000047a2e00000) (1024K)]
  0x0000023978de9e60 JavaThread "Refresh Thread: Equinox Container: 18aa2ca4-0429-42f4-a9fd-8bacb66d97fb" daemon [_thread_blocked, id=6260, stack(0x00000047a2e00000,0x00000047a2f00000) (1024K)]
  0x0000023978de97d0 JavaThread "Framework Event Dispatcher: Equinox Container: 18aa2ca4-0429-42f4-a9fd-8bacb66d97fb" daemon [_thread_blocked, id=30960, stack(0x00000047a2f00000,0x00000047a3000000) (1024K)]
  0x00000239582d6fa0 JavaThread "Start Level: Equinox Container: 18aa2ca4-0429-42f4-a9fd-8bacb66d97fb" daemon [_thread_blocked, id=20748, stack(0x00000047a3000000,0x00000047a3100000) (1024K)]
  0x00000239582d6910 JavaThread "Bundle File Closer"         daemon [_thread_blocked, id=25360, stack(0x00000047a3400000,0x00000047a3500000) (1024K)]
  0x00000239582d7630 JavaThread "SCR Component Actor"        daemon [_thread_blocked, id=20232, stack(0x00000047a2500000,0x00000047a2600000) (1024K)]
  0x00000239582d4840 JavaThread "Worker-JM"                         [_thread_blocked, id=18988, stack(0x00000047a3700000,0x00000047a3800000) (1024K)]
  0x00000239582d41b0 JavaThread "JNA Cleaner"                daemon [_thread_blocked, id=1940, stack(0x00000047a3a00000,0x00000047a3b00000) (1024K)]
  0x00000239582d7cc0 JavaThread "Worker-0: Building"                [_thread_blocked, id=33196, stack(0x00000047a3b00000,0x00000047a3c00000) (1024K)]
  0x00000239582d6280 JavaThread "Worker-1"                          [_thread_blocked, id=33484, stack(0x00000047a3c00000,0x00000047a3d00000) (1024K)]
  0x00000239582d8350 JavaThread "Worker-2"                          [_thread_blocked, id=23516, stack(0x00000047a2400000,0x00000047a2500000) (1024K)]
  0x00000239583603f0 JavaThread "C2 CompilerThread1"         daemon [_thread_in_native, id=33348, stack(0x00000047a3900000,0x00000047a3a00000) (1024K)]
=>0x0000023958e82160 JavaThread "C2 CompilerThread2"         daemon [_thread_in_native, id=26032, stack(0x00000047a3d00000,0x00000047a3e00000) (1024K)]
  0x00000239582d9d90 JavaThread "Java indexing"              daemon [_thread_in_Java, id=21216, stack(0x00000047a3e00000,0x00000047a3f00000) (1024K)]
  0x0000023959ec9010 JavaThread "C2 CompilerThread3"         daemon [_thread_in_native, id=12128, stack(0x00000047a3f00000,0x00000047a4000000) (1024K)]
  0x00000239582db7d0 JavaThread "Worker-3"                          [_thread_blocked, id=10336, stack(0x00000047a4000000,0x00000047a4100000) (1024K)]
  0x00000239582db140 JavaThread "Worker-4"                          [_thread_blocked, id=27824, stack(0x00000047a4400000,0x00000047a4500000) (1024K)]
  0x00000239582da420 JavaThread "Worker-5: Java indexing... "        [_thread_blocked, id=20984, stack(0x00000047a4500000,0x00000047a4600000) (1024K)]
  0x00000239582d89e0 JavaThread "Worker-6"                          [_thread_blocked, id=32392, stack(0x00000047a4600000,0x00000047a4700000) (1024K)]
  0x00000239582daab0 JavaThread "Thread-2"                   daemon [_thread_in_native, id=20668, stack(0x00000047a4700000,0x00000047a4800000) (1024K)]
  0x00000239582d9700 JavaThread "Thread-3"                   daemon [_thread_in_native, id=22368, stack(0x00000047a4800000,0x00000047a4900000) (1024K)]
  0x00000239582d9070 JavaThread "Thread-4"                   daemon [_thread_in_native, id=27532, stack(0x00000047a4900000,0x00000047a4a00000) (1024K)]
  0x000002395a75aeb0 JavaThread "Thread-5"                   daemon [_thread_in_native, id=27672, stack(0x00000047a4a00000,0x00000047a4b00000) (1024K)]
  0x000002395a75cf80 JavaThread "Thread-6"                   daemon [_thread_in_native, id=33724, stack(0x00000047a4b00000,0x00000047a4c00000) (1024K)]
  0x000002395a75c8f0 JavaThread "Thread-7"                   daemon [_thread_in_native, id=33248, stack(0x00000047a4c00000,0x00000047a4d00000) (1024K)]
  0x000002395a75a820 JavaThread "Thread-8"                   daemon [_thread_in_native, id=26580, stack(0x00000047a4d00000,0x00000047a4e00000) (1024K)]
  0x000002395a75e330 JavaThread "Thread-9"                   daemon [_thread_in_native, id=20176, stack(0x00000047a4e00000,0x00000047a4f00000) (1024K)]
  0x000002395a75d610 JavaThread "Thread-10"                  daemon [_thread_in_native, id=13740, stack(0x00000047a4f00000,0x00000047a5000000) (1024K)]
  0x000002395a75dca0 JavaThread "Thread-11"                  daemon [_thread_in_native, id=32356, stack(0x00000047a5000000,0x00000047a5100000) (1024K)]
  0x000002395a75e9c0 JavaThread "Thread-12"                  daemon [_thread_in_native, id=29088, stack(0x00000047a5100000,0x00000047a5200000) (1024K)]
  0x000002395a75b540 JavaThread "Thread-13"                  daemon [_thread_in_native, id=33328, stack(0x00000047a5200000,0x00000047a5300000) (1024K)]
  0x000002395a75f050 JavaThread "Thread-14"                  daemon [_thread_in_native, id=23048, stack(0x00000047a5300000,0x00000047a5400000) (1024K)]
  0x000002395a75bbd0 JavaThread "Thread-15"                  daemon [_thread_in_native, id=12160, stack(0x00000047a5400000,0x00000047a5500000) (1024K)]
  0x000002395a75f6e0 JavaThread "Thread-16"                  daemon [_thread_in_native, id=5528, stack(0x00000047a5500000,0x00000047a5600000) (1024K)]
  0x000002395a75c260 JavaThread "Thread-17"                  daemon [_thread_in_native, id=1732, stack(0x00000047a5600000,0x00000047a5700000) (1024K)]
  0x000002395a7617b0 JavaThread "Thread-18"                  daemon [_thread_in_native, id=33516, stack(0x00000047a5700000,0x00000047a5800000) (1024K)]
  0x000002395a761120 JavaThread "pool-2-thread-1"                   [_thread_blocked, id=27976, stack(0x00000047a5800000,0x00000047a5900000) (1024K)]
  0x000002395a760400 JavaThread "WorkspaceEventsHandler"            [_thread_blocked, id=29068, stack(0x00000047a5d00000,0x00000047a5e00000) (1024K)]
  0x000002395a761e40 JavaThread "pool-1-thread-1"                   [_thread_blocked, id=33304, stack(0x00000047a5e00000,0x00000047a5f00000) (1024K)]
  0x000002395a760a90 JavaThread "Worker-7"                          [_thread_blocked, id=17744, stack(0x00000047a5f00000,0x00000047a6000000) (1024K)]
  0x00000239637d14d0 JavaThread "LocalFile Deleter"          daemon [_thread_blocked, id=29828, stack(0x00000047a6000000,0x00000047a6100000) (1024K)]
  0x00000239637ce050 JavaThread "LocalFile Deleter"          daemon [_thread_blocked, id=27604, stack(0x00000047a6100000,0x00000047a6200000) (1024K)]
  0x00000239637ce6e0 JavaThread "LocalFile Deleter"          daemon [_thread_blocked, id=24756, stack(0x00000047a6200000,0x00000047a6300000) (1024K)]
  0x00000239637d0e40 JavaThread "LocalFile Deleter"          daemon [_thread_blocked, id=27176, stack(0x00000047a6300000,0x00000047a6400000) (1024K)]
  0x00000239637d2880 JavaThread "LocalFile Deleter"          daemon [_thread_blocked, id=24352, stack(0x00000047a6400000,0x00000047a6500000) (1024K)]
  0x00000239637d1b60 JavaThread "LocalFile Deleter"          daemon [_thread_blocked, id=1764, stack(0x00000047a6500000,0x00000047a6600000) (1024K)]
  0x00000239637d2f10 JavaThread "LocalFile Deleter"          daemon [_thread_blocked, id=27480, stack(0x00000047a6600000,0x00000047a6700000) (1024K)]
  0x00000239637d07b0 JavaThread "LocalFile Deleter"          daemon [_thread_blocked, id=32096, stack(0x00000047a6700000,0x00000047a6800000) (1024K)]
  0x00000239637d21f0 JavaThread "LocalFile Deleter"          daemon [_thread_blocked, id=15476, stack(0x00000047a6800000,0x00000047a6900000) (1024K)]
  0x00000239637cfa90 JavaThread "LocalFile Deleter"          daemon [_thread_blocked, id=32040, stack(0x00000047a6900000,0x00000047a6a00000) (1024K)]
  0x00000239637d35a0 JavaThread "LocalFile Deleter"          daemon [_thread_blocked, id=1412, stack(0x00000047a6a00000,0x00000047a6b00000) (1024K)]
  0x00000239637d0120 JavaThread "LocalFile Deleter"          daemon [_thread_blocked, id=19224, stack(0x00000047a6b00000,0x00000047a6c00000) (1024K)]
  0x00000239637d4fe0 JavaThread "LocalFile Deleter"          daemon [_thread_blocked, id=32116, stack(0x00000047a6c00000,0x00000047a6d00000) (1024K)]
  0x00000239637d4950 JavaThread "LocalFile Deleter"          daemon [_thread_blocked, id=32300, stack(0x00000047a6d00000,0x00000047a6e00000) (1024K)]
  0x00000239637d3c30 JavaThread "LocalFile Deleter"          daemon [_thread_blocked, id=27688, stack(0x00000047a6e00000,0x00000047a6f00000) (1024K)]
  0x00000239637d5670 JavaThread "LocalFile Deleter"          daemon [_thread_blocked, id=4660, stack(0x00000047a6f00000,0x00000047a7000000) (1024K)]
  0x00000239637d42c0 JavaThread "Compiler Source File Reader" daemon [_thread_blocked, id=12164, stack(0x00000047a3500000,0x00000047a3600000) (1024K)]
  0x00000239582d5560 JavaThread "Compiler Source File Reader" daemon [_thread_blocked, id=31492, stack(0x00000047a7000000,0x00000047a7100000) (1024K)]
  0x000002396a599f90 JavaThread "Compiler Source File Reader" daemon [_thread_blocked, id=26472, stack(0x00000047a7100000,0x00000047a7200000) (1024K)]
  0x000002396a59a620 JavaThread "Compiler Source File Reader" daemon [_thread_blocked, id=4260, stack(0x00000047a7200000,0x00000047a7300000) (1024K)]
  0x000002396a599270 JavaThread "Compiler Source File Reader" daemon [_thread_blocked, id=30100, stack(0x00000047a7300000,0x00000047a7400000) (1024K)]
  0x000002396a59c060 JavaThread "Compiler Source File Reader" daemon [_thread_blocked, id=31088, stack(0x00000047a7400000,0x00000047a7500000) (1024K)]
  0x000002396a59acb0 JavaThread "Compiler Source File Reader" daemon [_thread_blocked, id=27632, stack(0x00000047a7500000,0x00000047a7600000) (1024K)]
  0x000002396a59b340 JavaThread "Compiler Source File Reader" daemon [_thread_blocked, id=29708, stack(0x00000047a7600000,0x00000047a7700000) (1024K)]
  0x000002396a59b9d0 JavaThread "Compiler Source File Reader" daemon [_thread_blocked, id=2376, stack(0x00000047a7700000,0x00000047a7800000) (1024K)]
  0x000002396a599900 JavaThread "Compiler Source File Reader" daemon [_thread_blocked, id=28860, stack(0x00000047a7800000,0x00000047a7900000) (1024K)]
  0x000002396a59d410 JavaThread "Compiler Source File Reader" daemon [_thread_blocked, id=26896, stack(0x00000047a7900000,0x00000047a7a00000) (1024K)]
  0x000002396a59e7c0 JavaThread "Compiler Source File Reader" daemon [_thread_blocked, id=31852, stack(0x00000047a7a00000,0x00000047a7b00000) (1024K)]
  0x000002396a59c6f0 JavaThread "Compiler Source File Reader" daemon [_thread_blocked, id=27304, stack(0x00000047a7b00000,0x00000047a7c00000) (1024K)]
  0x000002396a59e130 JavaThread "Compiler Source File Reader" daemon [_thread_blocked, id=24724, stack(0x00000047a7c00000,0x00000047a7d00000) (1024K)]
  0x000002396a59ee50 JavaThread "Compiler Processing Task"   daemon [_thread_in_Java, id=26596, stack(0x00000047a5b00000,0x00000047a5c00000) (1024K)]
  0x000002396a59f4e0 JavaThread "Compiler Class File Writer" daemon [_thread_blocked, id=33024, stack(0x00000047a5c00000,0x00000047a5d00000) (1024K)]
  0x000002396a59fb70 JavaThread "Compiler Class File Writer" daemon [_thread_blocked, id=412, stack(0x00000047a7d00000,0x00000047a7e00000) (1024K)]
  0x000002396a5a0200 JavaThread "Compiler Class File Writer" daemon [_thread_blocked, id=32952, stack(0x00000047a7e00000,0x00000047a7f00000) (1024K)]
  0x000002396a5a0890 JavaThread "Compiler Class File Writer" daemon [_thread_blocked, id=33772, stack(0x00000047a7f00000,0x00000047a8000000) (1024K)]
  0x000002396af904d0 JavaThread "Compiler Class File Writer" daemon [_thread_blocked, id=9520, stack(0x00000047a8000000,0x00000047a8100000) (1024K)]
  0x000002396af8d6e0 JavaThread "Compiler Class File Writer" daemon [_thread_blocked, id=31092, stack(0x00000047a8100000,0x00000047a8200000) (1024K)]
  0x000002396af8fe40 JavaThread "Compiler Class File Writer" daemon [_thread_blocked, id=26736, stack(0x00000047a8200000,0x00000047a8300000) (1024K)]
  0x000002396af8f7b0 JavaThread "Compiler Class File Writer" daemon [_thread_blocked, id=11252, stack(0x00000047a2300000,0x00000047a2400000) (1024K)]
  0x000002396af8dd70 JavaThread "Compiler Class File Writer" daemon [_thread_blocked, id=19924, stack(0x00000047a8300000,0x00000047a8400000) (1024K)]
  0x000002396af8ea90 JavaThread "Compiler Class File Writer" daemon [_thread_blocked, id=10340, stack(0x00000047a8400000,0x00000047a8500000) (1024K)]
  0x000002396af8e400 JavaThread "Compiler Class File Writer" daemon [_thread_blocked, id=7536, stack(0x00000047a8500000,0x00000047a8600000) (1024K)]
  0x000002396af8f120 JavaThread "Compiler Class File Writer" daemon [_thread_blocked, id=26160, stack(0x00000047a8600000,0x00000047a8700000) (1024K)]
  0x0000023958e82ee0 JavaThread "Compiler Class File Writer" daemon [_thread_blocked, id=3224, stack(0x00000047a8700000,0x00000047a8800000) (1024K)]
  0x0000023958e84920 JavaThread "Compiler Class File Writer" daemon [_thread_blocked, id=9528, stack(0x00000047a8800000,0x00000047a8900000) (1024K)]
  0x000002397fa122e0 JavaThread "C2 CompilerThread4"         daemon [_thread_in_native, id=27864, stack(0x00000047a5900000,0x00000047a5a00000) (1024K)]
  0x000002397fa13750 JavaThread "C2 CompilerThread5"         daemon [_thread_in_native, id=20840, stack(0x00000047a5a00000,0x00000047a5b00000) (1024K)]
Total: 100

Other Threads:
  0x000002397dbb3d30 VMThread "VM Thread"                           [id=9780, stack(0x00000047a1600000,0x00000047a1700000) (1024K)]
  0x000002397c6bba00 WatcherThread "VM Periodic Task Thread"        [id=26760, stack(0x00000047a1500000,0x00000047a1600000) (1024K)]
  0x0000023978d5b2b0 WorkerThread "GC Thread#0"                     [id=22308, stack(0x00000047a1400000,0x00000047a1500000) (1024K)]
  0x000002397f74a760 WorkerThread "GC Thread#1"                     [id=32160, stack(0x00000047a2600000,0x00000047a2700000) (1024K)]
  0x000002397f74cf10 WorkerThread "GC Thread#2"                     [id=23968, stack(0x00000047a2700000,0x00000047a2800000) (1024K)]
  0x000002397f74d2b0 WorkerThread "GC Thread#3"                     [id=30044, stack(0x00000047a2800000,0x00000047a2900000) (1024K)]
  0x000002397f74d650 WorkerThread "GC Thread#4"                     [id=25088, stack(0x00000047a2900000,0x00000047a2a00000) (1024K)]
  0x000002397f74d9f0 WorkerThread "GC Thread#5"                     [id=27744, stack(0x00000047a2a00000,0x00000047a2b00000) (1024K)]
  0x00000239582635d0 WorkerThread "GC Thread#6"                     [id=25252, stack(0x00000047a2b00000,0x00000047a2c00000) (1024K)]
  0x00000239580e5ff0 WorkerThread "GC Thread#7"                     [id=33440, stack(0x00000047a2c00000,0x00000047a2d00000) (1024K)]
  0x00000239580931d0 WorkerThread "GC Thread#8"                     [id=28716, stack(0x00000047a3100000,0x00000047a3200000) (1024K)]
  0x0000023958094790 WorkerThread "GC Thread#9"                     [id=32780, stack(0x00000047a3200000,0x00000047a3300000) (1024K)]
  0x00000239580943f0 WorkerThread "GC Thread#10"                    [id=29044, stack(0x00000047a3300000,0x00000047a3400000) (1024K)]
  0x0000023958093910 WorkerThread "GC Thread#11"                    [id=7532, stack(0x00000047a3600000,0x00000047a3700000) (1024K)]
  0x00000239587e8c50 WorkerThread "GC Thread#12"                    [id=33456, stack(0x00000047a3800000,0x00000047a3900000) (1024K)]
Total: 15

Threads with active compile tasks:
C2 CompilerThread0  31628 9946       4       lombok.core.AST::buildWithField (21 bytes)
C1 CompilerThread0  31628 10194  s    3       org.eclipse.jdt.internal.compiler.classfmt.MethodInfo::readModifierRelatedAttributes (213 bytes)
C1 CompilerThread1  31628 10195       3       org.eclipse.jdt.internal.compiler.classfmt.FieldInfo::createField (450 bytes)
C1 CompilerThread2  31628 10193       3       org.eclipse.jdt.internal.compiler.classfmt.MethodInfo::createMethod (710 bytes)
C2 CompilerThread1  31628 10160       4       java.util.HashSet::add (20 bytes)
C2 CompilerThread2  31628 9874       4       org.eclipse.jdt.internal.compiler.parser.Parser::consumeRule (7748 bytes)
C2 CompilerThread3  31628 9554       4       org.eclipse.jdt.internal.compiler.lookup.LookupEnvironment::getTypeFromSignature (376 bytes)
C2 CompilerThread4  31628 10132       4       lombok.core.AST::replaceNewWithExistingOld (107 bytes)
C2 CompilerThread5  31628 10112   !   4       lombok.core.AST::buildWithField0 (121 bytes)
Total: 9

VM state: not at safepoint (normal execution)

VM Mutex/Monitor currently owned by a thread: None

Heap address: 0x0000000080000000, size: 2048 MB, Compressed Oops mode: 32-bit

CDS archive(s) mapped at: [0x0000023913000000-0x0000023913ba0000-0x0000023913ba0000), size 12189696, SharedBaseAddress: 0x0000023913000000, ArchiveRelocationMode: 1.
Compressed class space mapped at: 0x0000023914000000-0x0000023954000000, reserved size: 1073741824
Narrow klass base: 0x0000023913000000, Narrow klass shift: 0, Narrow klass range: 0x100000000

GC Precious Log:
 CardTable entry size: 512
 CPUs: 16 total, 16 available
 Memory: 15722M
 Large Page Support: Disabled
 NUMA Support: Disabled
 Compressed Oops: Enabled (32-bit)
 Alignments: Space 512K, Generation 512K, Heap 2M
 Heap Min Capacity: 100M
 Heap Initial Capacity: 100M
 Heap Max Capacity: 2G
 Pre-touch: Disabled
 Parallel Workers: 13

Heap:
 PSYoungGen      total 8704K, used 3196K [0x00000000d5580000, 0x00000000d6000000, 0x0000000100000000)
  eden space 7168K, 23% used [0x00000000d5580000,0x00000000d5724218,0x00000000d5c80000)
  from space 1536K, 98% used [0x00000000d5e80000,0x00000000d5ffaf48,0x00000000d6000000)
  to   space 1536K, 0% used [0x00000000d5d00000,0x00000000d5d00000,0x00000000d5e80000)
 ParOldGen       total 276480K, used 254285K [0x0000000080000000, 0x0000000090e00000, 0x00000000d5580000)
  object space 276480K, 91% used [0x0000000080000000,0x000000008f8537c8,0x0000000090e00000)
 Metaspace       used 58948K, committed 60224K, reserved 1114112K
  class space    used 6202K, committed 6784K, reserved 1048576K

Card table byte_map: [0x0000023978700000,0x0000023978b10000] _byte_map_base: 0x0000023978300000

Marking Bits: (ParMarkBitMap*) 0x00007ffaa258a340
 Begin Bits: [0x000002390f000000, 0x0000023911000000)
 End Bits:   [0x0000023911000000, 0x0000023913000000)

Polling page: 0x0000023976d40000

Metaspace:

Usage:
  Non-class:     51.51 MB used.
      Class:      6.06 MB used.
       Both:     57.57 MB used.

Virtual space:
  Non-class space:       64.00 MB reserved,      52.19 MB ( 82%) committed,  1 nodes.
      Class space:        1.00 GB reserved,       6.62 MB ( <1%) committed,  1 nodes.
             Both:        1.06 GB reserved,      58.81 MB (  5%) committed. 

Chunk freelists:
   Non-Class:  11.82 MB
       Class:  9.25 MB
        Both:  21.08 MB

MaxMetaspaceSize: unlimited
CompressedClassSpaceSize: 1.00 GB
Initial GC threshold: 21.00 MB
Current GC threshold: 97.31 MB
CDS: on
 - commit_granule_bytes: 65536.
 - commit_granule_words: 8192.
 - virtual_space_node_default_size: 8388608.
 - enlarge_chunks_in_place: 1.
 - use_allocation_guard: 0.


Internal statistics:

num_allocs_failed_limit: 9.
num_arena_births: 1184.
num_arena_deaths: 14.
num_vsnodes_births: 2.
num_vsnodes_deaths: 0.
num_space_committed: 941.
num_space_uncommitted: 0.
num_chunks_returned_to_freelist: 23.
num_chunks_taken_from_freelist: 3980.
num_chunk_merges: 10.
num_chunk_splits: 2426.
num_chunks_enlarged: 1334.
num_inconsistent_stats: 0.

CodeHeap 'non-profiled nmethods': size=119168Kb used=6796Kb max_used=6876Kb free=112372Kb
 bounds [0x0000023907ba0000, 0x0000023908270000, 0x000002390f000000]
CodeHeap 'profiled nmethods': size=119104Kb used=21418Kb max_used=21418Kb free=97685Kb
 bounds [0x0000023900000000, 0x00000239014f0000, 0x0000023907450000]
CodeHeap 'non-nmethods': size=7488Kb used=2547Kb max_used=3202Kb free=4940Kb
 bounds [0x0000023907450000, 0x0000023907780000, 0x0000023907ba0000]
CodeCache: size=245760Kb, used=30761Kb, max_used=31496Kb, free=214997Kb
 total_blobs=10082, nmethods=9350, adapters=635, full_count=0
Compilation: enabled, stopped_count=0, restarted_count=0

Compilation events (20 events):
Event: 20.564 Thread 0x000002397dbbef30 nmethod 10155 0x00000239014d2390 code [0x00000239014d2540, 0x00000239014d26b0]
Event: 20.564 Thread 0x000002397dbbef30 10158       3       java.util.stream.AbstractPipeline::sequential (10 bytes)
Event: 20.564 Thread 0x000002397dbbef30 nmethod 10158 0x0000023900a5fa10 code [0x0000023900a5fba0, 0x0000023900a5fcb8]
Event: 20.564 Thread 0x000002397dbbef30 10154       3       org.eclipse.jdt.internal.compiler.codegen.CodeStream::store (442 bytes)
Event: 20.565 Thread 0x000002397dcbe790 nmethod 10157 0x00000239014d2790 code [0x00000239014d2a20, 0x00000239014d3970]
Event: 20.565 Thread 0x000002397dcbe790 10159       3       org.eclipse.core.runtime.NullProgressMonitor::<init> (10 bytes)
Event: 20.566 Thread 0x000002397dcbe790 nmethod 10159 0x00000239014d4010 code [0x00000239014d41c0, 0x00000239014d4338]
Event: 20.566 Thread 0x000002397dcbb170 nmethod 10156 0x00000239014d4410 code [0x00000239014d4720, 0x00000239014d5b60]
Event: 20.567 Thread 0x000002397dbbef30 nmethod 10154 0x00000239014d6210 code [0x00000239014d66c0, 0x00000239014d8820]
Event: 20.572 Thread 0x000002397dbbef30 10161       3       org.eclipse.jdt.internal.compiler.codegen.StackMapFrameCodeStream::writePosition (15 bytes)
Event: 20.572 Thread 0x000002397dcbb170 10162       3       org.eclipse.jdt.internal.compiler.codegen.CodeStream::writePosition (79 bytes)
Event: 20.572 Thread 0x000002397dcbe790 10163       3       org.eclipse.jdt.internal.compiler.codegen.CodeStream::writeSignedShort (44 bytes)
Event: 22.578 Thread 0x000002397dcbe790 nmethod 10163 0x00000239014d8d10 code [0x00000239014d8ec0, 0x00000239014d90b8]
Event: 22.578 Thread 0x000002397dbbef30 nmethod 10161 0x00000239014d9210 code [0x00000239014d93c0, 0x00000239014d95e0]
Event: 22.578 Thread 0x000002397dcbe790 10165       3       org.eclipse.jdt.internal.compiler.codegen.BranchLabel::place (377 bytes)
Event: 22.578 Thread 0x000002397dbbef30 10164       3       org.eclipse.jdt.internal.compiler.lookup.MethodScope::computeLocalVariablePositions (370 bytes)
Event: 22.578 Thread 0x000002397dcbb170 nmethod 10162 0x00000239014d9710 code [0x00000239014d9920, 0x00000239014d9e40]
Event: 22.578 Thread 0x000002397dcbb170 10167       3       java.text.Format::<init> (5 bytes)
Event: 22.578 Thread 0x000002397dcbb170 nmethod 10167 0x00000239014da010 code [0x00000239014da1c0, 0x00000239014da328]
Event: 22.579 Thread 0x000002397dcbb170 10168       3       org.eclipse.core.internal.events.ResourceComparator::compareMarkers (41 bytes)

GC Heap History (20 events):
Event: 20.380 GC heap after
{Heap after GC invocations=203 (full 3):
 PSYoungGen      total 7168K, used 1482K [0x00000000d5580000, 0x00000000d5f80000, 0x0000000100000000)
  eden space 5632K, 0% used [0x00000000d5580000,0x00000000d5580000,0x00000000d5b00000)
  from space 1536K, 96% used [0x00000000d5d00000,0x00000000d5e72880,0x00000000d5e80000)
  to   space 2048K, 0% used [0x00000000d5b00000,0x00000000d5b00000,0x00000000d5d00000)
 ParOldGen       total 276480K, used 237963K [0x0000000080000000, 0x0000000090e00000, 0x00000000d5580000)
  object space 276480K, 86% used [0x0000000080000000,0x000000008e862fe0,0x0000000090e00000)
 Metaspace       used 58548K, committed 59840K, reserved 1114112K
  class space    used 6181K, committed 6784K, reserved 1048576K
}
Event: 20.397 GC heap before
{Heap before GC invocations=204 (full 3):
 PSYoungGen      total 7168K, used 7114K [0x00000000d5580000, 0x00000000d5f80000, 0x0000000100000000)
  eden space 5632K, 99% used [0x00000000d5580000,0x00000000d5afffd0,0x00000000d5b00000)
  from space 1536K, 96% used [0x00000000d5d00000,0x00000000d5e72880,0x00000000d5e80000)
  to   space 2048K, 0% used [0x00000000d5b00000,0x00000000d5b00000,0x00000000d5d00000)
 ParOldGen       total 276480K, used 237963K [0x0000000080000000, 0x0000000090e00000, 0x00000000d5580000)
  object space 276480K, 86% used [0x0000000080000000,0x000000008e862fe0,0x0000000090e00000)
 Metaspace       used 58629K, committed 59904K, reserved 1114112K
  class space    used 6182K, committed 6784K, reserved 1048576K
}
Event: 20.398 GC heap after
{Heap after GC invocations=204 (full 3):
 PSYoungGen      total 7680K, used 1586K [0x00000000d5580000, 0x00000000d5f00000, 0x0000000100000000)
  eden space 5632K, 0% used [0x00000000d5580000,0x00000000d5580000,0x00000000d5b00000)
  from space 2048K, 77% used [0x00000000d5b00000,0x00000000d5c8c9a0,0x00000000d5d00000)
  to   space 2048K, 0% used [0x00000000d5d00000,0x00000000d5d00000,0x00000000d5f00000)
 ParOldGen       total 276480K, used 239252K [0x0000000080000000, 0x0000000090e00000, 0x00000000d5580000)
  object space 276480K, 86% used [0x0000000080000000,0x000000008e9a53f0,0x0000000090e00000)
 Metaspace       used 58629K, committed 59904K, reserved 1114112K
  class space    used 6182K, committed 6784K, reserved 1048576K
}
Event: 20.417 GC heap before
{Heap before GC invocations=205 (full 3):
 PSYoungGen      total 7680K, used 7218K [0x00000000d5580000, 0x00000000d5f00000, 0x0000000100000000)
  eden space 5632K, 100% used [0x00000000d5580000,0x00000000d5b00000,0x00000000d5b00000)
  from space 2048K, 77% used [0x00000000d5b00000,0x00000000d5c8c9a0,0x00000000d5d00000)
  to   space 2048K, 0% used [0x00000000d5d00000,0x00000000d5d00000,0x00000000d5f00000)
 ParOldGen       total 276480K, used 239252K [0x0000000080000000, 0x0000000090e00000, 0x00000000d5580000)
  object space 276480K, 86% used [0x0000000080000000,0x000000008e9a53f0,0x0000000090e00000)
 Metaspace       used 58645K, committed 59968K, reserved 1114112K
  class space    used 6182K, committed 6784K, reserved 1048576K
}
Event: 20.419 GC heap after
{Heap after GC invocations=205 (full 3):
 PSYoungGen      total 7680K, used 1539K [0x00000000d5580000, 0x00000000d5f00000, 0x0000000100000000)
  eden space 5632K, 0% used [0x00000000d5580000,0x00000000d5580000,0x00000000d5b00000)
  from space 2048K, 75% used [0x00000000d5d00000,0x00000000d5e80e78,0x00000000d5f00000)
  to   space 2048K, 0% used [0x00000000d5b00000,0x00000000d5b00000,0x00000000d5d00000)
 ParOldGen       total 276480K, used 240595K [0x0000000080000000, 0x0000000090e00000, 0x00000000d5580000)
  object space 276480K, 87% used [0x0000000080000000,0x000000008eaf4f60,0x0000000090e00000)
 Metaspace       used 58645K, committed 59968K, reserved 1114112K
  class space    used 6182K, committed 6784K, reserved 1048576K
}
Event: 20.432 GC heap before
{Heap before GC invocations=206 (full 3):
 PSYoungGen      total 7680K, used 7171K [0x00000000d5580000, 0x00000000d5f00000, 0x0000000100000000)
  eden space 5632K, 100% used [0x00000000d5580000,0x00000000d5b00000,0x00000000d5b00000)
  from space 2048K, 75% used [0x00000000d5d00000,0x00000000d5e80e78,0x00000000d5f00000)
  to   space 2048K, 0% used [0x00000000d5b00000,0x00000000d5b00000,0x00000000d5d00000)
 ParOldGen       total 276480K, used 240595K [0x0000000080000000, 0x0000000090e00000, 0x00000000d5580000)
  object space 276480K, 87% used [0x0000000080000000,0x000000008eaf4f60,0x0000000090e00000)
 Metaspace       used 58680K, committed 59968K, reserved 1114112K
  class space    used 6186K, committed 6784K, reserved 1048576K
}
Event: 20.439 GC heap after
{Heap after GC invocations=206 (full 3):
 PSYoungGen      total 7680K, used 1511K [0x00000000d5580000, 0x00000000d5f80000, 0x0000000100000000)
  eden space 5632K, 0% used [0x00000000d5580000,0x00000000d5580000,0x00000000d5b00000)
  from space 2048K, 73% used [0x00000000d5b00000,0x00000000d5c79eb8,0x00000000d5d00000)
  to   space 1536K, 0% used [0x00000000d5e00000,0x00000000d5e00000,0x00000000d5f80000)
 ParOldGen       total 276480K, used 241893K [0x0000000080000000, 0x0000000090e00000, 0x00000000d5580000)
  object space 276480K, 87% used [0x0000000080000000,0x000000008ec39588,0x0000000090e00000)
 Metaspace       used 58680K, committed 59968K, reserved 1114112K
  class space    used 6186K, committed 6784K, reserved 1048576K
}
Event: 20.455 GC heap before
{Heap before GC invocations=207 (full 3):
 PSYoungGen      total 7680K, used 7143K [0x00000000d5580000, 0x00000000d5f80000, 0x0000000100000000)
  eden space 5632K, 100% used [0x00000000d5580000,0x00000000d5b00000,0x00000000d5b00000)
  from space 2048K, 73% used [0x00000000d5b00000,0x00000000d5c79eb8,0x00000000d5d00000)
  to   space 1536K, 0% used [0x00000000d5e00000,0x00000000d5e00000,0x00000000d5f80000)
 ParOldGen       total 276480K, used 241893K [0x0000000080000000, 0x0000000090e00000, 0x00000000d5580000)
  object space 276480K, 87% used [0x0000000080000000,0x000000008ec39588,0x0000000090e00000)
 Metaspace       used 58718K, committed 60032K, reserved 1114112K
  class space    used 6191K, committed 6784K, reserved 1048576K
}
Event: 20.457 GC heap after
{Heap after GC invocations=207 (full 3):
 PSYoungGen      total 7168K, used 1499K [0x00000000d5580000, 0x00000000d5f80000, 0x0000000100000000)
  eden space 5632K, 0% used [0x00000000d5580000,0x00000000d5580000,0x00000000d5b00000)
  from space 1536K, 97% used [0x00000000d5e00000,0x00000000d5f76df0,0x00000000d5f80000)
  to   space 1536K, 0% used [0x00000000d5c80000,0x00000000d5c80000,0x00000000d5e00000)
 ParOldGen       total 276480K, used 243167K [0x0000000080000000, 0x0000000090e00000, 0x00000000d5580000)
  object space 276480K, 87% used [0x0000000080000000,0x000000008ed77ea0,0x0000000090e00000)
 Metaspace       used 58718K, committed 60032K, reserved 1114112K
  class space    used 6191K, committed 6784K, reserved 1048576K
}
Event: 20.483 GC heap before
{Heap before GC invocations=208 (full 3):
 PSYoungGen      total 7168K, used 7131K [0x00000000d5580000, 0x00000000d5f80000, 0x0000000100000000)
  eden space 5632K, 100% used [0x00000000d5580000,0x00000000d5b00000,0x00000000d5b00000)
  from space 1536K, 97% used [0x00000000d5e00000,0x00000000d5f76df0,0x00000000d5f80000)
  to   space 1536K, 0% used [0x00000000d5c80000,0x00000000d5c80000,0x00000000d5e00000)
 ParOldGen       total 276480K, used 243167K [0x0000000080000000, 0x0000000090e00000, 0x00000000d5580000)
  object space 276480K, 87% used [0x0000000080000000,0x000000008ed77ea0,0x0000000090e00000)
 Metaspace       used 58764K, committed 60032K, reserved 1114112K
  class space    used 6194K, committed 6784K, reserved 1048576K
}
Event: 20.486 GC heap after
{Heap after GC invocations=208 (full 3):
 PSYoungGen      total 7168K, used 1513K [0x00000000d5580000, 0x00000000d5e80000, 0x0000000100000000)
  eden space 5632K, 0% used [0x00000000d5580000,0x00000000d5580000,0x00000000d5b00000)
  from space 1536K, 98% used [0x00000000d5c80000,0x00000000d5dfa410,0x00000000d5e00000)
  to   space 512K, 0% used [0x00000000d5e00000,0x00000000d5e00000,0x00000000d5e80000)
 ParOldGen       total 276480K, used 244491K [0x0000000080000000, 0x0000000090e00000, 0x00000000d5580000)
  object space 276480K, 88% used [0x0000000080000000,0x000000008eec2c68,0x0000000090e00000)
 Metaspace       used 58764K, committed 60032K, reserved 1114112K
  class space    used 6194K, committed 6784K, reserved 1048576K
}
Event: 20.511 GC heap before
{Heap before GC invocations=209 (full 3):
 PSYoungGen      total 7168K, used 7145K [0x00000000d5580000, 0x00000000d5e80000, 0x0000000100000000)
  eden space 5632K, 100% used [0x00000000d5580000,0x00000000d5b00000,0x00000000d5b00000)
  from space 1536K, 98% used [0x00000000d5c80000,0x00000000d5dfa410,0x00000000d5e00000)
  to   space 512K, 0% used [0x00000000d5e00000,0x00000000d5e00000,0x00000000d5e80000)
 ParOldGen       total 276480K, used 244491K [0x0000000080000000, 0x0000000090e00000, 0x00000000d5580000)
  object space 276480K, 88% used [0x0000000080000000,0x000000008eec2c68,0x0000000090e00000)
 Metaspace       used 58807K, committed 60096K, reserved 1114112K
  class space    used 6194K, committed 6784K, reserved 1048576K
}
Event: 20.513 GC heap after
{Heap after GC invocations=209 (full 3):
 PSYoungGen      total 6144K, used 512K [0x00000000d5580000, 0x00000000d6100000, 0x0000000100000000)
  eden space 5632K, 0% used [0x00000000d5580000,0x00000000d5580000,0x00000000d5b00000)
  from space 512K, 100% used [0x00000000d5e00000,0x00000000d5e80000,0x00000000d5e80000)
  to   space 3072K, 0% used [0x00000000d5b00000,0x00000000d5b00000,0x00000000d5e00000)
 ParOldGen       total 276480K, used 246560K [0x0000000080000000, 0x0000000090e00000, 0x00000000d5580000)
  object space 276480K, 89% used [0x0000000080000000,0x000000008f0c8018,0x0000000090e00000)
 Metaspace       used 58807K, committed 60096K, reserved 1114112K
  class space    used 6194K, committed 6784K, reserved 1048576K
}
Event: 20.538 GC heap before
{Heap before GC invocations=210 (full 3):
 PSYoungGen      total 6144K, used 6144K [0x00000000d5580000, 0x00000000d6100000, 0x0000000100000000)
  eden space 5632K, 100% used [0x00000000d5580000,0x00000000d5b00000,0x00000000d5b00000)
  from space 512K, 100% used [0x00000000d5e00000,0x00000000d5e80000,0x00000000d5e80000)
  to   space 3072K, 0% used [0x00000000d5b00000,0x00000000d5b00000,0x00000000d5e00000)
 ParOldGen       total 276480K, used 246560K [0x0000000080000000, 0x0000000090e00000, 0x00000000d5580000)
  object space 276480K, 89% used [0x0000000080000000,0x000000008f0c8018,0x0000000090e00000)
 Metaspace       used 58830K, committed 60160K, reserved 1114112K
  class space    used 6195K, committed 6784K, reserved 1048576K
}
Event: 20.541 GC heap after
{Heap after GC invocations=210 (full 3):
 PSYoungGen      total 7168K, used 1521K [0x00000000d5580000, 0x00000000d5f00000, 0x0000000100000000)
  eden space 5632K, 0% used [0x00000000d5580000,0x00000000d5580000,0x00000000d5b00000)
  from space 1536K, 99% used [0x00000000d5b00000,0x00000000d5c7c4d0,0x00000000d5c80000)
  to   space 2048K, 0% used [0x00000000d5d00000,0x00000000d5d00000,0x00000000d5f00000)
 ParOldGen       total 276480K, used 247092K [0x0000000080000000, 0x0000000090e00000, 0x00000000d5580000)
  object space 276480K, 89% used [0x0000000080000000,0x000000008f14d148,0x0000000090e00000)
 Metaspace       used 58830K, committed 60160K, reserved 1114112K
  class space    used 6195K, committed 6784K, reserved 1048576K
}
Event: 20.569 GC heap before
{Heap before GC invocations=211 (full 3):
 PSYoungGen      total 7168K, used 7153K [0x00000000d5580000, 0x00000000d5f00000, 0x0000000100000000)
  eden space 5632K, 100% used [0x00000000d5580000,0x00000000d5b00000,0x00000000d5b00000)
  from space 1536K, 99% used [0x00000000d5b00000,0x00000000d5c7c4d0,0x00000000d5c80000)
  to   space 2048K, 0% used [0x00000000d5d00000,0x00000000d5d00000,0x00000000d5f00000)
 ParOldGen       total 276480K, used 247092K [0x0000000080000000, 0x0000000090e00000, 0x00000000d5580000)
  object space 276480K, 89% used [0x0000000080000000,0x000000008f14d148,0x0000000090e00000)
 Metaspace       used 58887K, committed 60160K, reserved 1114112K
  class space    used 6196K, committed 6784K, reserved 1048576K
}
Event: 20.571 GC heap after
{Heap after GC invocations=211 (full 3):
 PSYoungGen      total 7168K, used 1416K [0x00000000d5580000, 0x00000000d5e80000, 0x0000000100000000)
  eden space 5632K, 0% used [0x00000000d5580000,0x00000000d5580000,0x00000000d5b00000)
  from space 1536K, 92% used [0x00000000d5d00000,0x00000000d5e621b0,0x00000000d5e80000)
  to   space 1536K, 0% used [0x00000000d5b00000,0x00000000d5b00000,0x00000000d5c80000)
 ParOldGen       total 276480K, used 248378K [0x0000000080000000, 0x0000000090e00000, 0x00000000d5580000)
  object space 276480K, 89% used [0x0000000080000000,0x000000008f28e9f0,0x0000000090e00000)
 Metaspace       used 58887K, committed 60160K, reserved 1114112K
  class space    used 6196K, committed 6784K, reserved 1048576K
}
Event: 21.579 GC heap before
{Heap before GC invocations=212 (full 3):
 PSYoungGen      total 7168K, used 7048K [0x00000000d5580000, 0x00000000d5e80000, 0x0000000100000000)
  eden space 5632K, 100% used [0x00000000d5580000,0x00000000d5b00000,0x00000000d5b00000)
  from space 1536K, 92% used [0x00000000d5d00000,0x00000000d5e621b0,0x00000000d5e80000)
  to   space 1536K, 0% used [0x00000000d5b00000,0x00000000d5b00000,0x00000000d5c80000)
 ParOldGen       total 276480K, used 248378K [0x0000000080000000, 0x0000000090e00000, 0x00000000d5580000)
  object space 276480K, 89% used [0x0000000080000000,0x000000008f28e9f0,0x0000000090e00000)
 Metaspace       used 58888K, committed 60224K, reserved 1114112K
  class space    used 6196K, committed 6784K, reserved 1048576K
}
Event: 22.578 GC heap after
{Heap after GC invocations=212 (full 3):
 PSYoungGen      total 7168K, used 1530K [0x00000000d5580000, 0x00000000d6080000, 0x0000000100000000)
  eden space 5632K, 0% used [0x00000000d5580000,0x00000000d5580000,0x00000000d5b00000)
  from space 1536K, 99% used [0x00000000d5b00000,0x00000000d5c7e808,0x00000000d5c80000)
  to   space 2048K, 0% used [0x00000000d5e80000,0x00000000d5e80000,0x00000000d6080000)
 ParOldGen       total 276480K, used 249523K [0x0000000080000000, 0x0000000090e00000, 0x00000000d5580000)
  object space 276480K, 90% used [0x0000000080000000,0x000000008f3acc98,0x0000000090e00000)
 Metaspace       used 58888K, committed 60224K, reserved 1114112K
  class space    used 6196K, committed 6784K, reserved 1048576K
}
Event: 23.581 GC heap before
{Heap before GC invocations=213 (full 3):
 PSYoungGen      total 7168K, used 7162K [0x00000000d5580000, 0x00000000d6080000, 0x0000000100000000)
  eden space 5632K, 100% used [0x00000000d5580000,0x00000000d5b00000,0x00000000d5b00000)
  from space 1536K, 99% used [0x00000000d5b00000,0x00000000d5c7e808,0x00000000d5c80000)
  to   space 2048K, 0% used [0x00000000d5e80000,0x00000000d5e80000,0x00000000d6080000)
 ParOldGen       total 276480K, used 249523K [0x0000000080000000, 0x0000000090e00000, 0x00000000d5580000)
  object space 276480K, 90% used [0x0000000080000000,0x000000008f3acc98,0x0000000090e00000)
 Metaspace       used 58910K, committed 60224K, reserved 1114112K
  class space    used 6197K, committed 6784K, reserved 1048576K
}

Dll operation events (10 events):
Event: 0.023 Loaded shared library c:\Users\fer\.vscode\extensions\redhat.java-1.44.0-win32-x64\jre\21.0.8-win32-x86_64\bin\java.dll
Event: 0.178 Loaded shared library c:\Users\fer\.vscode\extensions\redhat.java-1.44.0-win32-x64\jre\21.0.8-win32-x86_64\bin\zip.dll
Event: 0.230 Loaded shared library C:\Users\fer\.vscode\extensions\redhat.java-1.44.0-win32-x64\jre\21.0.8-win32-x86_64\bin\instrument.dll
Event: 0.239 Loaded shared library C:\Users\fer\.vscode\extensions\redhat.java-1.44.0-win32-x64\jre\21.0.8-win32-x86_64\bin\net.dll
Event: 0.242 Loaded shared library C:\Users\fer\.vscode\extensions\redhat.java-1.44.0-win32-x64\jre\21.0.8-win32-x86_64\bin\nio.dll
Event: 0.247 Loaded shared library C:\Users\fer\.vscode\extensions\redhat.java-1.44.0-win32-x64\jre\21.0.8-win32-x86_64\bin\zip.dll
Event: 0.295 Loaded shared library C:\Users\fer\.vscode\extensions\redhat.java-1.44.0-win32-x64\jre\21.0.8-win32-x86_64\bin\jimage.dll
Event: 0.484 Loaded shared library c:\Users\fer\.vscode\extensions\redhat.java-1.44.0-win32-x64\jre\21.0.8-win32-x86_64\bin\verify.dll
Event: 2.059 Loaded shared library C:\Users\fer\AppData\Roaming\Code\User\globalStorage\redhat.java\1.44.0\config_win\org.eclipse.equinox.launcher\org.eclipse.equinox.launcher.win32.win32.x86_64_1.2.1400.v20250730-1736\eclipse_11913.dll
Event: 4.125 Loaded shared library C:\Users\fer\AppData\Local\Temp\jna-101267\jna3414256483877310398.dll

Deoptimization events (20 events):
Event: 19.067 Thread 0x000002396a59ee50 Uncommon trap: trap_request=0xffffffd6 fr.pc=0x0000023908247060 relative=0x00000000000001c0
Event: 19.067 Thread 0x000002396a59ee50 Uncommon trap: reason=array_check action=maybe_recompile pc=0x0000023908247060 method=java.util.Arrays.fill([Ljava/lang/Object;Ljava/lang/Object;)V @ 13 c2
Event: 19.067 Thread 0x000002396a59ee50 DEOPT PACKING pc=0x0000023908247060 sp=0x00000047a5bfef50
Event: 19.067 Thread 0x000002396a59ee50 DEOPT UNPACKING pc=0x00000239074a3aa2 sp=0x00000047a5bfeef0 mode 2
Event: 19.067 Thread 0x000002396a59ee50 Uncommon trap: trap_request=0xffffffd6 fr.pc=0x0000023908247060 relative=0x00000000000001c0
Event: 19.067 Thread 0x000002396a59ee50 Uncommon trap: reason=array_check action=maybe_recompile pc=0x0000023908247060 method=java.util.Arrays.fill([Ljava/lang/Object;Ljava/lang/Object;)V @ 13 c2
Event: 19.067 Thread 0x000002396a59ee50 DEOPT PACKING pc=0x0000023908247060 sp=0x00000047a5bfef50
Event: 19.067 Thread 0x000002396a59ee50 DEOPT UNPACKING pc=0x00000239074a3aa2 sp=0x00000047a5bfeef0 mode 2
Event: 19.067 Thread 0x000002396a59ee50 Uncommon trap: trap_request=0xffffffbe fr.pc=0x00000239082464f4 relative=0x0000000000000254
Event: 19.067 Thread 0x000002396a59ee50 Uncommon trap: reason=profile_predicate action=maybe_recompile pc=0x00000239082464f4 method=java.util.Arrays.fill([Ljava/lang/Object;Ljava/lang/Object;)V @ 5 c2
Event: 19.067 Thread 0x000002396a59ee50 DEOPT PACKING pc=0x00000239082464f4 sp=0x00000047a5bfef30
Event: 19.067 Thread 0x000002396a59ee50 DEOPT UNPACKING pc=0x00000239074a3aa2 sp=0x00000047a5bfef08 mode 2
Event: 20.450 Thread 0x00000239582d9d90 Uncommon trap: trap_request=0xffffff45 fr.pc=0x00000239081b9678 relative=0x00000000000023d8
Event: 20.450 Thread 0x00000239582d9d90 Uncommon trap: reason=unstable_if action=reinterpret pc=0x00000239081b9678 method=org.eclipse.jdt.internal.compiler.util.Util.isClassFileName(Ljava/lang/String;)Z @ 20 c2
Event: 20.450 Thread 0x00000239582d9d90 DEOPT PACKING pc=0x00000239081b9678 sp=0x00000047a3efee00
Event: 20.450 Thread 0x00000239582d9d90 DEOPT UNPACKING pc=0x00000239074a3aa2 sp=0x00000047a3efed58 mode 2
Event: 20.546 Thread 0x00000239582d9d90 Uncommon trap: trap_request=0xffffff45 fr.pc=0x000002390824464c relative=0x0000000000000cac
Event: 20.546 Thread 0x00000239582d9d90 Uncommon trap: reason=unstable_if action=reinterpret pc=0x000002390824464c method=org.eclipse.jdt.internal.compiler.classfmt.AnnotationInfo.scanAnnotation(IZZ)I @ 209 c2
Event: 20.546 Thread 0x00000239582d9d90 DEOPT PACKING pc=0x000002390824464c sp=0x00000047a3efe7e0
Event: 20.546 Thread 0x00000239582d9d90 DEOPT UNPACKING pc=0x00000239074a3aa2 sp=0x00000047a3efe778 mode 2

Classes loaded (20 events):
Event: 12.424 Loading class jdk/internal/module/IllegalAccessLogger
Event: 12.424 Loading class jdk/internal/module/IllegalAccessLogger done
Event: 12.434 Loading class java/util/concurrent/ArrayBlockingQueue
Event: 12.435 Loading class java/util/concurrent/ArrayBlockingQueue done
Event: 12.500 Loading class java/util/Hashtable$ValueCollection
Event: 12.501 Loading class java/util/Hashtable$ValueCollection done
Event: 12.504 Loading class java/util/concurrent/ConcurrentHashMap$KeySpliterator
Event: 12.504 Loading class java/util/concurrent/ConcurrentHashMap$KeySpliterator done
Event: 12.515 Loading class sun/nio/ch/ChannelOutputStream
Event: 12.515 Loading class sun/nio/ch/ChannelOutputStream done
Event: 13.732 Loading class java/util/stream/ReferencePipeline$4
Event: 13.732 Loading class java/util/stream/ReferencePipeline$4 done
Event: 13.733 Loading class java/util/stream/Nodes$IntFixedNodeBuilder
Event: 13.733 Loading class java/util/stream/Node$Builder$OfInt
Event: 13.733 Loading class java/util/stream/Node$Builder$OfInt done
Event: 13.733 Loading class java/util/stream/Nodes$IntArrayNode
Event: 13.733 Loading class java/util/stream/Nodes$IntArrayNode done
Event: 13.733 Loading class java/util/stream/Nodes$IntFixedNodeBuilder done
Event: 13.733 Loading class java/util/stream/ReferencePipeline$4$1
Event: 13.734 Loading class java/util/stream/ReferencePipeline$4$1 done

Classes unloaded (7 events):
Event: 5.000 Thread 0x000002397dbb3d30 Unloading class 0x00000239141ad000 'java/lang/invoke/LambdaForm$MH+0x00000239141ad000'
Event: 5.000 Thread 0x000002397dbb3d30 Unloading class 0x00000239141acc00 'java/lang/invoke/LambdaForm$MH+0x00000239141acc00'
Event: 5.000 Thread 0x000002397dbb3d30 Unloading class 0x00000239141ac800 'java/lang/invoke/LambdaForm$MH+0x00000239141ac800'
Event: 5.000 Thread 0x000002397dbb3d30 Unloading class 0x00000239141ac400 'java/lang/invoke/LambdaForm$MH+0x00000239141ac400'
Event: 5.000 Thread 0x000002397dbb3d30 Unloading class 0x00000239141ac000 'java/lang/invoke/LambdaForm$BMH+0x00000239141ac000'
Event: 5.000 Thread 0x000002397dbb3d30 Unloading class 0x00000239141abc00 'java/lang/invoke/LambdaForm$DMH+0x00000239141abc00'
Event: 5.000 Thread 0x000002397dbb3d30 Unloading class 0x00000239141aa800 'java/lang/invoke/LambdaForm$DMH+0x00000239141aa800'

Classes redefined (0 events):
No events

Internal exceptions (20 events):
Event: 9.656 Thread 0x000002395a761e40 Exception <a 'java/lang/IncompatibleClassChangeError'{0x00000000d5615ff0}: Found class java.lang.Object, but interface was expected> (0x00000000d5615ff0) 
thrown [s\src\hotspot\share\interpreter\linkResolver.cpp, line 840]
Event: 10.042 Thread 0x00000239582d7cc0 Exception <a 'sun/nio/fs/WindowsException'{0x00000000d55fde70}> (0x00000000d55fde70) 
thrown [s\src\hotspot\share\prims\jni.cpp, line 520]
Event: 10.049 Thread 0x00000239637d14d0 Exception <a 'sun/nio/fs/WindowsException'{0x00000000d56bafc8}> (0x00000000d56bafc8) 
thrown [s\src\hotspot\share\prims\jni.cpp, line 520]
Event: 10.051 Thread 0x00000239637ce050 Exception <a 'sun/nio/fs/WindowsException'{0x00000000d572ed00}> (0x00000000d572ed00) 
thrown [s\src\hotspot\share\prims\jni.cpp, line 520]
Event: 10.052 Thread 0x00000239637ce6e0 Exception <a 'sun/nio/fs/WindowsException'{0x00000000d5790720}> (0x00000000d5790720) 
thrown [s\src\hotspot\share\prims\jni.cpp, line 520]
Event: 10.052 Thread 0x00000239637d2880 Exception <a 'sun/nio/fs/WindowsException'{0x00000000d57dd738}> (0x00000000d57dd738) 
thrown [s\src\hotspot\share\prims\jni.cpp, line 520]
Event: 10.054 Thread 0x00000239637d0e40 Exception <a 'sun/nio/fs/WindowsException'{0x00000000d57d0f70}> (0x00000000d57d0f70) 
thrown [s\src\hotspot\share\prims\jni.cpp, line 520]
Event: 10.057 Thread 0x00000239637d21f0 Exception <a 'sun/nio/fs/WindowsException'{0x00000000d5811118}> (0x00000000d5811118) 
thrown [s\src\hotspot\share\prims\jni.cpp, line 520]
Event: 10.058 Thread 0x00000239637cfa90 Exception <a 'sun/nio/fs/WindowsException'{0x00000000d581e3d0}> (0x00000000d581e3d0) 
thrown [s\src\hotspot\share\prims\jni.cpp, line 520]
Event: 10.066 Thread 0x00000239637ce6e0 Exception <a 'sun/nio/fs/WindowsException'{0x00000000d5793070}> (0x00000000d5793070) 
thrown [s\src\hotspot\share\prims\jni.cpp, line 520]
Event: 10.073 Thread 0x00000239637d1b60 Exception <a 'sun/nio/fs/WindowsException'{0x00000000d57ea510}> (0x00000000d57ea510) 
thrown [s\src\hotspot\share\prims\jni.cpp, line 520]
Event: 10.073 Thread 0x00000239637d35a0 Exception <a 'sun/nio/fs/WindowsException'{0x00000000d582b870}> (0x00000000d582b870) 
thrown [s\src\hotspot\share\prims\jni.cpp, line 520]
Event: 10.499 Thread 0x00000239582d9d90 Implicit null exception at 0x0000023908080635 to 0x0000023908087044
Event: 11.686 Thread 0x00000239582d7cc0 Exception <a 'java/lang/NoSuchMethodError'{0x00000000d5596310}: 'void java.lang.invoke.DelegatingMethodHandle$Holder.reinvoke_L(java.lang.Object, java.lang.Object, java.lang.Object, int, java.lang.Object, int, int)'> (0x00000000d5596310) 
thrown [s\src\hotspot\share\interpreter\linkResolver.cpp, line 773]
Event: 11.703 Thread 0x00000239582d7cc0 Exception <a 'java/lang/NoSuchMethodError'{0x00000000d59b0690}: 'java.lang.Object java.lang.invoke.DirectMethodHandle$Holder.invokeStatic(java.lang.Object, java.lang.Object, int, int)'> (0x00000000d59b0690) 
thrown [s\src\hotspot\share\interpreter\linkResolver.cpp, line 773]
Event: 11.706 Thread 0x00000239582d7cc0 Exception <a 'java/lang/NoSuchMethodError'{0x00000000d5594cc8}: 'java.lang.Object java.lang.invoke.DirectMethodHandle$Holder.invokeSpecial(java.lang.Object, java.lang.Object, java.lang.Object, int, int)'> (0x00000000d5594cc8) 
thrown [s\src\hotspot\share\interpreter\linkResolver.cpp, line 773]
Event: 11.952 Thread 0x00000239582d7cc0 Exception <a 'java/lang/NoSuchMethodError'{0x00000000d587c180}: 'int java.lang.invoke.DirectMethodHandle$Holder.invokeSpecialIFC(java.lang.Object, java.lang.Object, java.lang.Object)'> (0x00000000d587c180) 
thrown [s\src\hotspot\share\interpreter\linkResolver.cpp, line 773]
Event: 12.370 Thread 0x00000239582d7cc0 Implicit null exception at 0x0000023907e79bcb to 0x0000023907e79d3c
Event: 12.509 Thread 0x00000239582d7cc0 Exception <a 'java/lang/NoSuchMethodError'{0x00000000d5595810}: 'java.lang.Object java.lang.invoke.DirectMethodHandle$Holder.newInvokeSpecial(java.lang.Object, java.lang.Object, int, int, java.lang.Object)'> (0x00000000d5595810) 
thrown [s\src\hotspot\share\interpreter\linkResolver.cpp, line 773]
Event: 20.453 Thread 0x000002396a59ee50 Exception <a 'java/lang/NoSuchMethodError'{0x00000000d59ef0b8}: 'void java.lang.invoke.DirectMethodHandle$Holder.invokeStatic(java.lang.Object, int, java.lang.Object)'> (0x00000000d59ef0b8) 
thrown [s\src\hotspot\share\interpreter\linkResolver.cpp, line 773]

ZGC Phase Switch (0 events):
No events

VM Operations (20 events):
Event: 20.380 Executing VM operation: ParallelGCFailedAllocation (Allocation Failure) done
Event: 20.397 Executing VM operation: ParallelGCFailedAllocation (Allocation Failure)
Event: 20.398 Executing VM operation: ParallelGCFailedAllocation (Allocation Failure) done
Event: 20.417 Executing VM operation: ParallelGCFailedAllocation (Allocation Failure)
Event: 20.419 Executing VM operation: ParallelGCFailedAllocation (Allocation Failure) done
Event: 20.432 Executing VM operation: ParallelGCFailedAllocation (Allocation Failure)
Event: 20.439 Executing VM operation: ParallelGCFailedAllocation (Allocation Failure) done
Event: 20.455 Executing VM operation: ParallelGCFailedAllocation (Allocation Failure)
Event: 20.457 Executing VM operation: ParallelGCFailedAllocation (Allocation Failure) done
Event: 20.483 Executing VM operation: ParallelGCFailedAllocation (Allocation Failure)
Event: 20.486 Executing VM operation: ParallelGCFailedAllocation (Allocation Failure) done
Event: 20.511 Executing VM operation: ParallelGCFailedAllocation (Allocation Failure)
Event: 20.513 Executing VM operation: ParallelGCFailedAllocation (Allocation Failure) done
Event: 20.538 Executing VM operation: ParallelGCFailedAllocation (Allocation Failure)
Event: 20.541 Executing VM operation: ParallelGCFailedAllocation (Allocation Failure) done
Event: 20.569 Executing VM operation: ParallelGCFailedAllocation (Allocation Failure)
Event: 20.571 Executing VM operation: ParallelGCFailedAllocation (Allocation Failure) done
Event: 20.583 Executing VM operation: ParallelGCFailedAllocation (Allocation Failure)
Event: 22.578 Executing VM operation: ParallelGCFailedAllocation (Allocation Failure) done
Event: 22.589 Executing VM operation: ParallelGCFailedAllocation (Allocation Failure)

Memory protections (0 events):
No events

Nmethod flushes (20 events):
Event: 20.177 Thread 0x000002397dbb3d30 flushing  nmethod 0x0000023900a04c90
Event: 20.177 Thread 0x000002397dbb3d30 flushing osr nmethod 0x0000023900a16190
Event: 20.177 Thread 0x000002397dbb3d30 flushing  nmethod 0x0000023900a19210
Event: 20.177 Thread 0x000002397dbb3d30 flushing  nmethod 0x0000023900a39490
Event: 20.177 Thread 0x000002397dbb3d30 flushing  nmethod 0x0000023900a3c890
Event: 20.177 Thread 0x000002397dbb3d30 flushing  nmethod 0x0000023900a43b10
Event: 20.177 Thread 0x000002397dbb3d30 flushing  nmethod 0x0000023900a44a90
Event: 20.177 Thread 0x000002397dbb3d30 flushing  nmethod 0x0000023900a45990
Event: 20.177 Thread 0x000002397dbb3d30 flushing  nmethod 0x0000023900a46210
Event: 20.177 Thread 0x000002397dbb3d30 flushing  nmethod 0x0000023900a46590
Event: 20.177 Thread 0x000002397dbb3d30 flushing  nmethod 0x0000023900a49b90
Event: 20.177 Thread 0x000002397dbb3d30 flushing  nmethod 0x0000023900a5fa10
Event: 20.177 Thread 0x000002397dbb3d30 flushing  nmethod 0x0000023900a65b10
Event: 20.177 Thread 0x000002397dbb3d30 flushing  nmethod 0x0000023900ab2090
Event: 20.177 Thread 0x000002397dbb3d30 flushing  nmethod 0x0000023900adcc10
Event: 20.177 Thread 0x000002397dbb3d30 flushing  nmethod 0x0000023900b01a10
Event: 20.177 Thread 0x000002397dbb3d30 flushing  nmethod 0x0000023900b02210
Event: 20.177 Thread 0x000002397dbb3d30 flushing  nmethod 0x0000023900b03790
Event: 20.177 Thread 0x000002397dbb3d30 flushing  nmethod 0x0000023900b0a610
Event: 20.177 Thread 0x000002397dbb3d30 flushing  nmethod 0x0000023900b10d90

Events (20 events):
Event: 12.435 Thread 0x00000239582d7cc0 Thread added: 0x000002396a59ee50
Event: 12.511 Thread 0x00000239582d7cc0 Thread added: 0x000002396a59f4e0
Event: 12.519 Thread 0x00000239582d7cc0 Thread added: 0x000002396a59fb70
Event: 12.679 Thread 0x00000239582d7cc0 Thread added: 0x000002396a5a0200
Event: 12.685 Thread 0x00000239582d7cc0 Thread added: 0x000002396a5a0890
Event: 12.689 Thread 0x00000239582d7cc0 Thread added: 0x000002396af904d0
Event: 13.725 Thread 0x00000239582d7cc0 Thread added: 0x000002396af8d6e0
Event: 13.734 Thread 0x00000239582d7cc0 Thread added: 0x000002396af8fe40
Event: 14.776 Thread 0x000002397de48590 Thread exited: 0x000002397de48590
Event: 14.816 Thread 0x00000239582d7cc0 Thread added: 0x000002396af8f7b0
Event: 15.838 Thread 0x00000239582d7cc0 Thread added: 0x000002396af8dd70
Event: 15.839 Thread 0x00000239582d7cc0 Thread added: 0x000002396af8ea90
Event: 15.839 Thread 0x00000239582d7cc0 Thread added: 0x000002396af8e400
Event: 15.841 Thread 0x00000239582d7cc0 Thread added: 0x000002396af8f120
Event: 18.908 Thread 0x00000239582d7cc0 Thread added: 0x0000023958e82ee0
Event: 18.916 Thread 0x00000239582d7cc0 Thread added: 0x0000023958e84920
Event: 20.111 Thread 0x000002395a5744f0 Thread exited: 0x000002395a5744f0
Event: 20.111 Thread 0x000002395ab6c0f0 Thread exited: 0x000002395ab6c0f0
Event: 20.467 Thread 0x000002397dbbef30 Thread added: 0x000002397fa122e0
Event: 20.467 Thread 0x000002397dcbb170 Thread added: 0x000002397fa13750


Dynamic libraries:
0x00007ff639940000 - 0x00007ff63994e000 	c:\Users\fer\.vscode\extensions\redhat.java-1.44.0-win32-x64\jre\21.0.8-win32-x86_64\bin\java.exe
0x00007ffb05de0000 - 0x00007ffb06047000 	C:\WINDOWS\SYSTEM32\ntdll.dll
0x00007ffb04aa0000 - 0x00007ffb04b69000 	C:\WINDOWS\System32\KERNEL32.DLL
0x00007ffb03440000 - 0x00007ffb03830000 	C:\WINDOWS\System32\KERNELBASE.dll
0x00007ffb03a20000 - 0x00007ffb03b6b000 	C:\WINDOWS\System32\ucrtbase.dll
0x00007ffade290000 - 0x00007ffade2ae000 	c:\Users\fer\.vscode\extensions\redhat.java-1.44.0-win32-x64\jre\21.0.8-win32-x86_64\bin\VCRUNTIME140.dll
0x00007ffadc900000 - 0x00007ffadc918000 	c:\Users\fer\.vscode\extensions\redhat.java-1.44.0-win32-x64\jre\21.0.8-win32-x86_64\bin\jli.dll
0x00007ffb03f50000 - 0x00007ffb04115000 	C:\WINDOWS\System32\USER32.dll
0x00007ffb02fc0000 - 0x00007ffb02fe7000 	C:\WINDOWS\System32\win32u.dll
0x00007ffaecc30000 - 0x00007ffaececa000 	C:\WINDOWS\WinSxS\amd64_microsoft.windows.common-controls_6595b64144ccf1df_6.0.26100.4768_none_3e0c112ce331287c\COMCTL32.dll
0x00007ffb05d00000 - 0x00007ffb05d2b000 	C:\WINDOWS\System32\GDI32.dll
0x00007ffb04bf0000 - 0x00007ffb04c99000 	C:\WINDOWS\System32\msvcrt.dll
0x00007ffb038e0000 - 0x00007ffb03a18000 	C:\WINDOWS\System32\gdi32full.dll
0x00007ffb02f10000 - 0x00007ffb02fb3000 	C:\WINDOWS\System32\msvcp_win.dll
0x00007ffb05a70000 - 0x00007ffb05a9f000 	C:\WINDOWS\System32\IMM32.DLL
0x00007ffafc660000 - 0x00007ffafc66c000 	c:\Users\fer\.vscode\extensions\redhat.java-1.44.0-win32-x64\jre\21.0.8-win32-x86_64\bin\vcruntime140_1.dll
0x00007ffad1000000 - 0x00007ffad108d000 	c:\Users\fer\.vscode\extensions\redhat.java-1.44.0-win32-x64\jre\21.0.8-win32-x86_64\bin\msvcp140.dll
0x00007ffaa18d0000 - 0x00007ffaa2667000 	c:\Users\fer\.vscode\extensions\redhat.java-1.44.0-win32-x64\jre\21.0.8-win32-x86_64\bin\server\jvm.dll
0x00007ffb049e0000 - 0x00007ffb04a94000 	C:\WINDOWS\System32\ADVAPI32.dll
0x00007ffb05c50000 - 0x00007ffb05cf6000 	C:\WINDOWS\System32\sechost.dll
0x00007ffb043c0000 - 0x00007ffb044d8000 	C:\WINDOWS\System32\RPCRT4.dll
0x00007ffb04340000 - 0x00007ffb043b4000 	C:\WINDOWS\System32\WS2_32.dll
0x00007ffaf9b20000 - 0x00007ffaf9b55000 	C:\WINDOWS\SYSTEM32\WINMM.dll
0x00007ffafb590000 - 0x00007ffafb59b000 	C:\WINDOWS\SYSTEM32\VERSION.dll
0x00007ffb02d70000 - 0x00007ffb02dce000 	C:\WINDOWS\SYSTEM32\POWRPROF.dll
0x00007ffb02d50000 - 0x00007ffb02d64000 	C:\WINDOWS\SYSTEM32\UMPDC.dll
0x00007ffb01bf0000 - 0x00007ffb01c0b000 	C:\WINDOWS\SYSTEM32\kernel.appcore.dll
0x00007ffae8db0000 - 0x00007ffae8dba000 	c:\Users\fer\.vscode\extensions\redhat.java-1.44.0-win32-x64\jre\21.0.8-win32-x86_64\bin\jimage.dll
0x00007ffaf9760000 - 0x00007ffaf99a1000 	C:\WINDOWS\SYSTEM32\DBGHELP.DLL
0x00007ffb044e0000 - 0x00007ffb04865000 	C:\WINDOWS\System32\combase.dll
0x00007ffb048f0000 - 0x00007ffb049d0000 	C:\WINDOWS\System32\OLEAUT32.dll
0x00007ffaecbe0000 - 0x00007ffaecc23000 	C:\WINDOWS\SYSTEM32\dbgcore.DLL
0x00007ffb03840000 - 0x00007ffb038d9000 	C:\WINDOWS\System32\bcryptPrimitives.dll
0x00007ffae8780000 - 0x00007ffae878f000 	c:\Users\fer\.vscode\extensions\redhat.java-1.44.0-win32-x64\jre\21.0.8-win32-x86_64\bin\instrument.dll
0x00007ffad4e40000 - 0x00007ffad4e5f000 	c:\Users\fer\.vscode\extensions\redhat.java-1.44.0-win32-x64\jre\21.0.8-win32-x86_64\bin\java.dll
0x00007ffb04ca0000 - 0x00007ffb053ed000 	C:\WINDOWS\System32\SHELL32.dll
0x00007ffb032c0000 - 0x00007ffb03433000 	C:\WINDOWS\System32\wintypes.dll
0x00007ffb00b30000 - 0x00007ffb0138f000 	C:\WINDOWS\SYSTEM32\windows.storage.dll
0x00007ffb03b70000 - 0x00007ffb03c65000 	C:\WINDOWS\System32\SHCORE.dll
0x00007ffb05d30000 - 0x00007ffb05d9a000 	C:\WINDOWS\System32\shlwapi.dll
0x00007ffb02e30000 - 0x00007ffb02e59000 	C:\WINDOWS\SYSTEM32\profapi.dll
0x00007ffad8020000 - 0x00007ffad8038000 	c:\Users\fer\.vscode\extensions\redhat.java-1.44.0-win32-x64\jre\21.0.8-win32-x86_64\bin\zip.dll
0x00007ffae0780000 - 0x00007ffae0790000 	C:\Users\fer\.vscode\extensions\redhat.java-1.44.0-win32-x64\jre\21.0.8-win32-x86_64\bin\net.dll
0x00007ffafb8c0000 - 0x00007ffafb9de000 	C:\WINDOWS\SYSTEM32\WINHTTP.dll
0x00007ffb02220000 - 0x00007ffb0228b000 	C:\WINDOWS\system32\mswsock.dll
0x00007ffad0640000 - 0x00007ffad0656000 	C:\Users\fer\.vscode\extensions\redhat.java-1.44.0-win32-x64\jre\21.0.8-win32-x86_64\bin\nio.dll
0x00007ffadf6e0000 - 0x00007ffadf6f0000 	c:\Users\fer\.vscode\extensions\redhat.java-1.44.0-win32-x64\jre\21.0.8-win32-x86_64\bin\verify.dll
0x00007ffacbe50000 - 0x00007ffacbe95000 	C:\Users\fer\AppData\Roaming\Code\User\globalStorage\redhat.java\1.44.0\config_win\org.eclipse.equinox.launcher\org.eclipse.equinox.launcher.win32.win32.x86_64_1.2.1400.v20250730-1736\eclipse_11913.dll
0x00007ffb03d90000 - 0x00007ffb03f30000 	C:\WINDOWS\System32\ole32.dll
0x00007ffb024e0000 - 0x00007ffb024fb000 	C:\WINDOWS\SYSTEM32\CRYPTSP.dll
0x00007ffb01c10000 - 0x00007ffb01c4b000 	C:\WINDOWS\system32\rsaenh.dll
0x00007ffb022c0000 - 0x00007ffb022eb000 	C:\WINDOWS\SYSTEM32\USERENV.dll
0x00007ffb02e00000 - 0x00007ffb02e26000 	C:\WINDOWS\SYSTEM32\bcrypt.dll
0x00007ffb02500000 - 0x00007ffb0250c000 	C:\WINDOWS\SYSTEM32\CRYPTBASE.dll
0x00007ffb016f0000 - 0x00007ffb01723000 	C:\WINDOWS\SYSTEM32\IPHLPAPI.DLL
0x00007ffb03f40000 - 0x00007ffb03f4a000 	C:\WINDOWS\System32\NSI.dll
0x00007ffac8470000 - 0x00007ffac84b9000 	C:\Users\fer\AppData\Local\Temp\jna-101267\jna3414256483877310398.dll
0x00007ffb03cf0000 - 0x00007ffb03cf8000 	C:\WINDOWS\System32\PSAPI.DLL
0x00007ffafb610000 - 0x00007ffafb62f000 	C:\WINDOWS\SYSTEM32\dhcpcsvc6.DLL
0x00007ffafb560000 - 0x00007ffafb585000 	C:\WINDOWS\SYSTEM32\dhcpcsvc.DLL

JVMTI agents:
c:\Users\fer\.vscode\extensions\redhat.java-1.44.0-win32-x64\lombok\lombok-1.18.39-4050.jar path:c:\Users\fer\.vscode\extensions\redhat.java-1.44.0-win32-x64\jre\21.0.8-win32-x86_64\bin\instrument.dll, loaded, initialized, instrumentlib options:none

dbghelp: loaded successfully - version: 4.0.5 - missing functions: none
symbol engine: initialized successfully - sym options: 0x614 - pdb path: .;c:\Users\fer\.vscode\extensions\redhat.java-1.44.0-win32-x64\jre\21.0.8-win32-x86_64\bin;C:\WINDOWS\SYSTEM32;C:\WINDOWS\WinSxS\amd64_microsoft.windows.common-controls_6595b64144ccf1df_6.0.26100.4768_none_3e0c112ce331287c;c:\Users\fer\.vscode\extensions\redhat.java-1.44.0-win32-x64\jre\21.0.8-win32-x86_64\bin\server;C:\Users\fer\AppData\Roaming\Code\User\globalStorage\redhat.java\1.44.0\config_win\org.eclipse.equinox.launcher\org.eclipse.equinox.launcher.win32.win32.x86_64_1.2.1400.v20250730-1736;C:\Users\fer\AppData\Local\Temp\jna-101267

VM Arguments:
jvm_args: --add-modules=ALL-SYSTEM --add-opens=java.base/java.util=ALL-UNNAMED --add-opens=java.base/java.lang=ALL-UNNAMED --add-opens=java.base/sun.nio.fs=ALL-UNNAMED -Declipse.application=org.eclipse.jdt.ls.core.id1 -Dosgi.bundles.defaultStartLevel=4 -Declipse.product=org.eclipse.jdt.ls.core.product -Djava.import.generatesMetadataFilesAtProjectRoot=false -DDetectVMInstallationsJob.disabled=true -Dfile.encoding=utf8 -XX:+UseParallelGC -XX:GCTimeRatio=4 -XX:AdaptiveSizePolicyWeight=90 -Dsun.zip.disableMemoryMapping=true -Xmx2G -Xms100m -Xlog:disable -javaagent:c:\Users\fer\.vscode\extensions\redhat.java-1.44.0-win32-x64\lombok\lombok-1.18.39-4050.jar -XX:+HeapDumpOnOutOfMemoryError -XX:HeapDumpPath=c:\Users\fer\AppData\Roaming\Code\User\workspaceStorage\264fabb98e775877978eaacb758c2d45\redhat.java -Daether.dependencyCollector.impl=bf 
java_command: c:\Users\fer\.vscode\extensions\redhat.java-1.44.0-win32-x64\server\plugins\org.eclipse.equinox.launcher_1.7.0.v20250519-0528.jar -configuration c:\Users\fer\AppData\Roaming\Code\User\globalStorage\redhat.java\1.44.0\config_win -data c:\Users\fer\AppData\Roaming\Code\User\workspaceStorage\264fabb98e775877978eaacb758c2d45\redhat.java\jdt_ws --pipe=\\.\pipe\lsp-d94ea162401c5321a96a4239ef330948-sock
java_class_path (initial): c:\Users\fer\.vscode\extensions\redhat.java-1.44.0-win32-x64\server\plugins\org.eclipse.equinox.launcher_1.7.0.v20250519-0528.jar
Launcher Type: SUN_STANDARD

[Global flags]
    uintx AdaptiveSizePolicyWeight                 = 90                                        {product} {command line}
     intx CICompilerCount                          = 12                                        {product} {ergonomic}
    uintx GCTimeRatio                              = 4                                         {product} {command line}
     bool HeapDumpOnOutOfMemoryError               = true                                   {manageable} {command line}
    ccstr HeapDumpPath                             = c:\Users\fer\AppData\Roaming\Code\User\workspaceStorage\264fabb98e775877978eaacb758c2d45\redhat.java         {manageable} {command line}
   size_t InitialHeapSize                          = 104857600                                 {product} {command line}
   size_t MaxHeapSize                              = 2147483648                                {product} {command line}
   size_t MaxNewSize                               = 715653120                                 {product} {ergonomic}
   size_t MinHeapDeltaBytes                        = 524288                                    {product} {ergonomic}
   size_t MinHeapSize                              = 104857600                                 {product} {command line}
   size_t NewSize                                  = 34603008                                  {product} {ergonomic}
    uintx NonNMethodCodeHeapSize                   = 7602480                                {pd product} {ergonomic}
    uintx NonProfiledCodeHeapSize                  = 122027880                              {pd product} {ergonomic}
   size_t OldSize                                  = 70254592                                  {product} {ergonomic}
    uintx ProfiledCodeHeapSize                     = 122027880                              {pd product} {ergonomic}
    uintx ReservedCodeCacheSize                    = 251658240                              {pd product} {ergonomic}
     bool SegmentedCodeCache                       = true                                      {product} {ergonomic}
   size_t SoftMaxHeapSize                          = 2147483648                             {manageable} {ergonomic}
     bool UseCompressedOops                        = true                           {product lp64_product} {ergonomic}
     bool UseLargePagesIndividualAllocation        = false                                  {pd product} {ergonomic}
     bool UseParallelGC                            = true                                      {product} {command line}

Logging:
Log output configuration:
 #0: stdout all=off uptime,level,tags foldmultilines=false
 #1: stderr all=off uptime,level,tags foldmultilines=false

Environment Variables:
JAVA_HOME=C:\Program Files\Java\jdk-17
PATH=C:\Program Files\Common Files\Oracle\Java\javapath;C:\Program Files (x86)\Common Files\Oracle\Java\java8path;C:\Program Files (x86)\Common Files\Oracle\Java\javapath;C:\WINDOWS\system32;C:\WINDOWS;C:\WINDOWS\System32\Wbem;C:\WINDOWS\System32\WindowsPowerShell\v1.0\;C:\WINDOWS\System32\OpenSSH\;C:\Program Files\MongoDB\Server\8.0\bin;C:\php;C:\Program Files\Git\cmd;C:\Program Files\dotnet\;C:\ProgramData\ComposerSetup\bin;C:\Program Files\Amazon\AWSCLIV2\;C:\Program Files\Microsoft SQL Server\150\Tools\Binn\;C:\Program Files\Go\bin;C:\Program Files\nodejs\;C:\Program Files\Apache\Maven\\bin;C:\ffmpeg\bin;C:\Users\fer\AppData\Local\Programs\Python\Launcher\;C:\Users\fer\AppData\Local\Microsoft\WindowsApps;C:\Users\fer\AppData\Local\Programs\Microsoft VS Code\bin;C:\Users\fer\AppData\Local\Programs\mongosh\;C:\Program Files\JetBrains\IntelliJ IDEA 2024.3\bin;;C:\Users\fer\AppData\Roaming\Composer\vendor\bin;C:\Program Files\JetBrains\WebStorm 2024.3.2.1\bin;;C:\Program Files\Java\jdk-17\bin;C:\Program Files\ant\bin;C:\Users\fer\AppData\Local\Google\Cloud SDK\google-cloud-sdk\bin;C:\Users\fer\go\bin;C:\Users\fer\AppData\Roaming\npm
USERNAME=fer
OS=Windows_NT
PROCESSOR_IDENTIFIER=AMD64 Family 23 Model 104 Stepping 1, AuthenticAMD
TMP=C:\Users\fer\AppData\Local\Temp
TEMP=C:\Users\fer\AppData\Local\Temp




Periodic native trim disabled

---------------  S Y S T E M  ---------------

OS:
 Windows 11 , 64 bit Build 26100 (10.0.26100.4768)
OS uptime: 0 days 15:55 hours

CPU: total 16 (initial active 16) (16 cores per cpu, 2 threads per core) family 23 model 104 stepping 1 microcode 0x8608102, cx8, cmov, fxsr, ht, mmx, 3dnowpref, sse, sse2, sse3, ssse3, sse4a, sse4.1, sse4.2, popcnt, lzcnt, tsc, tscinvbit, avx, avx2, aes, clmul, bmi1, bmi2, adx, sha, fma, vzeroupper, clflush, clflushopt, rdtscp, rdpid, f16c
Processor Information for the first 16 processors :
  Max Mhz: 1801, Current Mhz: 1801, Mhz Limit: 1801

Memory: 4k page, system-wide physical 15722M (3835M free)
TotalPageFile size 64874M (AvailPageFile size 0M)
current process WorkingSet (physical memory assigned to process): 636M, peak: 636M
current process commit charge ("private bytes"): 624M, peak: 631M

vm_info: OpenJDK 64-Bit Server VM (21.0.8+9-LTS) for windows-amd64 JRE (21.0.8+9-LTS), built on 2025-07-15T00:00:00Z by "admin" with MS VC++ 17.7 (VS2022)

END.
